{"/Users/niyaven/Documents/dev/ajast/config/blueprints.js":{"path":"/Users/niyaven/Documents/dev/ajast/config/blueprints.js","s":{"1":1},"b":{},"f":{},"fnMap":{},"statementMap":{"1":{"start":{"line":26,"column":0},"end":{"line":151,"column":2}}},"branchMap":{}},"/Users/niyaven/Documents/dev/ajast/config/bootstrap.js":{"path":"/Users/niyaven/Documents/dev/ajast/config/bootstrap.js","s":{"1":1,"2":1,"3":1},"b":{},"f":{"1":1},"fnMap":{"1":{"name":"(anonymous_1)","line":12,"loc":{"start":{"line":12,"column":27},"end":{"line":12,"column":40}}}},"statementMap":{"1":{"start":{"line":12,"column":0},"end":{"line":19,"column":2}},"2":{"start":{"line":14,"column":4},"end":{"line":14,"column":45}},"3":{"start":{"line":18,"column":4},"end":{"line":18,"column":9}}},"branchMap":{}},"/Users/niyaven/Documents/dev/ajast/config/connections.js":{"path":"/Users/niyaven/Documents/dev/ajast/config/connections.js","s":{"1":1},"b":{},"f":{},"fnMap":{},"statementMap":{"1":{"start":{"line":22,"column":0},"end":{"line":31,"column":2}}},"branchMap":{}},"/Users/niyaven/Documents/dev/ajast/config/cors.js":{"path":"/Users/niyaven/Documents/dev/ajast/config/cors.js","s":{"1":1},"b":{},"f":{},"fnMap":{},"statementMap":{"1":{"start":{"line":29,"column":0},"end":{"line":78,"column":2}}},"branchMap":{}},"/Users/niyaven/Documents/dev/ajast/config/csrf.js":{"path":"/Users/niyaven/Documents/dev/ajast/config/csrf.js","s":{},"b":{},"f":{},"fnMap":{},"statementMap":{},"branchMap":{}},"/Users/niyaven/Documents/dev/ajast/config/globals.js":{"path":"/Users/niyaven/Documents/dev/ajast/config/globals.js","s":{"1":1},"b":{},"f":{},"fnMap":{},"statementMap":{"1":{"start":{"line":11,"column":0},"end":{"line":63,"column":2}}},"branchMap":{}},"/Users/niyaven/Documents/dev/ajast/config/http.js":{"path":"/Users/niyaven/Documents/dev/ajast/config/http.js","s":{"1":1},"b":{},"f":{},"fnMap":{},"statementMap":{"1":{"start":{"line":12,"column":0},"end":{"line":87,"column":2}}},"branchMap":{}},"/Users/niyaven/Documents/dev/ajast/config/i18n.js":{"path":"/Users/niyaven/Documents/dev/ajast/config/i18n.js","s":{"1":1},"b":{},"f":{},"fnMap":{},"statementMap":{"1":{"start":{"line":18,"column":0},"end":{"line":57,"column":2}}},"branchMap":{}},"/Users/niyaven/Documents/dev/ajast/config/local.js":{"path":"/Users/niyaven/Documents/dev/ajast/config/local.js","s":{"1":2},"b":{"1":[2,0]},"f":{},"fnMap":{},"statementMap":{"1":{"start":{"line":30,"column":0},"end":{"line":128,"column":2}}},"branchMap":{"1":{"line":32,"type":"binary-expr","locations":[{"start":{"line":32,"column":17},"end":{"line":32,"column":37}},{"start":{"line":32,"column":41},"end":{"line":32,"column":54}}]}}},"/Users/niyaven/Documents/dev/ajast/config/log.js":{"path":"/Users/niyaven/Documents/dev/ajast/config/log.js","s":{"1":1},"b":{},"f":{},"fnMap":{},"statementMap":{"1":{"start":{"line":13,"column":0},"end":{"line":29,"column":2}}},"branchMap":{}},"/Users/niyaven/Documents/dev/ajast/config/models.js":{"path":"/Users/niyaven/Documents/dev/ajast/config/models.js","s":{"1":1},"b":{},"f":{},"fnMap":{},"statementMap":{"1":{"start":{"line":12,"column":0},"end":{"line":32,"column":2}}},"branchMap":{}},"/Users/niyaven/Documents/dev/ajast/config/passport.js":{"path":"/Users/niyaven/Documents/dev/ajast/config/passport.js","s":{"1":1},"b":{},"f":{},"fnMap":{},"statementMap":{"1":{"start":{"line":17,"column":0},"end":{"line":20,"column":2}}},"branchMap":{}},"/Users/niyaven/Documents/dev/ajast/config/policies.js":{"path":"/Users/niyaven/Documents/dev/ajast/config/policies.js","s":{"1":1},"b":{},"f":{},"fnMap":{},"statementMap":{"1":{"start":{"line":20,"column":0},"end":{"line":68,"column":2}}},"branchMap":{}},"/Users/niyaven/Documents/dev/ajast/config/routes.js":{"path":"/Users/niyaven/Documents/dev/ajast/config/routes.js","s":{"1":1},"b":{},"f":{},"fnMap":{},"statementMap":{"1":{"start":{"line":23,"column":0},"end":{"line":105,"column":2}}},"branchMap":{}},"/Users/niyaven/Documents/dev/ajast/config/session.js":{"path":"/Users/niyaven/Documents/dev/ajast/config/session.js","s":{"1":1},"b":{},"f":{},"fnMap":{},"statementMap":{"1":{"start":{"line":15,"column":0},"end":{"line":37,"column":2}}},"branchMap":{}},"/Users/niyaven/Documents/dev/ajast/config/sockets.js":{"path":"/Users/niyaven/Documents/dev/ajast/config/sockets.js","s":{"1":1},"b":{},"f":{},"fnMap":{},"statementMap":{"1":{"start":{"line":13,"column":0},"end":{"line":135,"column":2}}},"branchMap":{}},"/Users/niyaven/Documents/dev/ajast/config/views.js":{"path":"/Users/niyaven/Documents/dev/ajast/config/views.js","s":{"1":1},"b":{},"f":{},"fnMap":{},"statementMap":{"1":{"start":{"line":14,"column":0},"end":{"line":95,"column":2}}},"branchMap":{}},"/Users/niyaven/Documents/dev/ajast/config/env/test.js":{"path":"/Users/niyaven/Documents/dev/ajast/config/env/test.js","s":{"1":1},"b":{},"f":{},"fnMap":{},"statementMap":{"1":{"start":{"line":5,"column":0},"end":{"line":9,"column":2}}},"branchMap":{}},"/Users/niyaven/Documents/dev/ajast/api/models/Archetype.js":{"path":"/Users/niyaven/Documents/dev/ajast/api/models/Archetype.js","s":{"1":1},"b":{},"f":{},"fnMap":{},"statementMap":{"1":{"start":{"line":8,"column":0},"end":{"line":13,"column":2}}},"branchMap":{}},"/Users/niyaven/Documents/dev/ajast/api/models/Character.js":{"path":"/Users/niyaven/Documents/dev/ajast/api/models/Character.js","s":{"1":1,"2":90,"3":90,"4":21,"5":17,"6":4,"7":90,"8":2,"9":88},"b":{"1":[17,4],"2":[2,88]},"f":{"1":90},"fnMap":{"1":{"name":"(anonymous_1)","line":38,"loc":{"start":{"line":38,"column":19},"end":{"line":38,"column":43}}}},"statementMap":{"1":{"start":{"line":8,"column":0},"end":{"line":50,"column":2}},"2":{"start":{"line":39,"column":8},"end":{"line":40,"column":65}},"3":{"start":{"line":42,"column":8},"end":{"line":45,"column":9}},"4":{"start":{"line":43,"column":12},"end":{"line":44,"column":47}},"5":{"start":{"line":43,"column":43},"end":{"line":43,"column":54}},"6":{"start":{"line":44,"column":17},"end":{"line":44,"column":47}},"7":{"start":{"line":47,"column":8},"end":{"line":48,"column":20}},"8":{"start":{"line":47,"column":23},"end":{"line":47,"column":35}},"9":{"start":{"line":48,"column":13},"end":{"line":48,"column":20}}},"branchMap":{"1":{"line":43,"type":"if","locations":[{"start":{"line":43,"column":12},"end":{"line":43,"column":12}},{"start":{"line":43,"column":12},"end":{"line":43,"column":12}}]},"2":{"line":47,"type":"if","locations":[{"start":{"line":47,"column":8},"end":{"line":47,"column":8}},{"start":{"line":47,"column":8},"end":{"line":47,"column":8}}]}}},"/Users/niyaven/Documents/dev/ajast/api/models/Fight.js":{"path":"/Users/niyaven/Documents/dev/ajast/api/models/Fight.js","s":{"1":1,"2":1,"3":1,"4":1},"b":{},"f":{"1":1},"fnMap":{"1":{"name":"(anonymous_1)","line":15,"loc":{"start":{"line":15,"column":18},"end":{"line":15,"column":39}}}},"statementMap":{"1":{"start":{"line":7,"column":0},"end":{"line":7,"column":40}},"2":{"start":{"line":9,"column":0},"end":{"line":19,"column":2}},"3":{"start":{"line":16,"column":8},"end":{"line":16,"column":38}},"4":{"start":{"line":17,"column":8},"end":{"line":17,"column":13}}},"branchMap":{}},"/Users/niyaven/Documents/dev/ajast/api/models/FreeCompany.js":{"path":"/Users/niyaven/Documents/dev/ajast/api/models/FreeCompany.js","s":{"1":1,"2":3,"3":3,"4":3,"5":3,"6":1,"7":2,"8":2,"9":2,"10":2,"11":3,"12":3,"13":2,"14":1,"15":1,"16":1,"17":1,"18":3,"19":3,"20":3,"21":3,"22":3,"23":3,"24":0,"25":3,"26":2},"b":{"1":[1,2],"2":[2,0],"3":[2,2],"4":[2,1],"5":[1,0],"6":[0,3],"7":[3,0],"8":[2,1]},"f":{"1":3,"2":3,"3":3,"4":3,"5":3,"6":3,"7":3,"8":3},"fnMap":{"1":{"name":"(anonymous_1)","line":27,"loc":{"start":{"line":27,"column":21},"end":{"line":27,"column":59}}},"2":{"name":"(anonymous_2)","line":44,"loc":{"start":{"line":44,"column":14},"end":{"line":44,"column":43}}},"3":{"name":"(anonymous_3)","line":60,"loc":{"start":{"line":60,"column":24},"end":{"line":60,"column":41}}},"4":{"name":"(anonymous_4)","line":61,"loc":{"start":{"line":61,"column":84},"end":{"line":61,"column":106}}},"5":{"name":"(anonymous_5)","line":64,"loc":{"start":{"line":64,"column":30},"end":{"line":64,"column":49}}},"6":{"name":"(anonymous_6)","line":69,"loc":{"start":{"line":69,"column":23},"end":{"line":69,"column":42}}},"7":{"name":"(anonymous_7)","line":72,"loc":{"start":{"line":72,"column":15},"end":{"line":72,"column":35}}},"8":{"name":"(anonymous_8)","line":73,"loc":{"start":{"line":73,"column":108},"end":{"line":73,"column":130}}}},"statementMap":{"1":{"start":{"line":8,"column":0},"end":{"line":81,"column":2}},"2":{"start":{"line":28,"column":8},"end":{"line":28,"column":40}},"3":{"start":{"line":29,"column":8},"end":{"line":29,"column":49}},"4":{"start":{"line":30,"column":8},"end":{"line":30,"column":48}},"5":{"start":{"line":32,"column":8},"end":{"line":41,"column":9}},"6":{"start":{"line":32,"column":36},"end":{"line":32,"column":54}},"7":{"start":{"line":35,"column":12},"end":{"line":39,"column":13}},"8":{"start":{"line":36,"column":16},"end":{"line":38,"column":17}},"9":{"start":{"line":37,"column":20},"end":{"line":37,"column":51}},"10":{"start":{"line":40,"column":12},"end":{"line":40,"column":41}},"11":{"start":{"line":45,"column":8},"end":{"line":45,"column":23}},"12":{"start":{"line":46,"column":8},"end":{"line":57,"column":9}},"13":{"start":{"line":48,"column":12},"end":{"line":48,"column":34}},"14":{"start":{"line":51,"column":12},"end":{"line":55,"column":13}},"15":{"start":{"line":52,"column":16},"end":{"line":54,"column":17}},"16":{"start":{"line":53,"column":20},"end":{"line":53,"column":49}},"17":{"start":{"line":56,"column":12},"end":{"line":56,"column":34}},"18":{"start":{"line":61,"column":8},"end":{"line":79,"column":11}},"19":{"start":{"line":62,"column":12},"end":{"line":78,"column":15}},"20":{"start":{"line":65,"column":20},"end":{"line":65,"column":91}},"21":{"start":{"line":70,"column":20},"end":{"line":70,"column":68}},"22":{"start":{"line":73,"column":16},"end":{"line":77,"column":19}},"23":{"start":{"line":75,"column":20},"end":{"line":76,"column":68}},"24":{"start":{"line":75,"column":35},"end":{"line":75,"column":50},"skip":true},"25":{"start":{"line":76,"column":25},"end":{"line":76,"column":68}},"26":{"start":{"line":76,"column":33},"end":{"line":76,"column":68}}},"branchMap":{"1":{"line":32,"type":"if","locations":[{"start":{"line":32,"column":8},"end":{"line":32,"column":8}},{"start":{"line":32,"column":8},"end":{"line":32,"column":8}}]},"2":{"line":36,"type":"if","locations":[{"start":{"line":36,"column":16},"end":{"line":36,"column":16}},{"start":{"line":36,"column":16},"end":{"line":36,"column":16}}]},"3":{"line":36,"type":"binary-expr","locations":[{"start":{"line":36,"column":20},"end":{"line":36,"column":59}},{"start":{"line":36,"column":63},"end":{"line":36,"column":87}}]},"4":{"line":46,"type":"if","locations":[{"start":{"line":46,"column":8},"end":{"line":46,"column":8}},{"start":{"line":46,"column":8},"end":{"line":46,"column":8}}]},"5":{"line":52,"type":"if","locations":[{"start":{"line":52,"column":16},"end":{"line":52,"column":16}},{"start":{"line":52,"column":16},"end":{"line":52,"column":16}}]},"6":{"line":75,"type":"if","locations":[{"start":{"line":75,"column":20},"end":{"line":75,"column":20},"skip":true},{"start":{"line":75,"column":20},"end":{"line":75,"column":20}}]},"7":{"line":75,"type":"binary-expr","locations":[{"start":{"line":75,"column":24},"end":{"line":75,"column":27}},{"start":{"line":75,"column":31},"end":{"line":75,"column":33}}]},"8":{"line":76,"type":"if","locations":[{"start":{"line":76,"column":25},"end":{"line":76,"column":25}},{"start":{"line":76,"column":25},"end":{"line":76,"column":25}}]}}},"/Users/niyaven/Documents/dev/ajast/api/models/God.js":{"path":"/Users/niyaven/Documents/dev/ajast/api/models/God.js","s":{"1":1},"b":{},"f":{},"fnMap":{},"statementMap":{"1":{"start":{"line":8,"column":0},"end":{"line":15,"column":2}}},"branchMap":{}},"/Users/niyaven/Documents/dev/ajast/api/models/Notification.js":{"path":"/Users/niyaven/Documents/dev/ajast/api/models/Notification.js","s":{"1":1},"b":{},"f":{},"fnMap":{},"statementMap":{"1":{"start":{"line":8,"column":0},"end":{"line":15,"column":2}}},"branchMap":{}},"/Users/niyaven/Documents/dev/ajast/api/models/Passport.js":{"path":"/Users/niyaven/Documents/dev/ajast/api/models/Passport.js","s":{"1":1,"2":1,"3":0,"4":0,"5":0,"6":0,"7":0,"8":1,"9":0,"10":0,"11":0,"12":1},"b":{"1":[0,0]},"f":{"1":0,"2":0,"3":0,"4":0,"5":0},"fnMap":{"1":{"name":"hashPassword","line":9,"loc":{"start":{"line":9,"column":0},"end":{"line":9,"column":39}}},"2":{"name":"(anonymous_2)","line":11,"loc":{"start":{"line":11,"column":39},"end":{"line":11,"column":60}}},"3":{"name":"(anonymous_3)","line":80,"loc":{"start":{"line":80,"column":22},"end":{"line":80,"column":48}}},"4":{"name":"(anonymous_4)","line":92,"loc":{"start":{"line":92,"column":16},"end":{"line":92,"column":42}}},"5":{"name":"(anonymous_5)","line":102,"loc":{"start":{"line":102,"column":16},"end":{"line":102,"column":42}}}},"statementMap":{"1":{"start":{"line":1,"column":0},"end":{"line":1,"column":33}},"2":{"start":{"line":9,"column":0},"end":{"line":18,"column":1}},"3":{"start":{"line":10,"column":2},"end":{"line":17,"column":3}},"4":{"start":{"line":11,"column":4},"end":{"line":14,"column":7}},"5":{"start":{"line":12,"column":6},"end":{"line":12,"column":31}},"6":{"start":{"line":13,"column":6},"end":{"line":13,"column":26}},"7":{"start":{"line":16,"column":4},"end":{"line":16,"column":25}},"8":{"start":{"line":34,"column":0},"end":{"line":105,"column":2}},"9":{"start":{"line":81,"column":6},"end":{"line":81,"column":52}},"10":{"start":{"line":93,"column":4},"end":{"line":93,"column":33}},"11":{"start":{"line":103,"column":4},"end":{"line":103,"column":33}},"12":{"start":{"line":107,"column":0},"end":{"line":107,"column":26}}},"branchMap":{"1":{"line":10,"type":"if","locations":[{"start":{"line":10,"column":2},"end":{"line":10,"column":2}},{"start":{"line":10,"column":2},"end":{"line":10,"column":2}}]}}},"/Users/niyaven/Documents/dev/ajast/api/models/Race.js":{"path":"/Users/niyaven/Documents/dev/ajast/api/models/Race.js","s":{"1":1},"b":{},"f":{},"fnMap":{},"statementMap":{"1":{"start":{"line":8,"column":0},"end":{"line":15,"column":2}}},"branchMap":{}},"/Users/niyaven/Documents/dev/ajast/api/models/Roll.js":{"path":"/Users/niyaven/Documents/dev/ajast/api/models/Roll.js","s":{"1":1},"b":{},"f":{},"fnMap":{},"statementMap":{"1":{"start":{"line":8,"column":0},"end":{"line":16,"column":2}}},"branchMap":{}},"/Users/niyaven/Documents/dev/ajast/api/models/Server.js":{"path":"/Users/niyaven/Documents/dev/ajast/api/models/Server.js","s":{"1":1},"b":{},"f":{},"fnMap":{},"statementMap":{"1":{"start":{"line":8,"column":0},"end":{"line":13,"column":2}}},"branchMap":{}},"/Users/niyaven/Documents/dev/ajast/api/models/Town.js":{"path":"/Users/niyaven/Documents/dev/ajast/api/models/Town.js","s":{"1":1},"b":{},"f":{},"fnMap":{},"statementMap":{"1":{"start":{"line":8,"column":0},"end":{"line":14,"column":2}}},"branchMap":{}},"/Users/niyaven/Documents/dev/ajast/api/models/User.js":{"path":"/Users/niyaven/Documents/dev/ajast/api/models/User.js","s":{"1":1,"2":1},"b":{},"f":{},"fnMap":{},"statementMap":{"1":{"start":{"line":1,"column":0},"end":{"line":10,"column":2}},"2":{"start":{"line":12,"column":0},"end":{"line":12,"column":22}}},"branchMap":{}},"/Users/niyaven/Documents/dev/ajast/api/controllers/AuthController.js":{"path":"/Users/niyaven/Documents/dev/ajast/api/controllers/AuthController.js","s":{"1":1,"2":2,"3":1,"4":1,"5":1,"6":6,"7":1,"8":2,"9":2,"10":0,"11":1,"12":0,"13":0,"14":0,"15":0,"16":0,"17":0,"18":0,"19":0,"20":0,"21":0,"22":0,"23":0,"24":0,"25":1,"26":0,"27":0,"28":0,"29":0,"30":0,"31":0,"32":0,"33":1},"b":{"1":[1,1],"2":[0,0],"3":[0,0],"4":[0,0],"5":[0,0,0],"6":[0,0],"7":[0,0]},"f":{"1":2,"2":6,"3":2,"4":0,"5":1,"6":0,"7":0,"8":0,"9":0},"fnMap":{"1":{"name":"(anonymous_1)","line":33,"loc":{"start":{"line":33,"column":11},"end":{"line":33,"column":31}}},"2":{"name":"(anonymous_2)","line":41,"loc":{"start":{"line":41,"column":40},"end":{"line":41,"column":55}}},"3":{"name":"(anonymous_3)","line":71,"loc":{"start":{"line":71,"column":12},"end":{"line":71,"column":32}}},"4":{"name":"(anonymous_4)","line":82,"loc":{"start":{"line":82,"column":14},"end":{"line":82,"column":34}}},"5":{"name":"(anonymous_5)","line":102,"loc":{"start":{"line":102,"column":14},"end":{"line":102,"column":34}}},"6":{"name":"tryAgain","line":103,"loc":{"start":{"line":103,"column":8},"end":{"line":103,"column":32}}},"7":{"name":"(anonymous_7)","line":134,"loc":{"start":{"line":134,"column":36},"end":{"line":134,"column":57}}},"8":{"name":"(anonymous_8)","line":139,"loc":{"start":{"line":139,"column":28},"end":{"line":139,"column":43}}},"9":{"name":"(anonymous_9)","line":157,"loc":{"start":{"line":157,"column":16},"end":{"line":157,"column":36}}}},"statementMap":{"1":{"start":{"line":8,"column":0},"end":{"line":160,"column":2}},"2":{"start":{"line":34,"column":8},"end":{"line":36,"column":9}},"3":{"start":{"line":35,"column":12},"end":{"line":35,"column":43}},"4":{"start":{"line":37,"column":8},"end":{"line":38,"column":30}},"5":{"start":{"line":41,"column":8},"end":{"line":46,"column":11}},"6":{"start":{"line":42,"column":12},"end":{"line":45,"column":14}},"7":{"start":{"line":49,"column":8},"end":{"line":54,"column":11}},"8":{"start":{"line":72,"column":8},"end":{"line":72,"column":21}},"9":{"start":{"line":73,"column":8},"end":{"line":73,"column":26}},"10":{"start":{"line":83,"column":8},"end":{"line":83,"column":36}},"11":{"start":{"line":103,"column":8},"end":{"line":132,"column":9}},"12":{"start":{"line":108,"column":12},"end":{"line":108,"column":51}},"13":{"start":{"line":110,"column":12},"end":{"line":114,"column":13}},"14":{"start":{"line":111,"column":16},"end":{"line":111,"column":61}},"15":{"start":{"line":112,"column":19},"end":{"line":114,"column":13}},"16":{"start":{"line":113,"column":16},"end":{"line":113,"column":47}},"17":{"start":{"line":115,"column":12},"end":{"line":115,"column":40}},"18":{"start":{"line":120,"column":12},"end":{"line":120,"column":45}},"19":{"start":{"line":122,"column":12},"end":{"line":131,"column":13}},"20":{"start":{"line":124,"column":20},"end":{"line":124,"column":46}},"21":{"start":{"line":125,"column":20},"end":{"line":125,"column":26}},"22":{"start":{"line":127,"column":20},"end":{"line":127,"column":41}},"23":{"start":{"line":128,"column":20},"end":{"line":128,"column":26}},"24":{"start":{"line":130,"column":20},"end":{"line":130,"column":43}},"25":{"start":{"line":134,"column":8},"end":{"line":148,"column":11}},"26":{"start":{"line":135,"column":12},"end":{"line":137,"column":13}},"27":{"start":{"line":136,"column":16},"end":{"line":136,"column":34}},"28":{"start":{"line":139,"column":12},"end":{"line":147,"column":15}},"29":{"start":{"line":140,"column":16},"end":{"line":142,"column":17}},"30":{"start":{"line":141,"column":20},"end":{"line":141,"column":38}},"31":{"start":{"line":146,"column":16},"end":{"line":146,"column":34}},"32":{"start":{"line":158,"column":8},"end":{"line":158,"column":38}},"33":{"start":{"line":162,"column":0},"end":{"line":162,"column":32}}},"branchMap":{"1":{"line":34,"type":"if","locations":[{"start":{"line":34,"column":8},"end":{"line":34,"column":8}},{"start":{"line":34,"column":8},"end":{"line":34,"column":8}}]},"2":{"line":110,"type":"if","locations":[{"start":{"line":110,"column":12},"end":{"line":110,"column":12}},{"start":{"line":110,"column":12},"end":{"line":110,"column":12}}]},"3":{"line":110,"type":"binary-expr","locations":[{"start":{"line":110,"column":16},"end":{"line":110,"column":19}},{"start":{"line":110,"column":23},"end":{"line":110,"column":34}}]},"4":{"line":112,"type":"if","locations":[{"start":{"line":112,"column":19},"end":{"line":112,"column":19}},{"start":{"line":112,"column":19},"end":{"line":112,"column":19}}]},"5":{"line":122,"type":"switch","locations":[{"start":{"line":123,"column":16},"end":{"line":125,"column":26}},{"start":{"line":126,"column":16},"end":{"line":128,"column":26}},{"start":{"line":129,"column":16},"end":{"line":130,"column":43}}]},"6":{"line":135,"type":"if","locations":[{"start":{"line":135,"column":12},"end":{"line":135,"column":12}},{"start":{"line":135,"column":12},"end":{"line":135,"column":12}}]},"7":{"line":140,"type":"if","locations":[{"start":{"line":140,"column":16},"end":{"line":140,"column":16}},{"start":{"line":140,"column":16},"end":{"line":140,"column":16}}]}}},"/Users/niyaven/Documents/dev/ajast/api/controllers/CharacterController.js":{"path":"/Users/niyaven/Documents/dev/ajast/api/controllers/CharacterController.js","s":{"1":1,"2":2,"3":2,"4":2,"5":2,"6":1,"7":1,"8":1,"9":1,"10":1,"11":1,"12":8,"13":1,"14":1,"15":2,"16":2,"17":2,"18":2,"19":2,"20":2,"21":0,"22":2,"23":1,"24":1,"25":1,"26":1,"27":1,"28":1,"29":1,"30":1,"31":1,"32":1,"33":0,"34":1,"35":1,"36":20,"37":3,"38":1,"39":1,"40":8,"41":1,"42":1,"43":3,"44":3,"45":3,"46":3,"47":3,"48":3,"49":3,"50":3,"51":3,"52":3,"53":0,"54":3,"55":1,"56":2,"57":1,"58":1,"59":1,"60":23,"61":4,"62":1,"63":8,"64":1,"65":1,"66":7,"67":7,"68":1,"69":6,"70":6,"71":0,"72":6,"73":4,"74":2,"75":1,"76":5,"77":5,"78":5,"79":0,"80":5,"81":1,"82":4,"83":3,"84":3,"85":2,"86":1,"87":1,"88":1,"89":0,"90":1,"91":2,"92":2,"93":1,"94":1,"95":1,"96":0,"97":1},"b":{"1":[1,7],"2":[0,2],"3":[1,1],"4":[0,1],"5":[3,17],"6":[1,7],"7":[0,3],"8":[1,2],"9":[1,1],"10":[2,1],"11":[4,19],"12":[1,7],"13":[1,6],"14":[0,6],"15":[4,2],"16":[6,2],"17":[1,1],"18":[0,5],"19":[1,4],"20":[3,1],"21":[2,1],"22":[0,1],"23":[1,1],"24":[0,1]},"f":{"1":2,"2":2,"3":2,"4":1,"5":1,"6":1,"7":1,"8":1,"9":2,"10":2,"11":2,"12":2,"13":2,"14":1,"15":1,"16":1,"17":1,"18":1,"19":1,"20":1,"21":1,"22":3,"23":3,"24":3,"25":3,"26":3,"27":3,"28":3,"29":3,"30":3,"31":7,"32":6,"33":5,"34":3,"35":1,"36":2,"37":2,"38":1},"fnMap":{"1":{"name":"(anonymous_1)","line":9,"loc":{"start":{"line":9,"column":12},"end":{"line":9,"column":31}}},"2":{"name":"(anonymous_2)","line":12,"loc":{"start":{"line":12,"column":25},"end":{"line":12,"column":51}}},"3":{"name":"(anonymous_3)","line":15,"loc":{"start":{"line":15,"column":87},"end":{"line":15,"column":109}}},"4":{"name":"(anonymous_4)","line":21,"loc":{"start":{"line":21,"column":10},"end":{"line":21,"column":29}}},"5":{"name":"(anonymous_5)","line":23,"loc":{"start":{"line":23,"column":24},"end":{"line":23,"column":43}}},"6":{"name":"(anonymous_6)","line":24,"loc":{"start":{"line":24,"column":33},"end":{"line":24,"column":59}}},"7":{"name":"(anonymous_7)","line":28,"loc":{"start":{"line":28,"column":21},"end":{"line":28,"column":40}}},"8":{"name":"(anonymous_8)","line":31,"loc":{"start":{"line":31,"column":11},"end":{"line":31,"column":31}}},"9":{"name":"(anonymous_9)","line":48,"loc":{"start":{"line":48,"column":10},"end":{"line":48,"column":29}}},"10":{"name":"(anonymous_10)","line":50,"loc":{"start":{"line":50,"column":24},"end":{"line":50,"column":43}}},"11":{"name":"(anonymous_11)","line":52,"loc":{"start":{"line":52,"column":33},"end":{"line":52,"column":59}}},"12":{"name":"(anonymous_12)","line":56,"loc":{"start":{"line":56,"column":23},"end":{"line":56,"column":42}}},"13":{"name":"(anonymous_13)","line":60,"loc":{"start":{"line":60,"column":11},"end":{"line":60,"column":31}}},"14":{"name":"(anonymous_14)","line":73,"loc":{"start":{"line":73,"column":9},"end":{"line":73,"column":28}}},"15":{"name":"(anonymous_15)","line":75,"loc":{"start":{"line":75,"column":24},"end":{"line":75,"column":43}}},"16":{"name":"(anonymous_16)","line":77,"loc":{"start":{"line":77,"column":33},"end":{"line":77,"column":59}}},"17":{"name":"(anonymous_17)","line":81,"loc":{"start":{"line":81,"column":18},"end":{"line":81,"column":37}}},"18":{"name":"(anonymous_18)","line":84,"loc":{"start":{"line":84,"column":19},"end":{"line":84,"column":38}}},"19":{"name":"(anonymous_19)","line":87,"loc":{"start":{"line":87,"column":19},"end":{"line":87,"column":38}}},"20":{"name":"(anonymous_20)","line":90,"loc":{"start":{"line":90,"column":21},"end":{"line":90,"column":40}}},"21":{"name":"(anonymous_21)","line":93,"loc":{"start":{"line":93,"column":11},"end":{"line":93,"column":31}}},"22":{"name":"(anonymous_22)","line":125,"loc":{"start":{"line":125,"column":10},"end":{"line":125,"column":29}}},"23":{"name":"(anonymous_23)","line":127,"loc":{"start":{"line":127,"column":24},"end":{"line":127,"column":43}}},"24":{"name":"(anonymous_24)","line":129,"loc":{"start":{"line":129,"column":33},"end":{"line":129,"column":59}}},"25":{"name":"(anonymous_25)","line":133,"loc":{"start":{"line":133,"column":23},"end":{"line":133,"column":42}}},"26":{"name":"(anonymous_26)","line":137,"loc":{"start":{"line":137,"column":18},"end":{"line":137,"column":37}}},"27":{"name":"(anonymous_27)","line":140,"loc":{"start":{"line":140,"column":19},"end":{"line":140,"column":38}}},"28":{"name":"(anonymous_28)","line":143,"loc":{"start":{"line":143,"column":19},"end":{"line":143,"column":38}}},"29":{"name":"(anonymous_29)","line":146,"loc":{"start":{"line":146,"column":21},"end":{"line":146,"column":40}}},"30":{"name":"(anonymous_30)","line":149,"loc":{"start":{"line":149,"column":11},"end":{"line":149,"column":31}}},"31":{"name":"(anonymous_31)","line":183,"loc":{"start":{"line":183,"column":10},"end":{"line":183,"column":29}}},"32":{"name":"(anonymous_32)","line":187,"loc":{"start":{"line":187,"column":51},"end":{"line":187,"column":73}}},"33":{"name":"(anonymous_33)","line":201,"loc":{"start":{"line":201,"column":20},"end":{"line":201,"column":45}}},"34":{"name":"(anonymous_34)","line":206,"loc":{"start":{"line":206,"column":53},"end":{"line":206,"column":76}}},"35":{"name":"(anonymous_35)","line":212,"loc":{"start":{"line":212,"column":73},"end":{"line":212,"column":96}}},"36":{"name":"(anonymous_36)","line":222,"loc":{"start":{"line":222,"column":12},"end":{"line":222,"column":31}}},"37":{"name":"(anonymous_37)","line":223,"loc":{"start":{"line":223,"column":54},"end":{"line":223,"column":76}}},"38":{"name":"(anonymous_38)","line":225,"loc":{"start":{"line":225,"column":52},"end":{"line":225,"column":74}}}},"statementMap":{"1":{"start":{"line":8,"column":0},"end":{"line":232,"column":2}},"2":{"start":{"line":10,"column":8},"end":{"line":10,"column":51}},"3":{"start":{"line":12,"column":8},"end":{"line":18,"column":11}},"4":{"start":{"line":13,"column":12},"end":{"line":17,"column":15}},"5":{"start":{"line":16,"column":16},"end":{"line":16,"column":33}},"6":{"start":{"line":22,"column":8},"end":{"line":45,"column":11}},"7":{"start":{"line":24,"column":16},"end":{"line":26,"column":19}},"8":{"start":{"line":25,"column":20},"end":{"line":25,"column":180}},"9":{"start":{"line":29,"column":16},"end":{"line":29,"column":45}},"10":{"start":{"line":32,"column":12},"end":{"line":32,"column":33}},"11":{"start":{"line":33,"column":12},"end":{"line":37,"column":13}},"12":{"start":{"line":34,"column":16},"end":{"line":36,"column":17}},"13":{"start":{"line":35,"column":20},"end":{"line":35,"column":65}},"14":{"start":{"line":38,"column":12},"end":{"line":44,"column":15}},"15":{"start":{"line":49,"column":8},"end":{"line":70,"column":11}},"16":{"start":{"line":52,"column":16},"end":{"line":54,"column":19}},"17":{"start":{"line":53,"column":20},"end":{"line":53,"column":77}},"18":{"start":{"line":57,"column":16},"end":{"line":57,"column":58}},"19":{"start":{"line":58,"column":16},"end":{"line":58,"column":158}},"20":{"start":{"line":62,"column":12},"end":{"line":62,"column":49}},"21":{"start":{"line":62,"column":21},"end":{"line":62,"column":49},"skip":true},"22":{"start":{"line":63,"column":12},"end":{"line":63,"column":91}},"23":{"start":{"line":63,"column":33},"end":{"line":63,"column":91}},"24":{"start":{"line":64,"column":12},"end":{"line":69,"column":15}},"25":{"start":{"line":74,"column":8},"end":{"line":122,"column":11}},"26":{"start":{"line":77,"column":16},"end":{"line":79,"column":19}},"27":{"start":{"line":78,"column":20},"end":{"line":78,"column":77}},"28":{"start":{"line":82,"column":16},"end":{"line":82,"column":42}},"29":{"start":{"line":85,"column":16},"end":{"line":85,"column":43}},"30":{"start":{"line":88,"column":16},"end":{"line":88,"column":43}},"31":{"start":{"line":91,"column":16},"end":{"line":91,"column":45}},"32":{"start":{"line":95,"column":12},"end":{"line":95,"column":49}},"33":{"start":{"line":95,"column":21},"end":{"line":95,"column":49},"skip":true},"34":{"start":{"line":97,"column":12},"end":{"line":97,"column":156}},"35":{"start":{"line":98,"column":12},"end":{"line":102,"column":13}},"36":{"start":{"line":99,"column":16},"end":{"line":101,"column":17}},"37":{"start":{"line":100,"column":20},"end":{"line":100,"column":55}},"38":{"start":{"line":103,"column":12},"end":{"line":103,"column":33}},"39":{"start":{"line":104,"column":12},"end":{"line":108,"column":13}},"40":{"start":{"line":105,"column":16},"end":{"line":107,"column":17}},"41":{"start":{"line":106,"column":20},"end":{"line":106,"column":65}},"42":{"start":{"line":110,"column":12},"end":{"line":121,"column":15}},"43":{"start":{"line":126,"column":8},"end":{"line":180,"column":11}},"44":{"start":{"line":129,"column":16},"end":{"line":131,"column":19}},"45":{"start":{"line":130,"column":20},"end":{"line":130,"column":77}},"46":{"start":{"line":134,"column":16},"end":{"line":134,"column":50}},"47":{"start":{"line":135,"column":16},"end":{"line":135,"column":56}},"48":{"start":{"line":138,"column":16},"end":{"line":138,"column":42}},"49":{"start":{"line":141,"column":16},"end":{"line":141,"column":43}},"50":{"start":{"line":144,"column":16},"end":{"line":144,"column":43}},"51":{"start":{"line":147,"column":16},"end":{"line":147,"column":45}},"52":{"start":{"line":151,"column":12},"end":{"line":151,"column":49}},"53":{"start":{"line":151,"column":21},"end":{"line":151,"column":49},"skip":true},"54":{"start":{"line":152,"column":12},"end":{"line":153,"column":155}},"55":{"start":{"line":152,"column":33},"end":{"line":152,"column":91}},"56":{"start":{"line":153,"column":17},"end":{"line":153,"column":155}},"57":{"start":{"line":153,"column":80},"end":{"line":153,"column":155}},"58":{"start":{"line":155,"column":12},"end":{"line":155,"column":48}},"59":{"start":{"line":156,"column":12},"end":{"line":160,"column":13}},"60":{"start":{"line":157,"column":16},"end":{"line":159,"column":17}},"61":{"start":{"line":158,"column":20},"end":{"line":158,"column":55}},"62":{"start":{"line":162,"column":12},"end":{"line":166,"column":13}},"63":{"start":{"line":163,"column":16},"end":{"line":165,"column":17}},"64":{"start":{"line":164,"column":20},"end":{"line":164,"column":65}},"65":{"start":{"line":167,"column":12},"end":{"line":179,"column":15}},"66":{"start":{"line":184,"column":8},"end":{"line":184,"column":47}},"67":{"start":{"line":185,"column":8},"end":{"line":185,"column":79}},"68":{"start":{"line":185,"column":24},"end":{"line":185,"column":79}},"69":{"start":{"line":187,"column":8},"end":{"line":219,"column":11}},"70":{"start":{"line":189,"column":12},"end":{"line":189,"column":49}},"71":{"start":{"line":189,"column":21},"end":{"line":189,"column":49},"skip":true},"72":{"start":{"line":190,"column":12},"end":{"line":191,"column":124}},"73":{"start":{"line":190,"column":41},"end":{"line":190,"column":70}},"74":{"start":{"line":191,"column":17},"end":{"line":191,"column":124}},"75":{"start":{"line":191,"column":49},"end":{"line":191,"column":124}},"76":{"start":{"line":193,"column":12},"end":{"line":193,"column":80}},"77":{"start":{"line":195,"column":12},"end":{"line":218,"column":15}},"78":{"start":{"line":203,"column":16},"end":{"line":203,"column":53}},"79":{"start":{"line":203,"column":25},"end":{"line":203,"column":53},"skip":true},"80":{"start":{"line":204,"column":16},"end":{"line":204,"column":88}},"81":{"start":{"line":204,"column":31},"end":{"line":204,"column":88}},"82":{"start":{"line":205,"column":16},"end":{"line":217,"column":17}},"83":{"start":{"line":206,"column":20},"end":{"line":210,"column":23}},"84":{"start":{"line":208,"column":24},"end":{"line":208,"column":61}},"85":{"start":{"line":208,"column":33},"end":{"line":208,"column":61},"skip":true},"86":{"start":{"line":209,"column":24},"end":{"line":209,"column":48}},"87":{"start":{"line":212,"column":20},"end":{"line":216,"column":23}},"88":{"start":{"line":214,"column":24},"end":{"line":214,"column":61}},"89":{"start":{"line":214,"column":33},"end":{"line":214,"column":61},"skip":true},"90":{"start":{"line":215,"column":24},"end":{"line":215,"column":48}},"91":{"start":{"line":223,"column":8},"end":{"line":230,"column":11}},"92":{"start":{"line":224,"column":12},"end":{"line":224,"column":119}},"93":{"start":{"line":224,"column":44},"end":{"line":224,"column":119}},"94":{"start":{"line":225,"column":12},"end":{"line":229,"column":15}},"95":{"start":{"line":227,"column":16},"end":{"line":227,"column":53}},"96":{"start":{"line":227,"column":25},"end":{"line":227,"column":53},"skip":true},"97":{"start":{"line":228,"column":16},"end":{"line":228,"column":32}}},"branchMap":{"1":{"line":34,"type":"if","locations":[{"start":{"line":34,"column":16},"end":{"line":34,"column":16}},{"start":{"line":34,"column":16},"end":{"line":34,"column":16}}]},"2":{"line":62,"type":"if","locations":[{"start":{"line":62,"column":12},"end":{"line":62,"column":12},"skip":true},{"start":{"line":62,"column":12},"end":{"line":62,"column":12}}]},"3":{"line":63,"type":"if","locations":[{"start":{"line":63,"column":12},"end":{"line":63,"column":12}},{"start":{"line":63,"column":12},"end":{"line":63,"column":12}}]},"4":{"line":95,"type":"if","locations":[{"start":{"line":95,"column":12},"end":{"line":95,"column":12},"skip":true},{"start":{"line":95,"column":12},"end":{"line":95,"column":12}}]},"5":{"line":99,"type":"if","locations":[{"start":{"line":99,"column":16},"end":{"line":99,"column":16}},{"start":{"line":99,"column":16},"end":{"line":99,"column":16}}]},"6":{"line":105,"type":"if","locations":[{"start":{"line":105,"column":16},"end":{"line":105,"column":16}},{"start":{"line":105,"column":16},"end":{"line":105,"column":16}}]},"7":{"line":151,"type":"if","locations":[{"start":{"line":151,"column":12},"end":{"line":151,"column":12},"skip":true},{"start":{"line":151,"column":12},"end":{"line":151,"column":12}}]},"8":{"line":152,"type":"if","locations":[{"start":{"line":152,"column":12},"end":{"line":152,"column":12}},{"start":{"line":152,"column":12},"end":{"line":152,"column":12}}]},"9":{"line":153,"type":"if","locations":[{"start":{"line":153,"column":17},"end":{"line":153,"column":17}},{"start":{"line":153,"column":17},"end":{"line":153,"column":17}}]},"10":{"line":153,"type":"binary-expr","locations":[{"start":{"line":153,"column":21},"end":{"line":153,"column":55}},{"start":{"line":153,"column":59},"end":{"line":153,"column":78}}]},"11":{"line":157,"type":"if","locations":[{"start":{"line":157,"column":16},"end":{"line":157,"column":16}},{"start":{"line":157,"column":16},"end":{"line":157,"column":16}}]},"12":{"line":163,"type":"if","locations":[{"start":{"line":163,"column":16},"end":{"line":163,"column":16}},{"start":{"line":163,"column":16},"end":{"line":163,"column":16}}]},"13":{"line":185,"type":"if","locations":[{"start":{"line":185,"column":8},"end":{"line":185,"column":8}},{"start":{"line":185,"column":8},"end":{"line":185,"column":8}}]},"14":{"line":189,"type":"if","locations":[{"start":{"line":189,"column":12},"end":{"line":189,"column":12},"skip":true},{"start":{"line":189,"column":12},"end":{"line":189,"column":12}}]},"15":{"line":190,"type":"if","locations":[{"start":{"line":190,"column":12},"end":{"line":190,"column":12}},{"start":{"line":190,"column":12},"end":{"line":190,"column":12}}]},"16":{"line":190,"type":"binary-expr","locations":[{"start":{"line":190,"column":16},"end":{"line":190,"column":23}},{"start":{"line":190,"column":27},"end":{"line":190,"column":39}}]},"17":{"line":191,"type":"if","locations":[{"start":{"line":191,"column":17},"end":{"line":191,"column":17}},{"start":{"line":191,"column":17},"end":{"line":191,"column":17}}]},"18":{"line":203,"type":"if","locations":[{"start":{"line":203,"column":16},"end":{"line":203,"column":16},"skip":true},{"start":{"line":203,"column":16},"end":{"line":203,"column":16}}]},"19":{"line":204,"type":"if","locations":[{"start":{"line":204,"column":16},"end":{"line":204,"column":16}},{"start":{"line":204,"column":16},"end":{"line":204,"column":16}}]},"20":{"line":205,"type":"if","locations":[{"start":{"line":205,"column":16},"end":{"line":205,"column":16}},{"start":{"line":205,"column":16},"end":{"line":205,"column":16}}]},"21":{"line":208,"type":"if","locations":[{"start":{"line":208,"column":24},"end":{"line":208,"column":24},"skip":true},{"start":{"line":208,"column":24},"end":{"line":208,"column":24}}]},"22":{"line":214,"type":"if","locations":[{"start":{"line":214,"column":24},"end":{"line":214,"column":24},"skip":true},{"start":{"line":214,"column":24},"end":{"line":214,"column":24}}]},"23":{"line":224,"type":"if","locations":[{"start":{"line":224,"column":12},"end":{"line":224,"column":12}},{"start":{"line":224,"column":12},"end":{"line":224,"column":12}}]},"24":{"line":227,"type":"if","locations":[{"start":{"line":227,"column":16},"end":{"line":227,"column":16},"skip":true},{"start":{"line":227,"column":16},"end":{"line":227,"column":16}}]}}},"/Users/niyaven/Documents/dev/ajast/api/controllers/FightController.js":{"path":"/Users/niyaven/Documents/dev/ajast/api/controllers/FightController.js","s":{"1":1,"2":1,"3":2,"4":2,"5":2,"6":1,"7":1,"8":2,"9":0,"10":2,"11":1,"12":1,"13":1,"14":3,"15":3,"16":3,"17":3,"18":3,"19":3,"20":0,"21":3,"22":1,"23":2,"24":1,"25":1,"26":6,"27":6,"28":1,"29":5,"30":5,"31":1,"32":4,"33":1,"34":3,"35":1,"36":2,"37":1,"38":1,"39":2,"40":2,"41":2,"42":2,"43":2,"44":6,"45":6,"46":1,"47":5,"48":5,"49":1,"50":4,"51":1,"52":3,"53":1,"54":2,"55":2,"56":2,"57":2,"58":2,"59":2,"60":2,"61":2,"62":2,"63":1,"64":2,"65":2,"66":2,"67":3,"68":3,"69":1,"70":2,"71":2,"72":1,"73":1,"74":1,"75":1,"76":3,"77":3,"78":3,"79":1,"80":1,"81":2,"82":1,"83":1,"84":1,"85":1,"86":1,"87":2,"88":2,"89":2,"90":0,"91":2,"92":1,"93":1,"94":1,"95":1,"96":2,"97":0,"98":2,"99":2,"100":0,"101":2,"102":0,"103":2,"104":0,"105":2,"106":0,"107":0,"108":2,"109":2,"110":2,"111":2,"112":0,"113":0,"114":2,"115":2,"116":2,"117":0,"118":0,"119":0,"120":2,"121":0,"122":2,"123":2,"124":2,"125":6,"126":0,"127":6,"128":6,"129":6,"130":6,"131":6,"132":6,"133":0,"134":6,"135":0,"136":6,"137":0,"138":6,"139":0,"140":6,"141":0,"142":6,"143":0,"144":6,"145":0,"146":6,"147":0,"148":6,"149":0,"150":6,"151":0,"152":6,"153":0,"154":6,"155":0,"156":6,"157":0,"158":6,"159":6,"160":6,"161":0,"162":6,"163":2,"164":2,"165":14,"166":2,"167":12,"168":2,"169":3,"170":6,"171":6,"172":3,"173":3,"174":3,"175":3,"176":15,"177":30,"178":30,"179":3,"180":1,"181":2,"182":1,"183":1,"184":2,"185":1,"186":1,"187":3,"188":3,"189":1,"190":2},"b":{"1":[1,1],"2":[0,2],"3":[0,3],"4":[1,2],"5":[3,2],"6":[1,1],"7":[2,2],"8":[1,5],"9":[1,4],"10":[1,3],"11":[1,2],"12":[1,1],"13":[1,5],"14":[6,5],"15":[1,4],"16":[1,3],"17":[1,2],"18":[1,1],"19":[1,2],"20":[3,2],"21":[1,1],"22":[1,2],"23":[1,1],"24":[0,2],"25":[1,1],"26":[1,0],"27":[0,2],"28":[2,2,2],"29":[0,2],"30":[0,2],"31":[0,2],"32":[0,2],"33":[2,0],"34":[0,2],"35":[2,0],"36":[0,0],"37":[0,2],"38":[2,0],"39":[0,6],"40":[0,6],"41":[0,6],"42":[0,6],"43":[0,6],"44":[0,6],"45":[0,6],"46":[0,6],"47":[0,6],"48":[0,6],"49":[0,6],"50":[0,6],"51":[0,6],"52":[0,6],"53":[6,1],"54":[0,6],"55":[2,12],"56":[30,0],"57":[1,2],"58":[1,1],"59":[3,0],"60":[3,3]},"f":{"1":2,"2":2,"3":2,"4":2,"5":1,"6":1,"7":3,"8":3,"9":3,"10":3,"11":3,"12":6,"13":5,"14":2,"15":6,"16":5,"17":2,"18":3,"19":2,"20":1,"21":3,"22":3,"23":1,"24":1,"25":2,"26":2,"27":2,"28":6,"29":6,"30":2,"31":3,"32":6,"33":3},"fnMap":{"1":{"name":"(anonymous_1)","line":12,"loc":{"start":{"line":12,"column":11},"end":{"line":12,"column":30}}},"2":{"name":"(anonymous_2)","line":15,"loc":{"start":{"line":15,"column":24},"end":{"line":15,"column":43}}},"3":{"name":"(anonymous_3)","line":18,"loc":{"start":{"line":18,"column":26},"end":{"line":18,"column":45}}},"4":{"name":"(anonymous_4)","line":26,"loc":{"start":{"line":26,"column":12},"end":{"line":26,"column":32}}},"5":{"name":"(anonymous_5)","line":39,"loc":{"start":{"line":39,"column":12},"end":{"line":39,"column":31}}},"6":{"name":"(anonymous_6)","line":63,"loc":{"start":{"line":63,"column":33},"end":{"line":63,"column":53}}},"7":{"name":"(anonymous_7)","line":68,"loc":{"start":{"line":68,"column":10},"end":{"line":68,"column":29}}},"8":{"name":"(anonymous_8)","line":71,"loc":{"start":{"line":71,"column":24},"end":{"line":71,"column":43}}},"9":{"name":"(anonymous_9)","line":73,"loc":{"start":{"line":73,"column":33},"end":{"line":73,"column":59}}},"10":{"name":"(anonymous_10)","line":77,"loc":{"start":{"line":77,"column":19},"end":{"line":77,"column":38}}},"11":{"name":"(anonymous_11)","line":81,"loc":{"start":{"line":81,"column":11},"end":{"line":81,"column":31}}},"12":{"name":"(anonymous_12)","line":105,"loc":{"start":{"line":105,"column":13},"end":{"line":105,"column":32}}},"13":{"name":"(anonymous_13)","line":111,"loc":{"start":{"line":111,"column":37},"end":{"line":111,"column":59}}},"14":{"name":"(anonymous_14)","line":129,"loc":{"start":{"line":129,"column":48},"end":{"line":129,"column":70}}},"15":{"name":"(anonymous_15)","line":137,"loc":{"start":{"line":137,"column":10},"end":{"line":137,"column":29}}},"16":{"name":"(anonymous_16)","line":144,"loc":{"start":{"line":144,"column":37},"end":{"line":144,"column":59}}},"17":{"name":"(anonymous_17)","line":168,"loc":{"start":{"line":168,"column":48},"end":{"line":168,"column":70}}},"18":{"name":"(anonymous_18)","line":175,"loc":{"start":{"line":175,"column":10},"end":{"line":175,"column":29}}},"19":{"name":"(anonymous_19)","line":182,"loc":{"start":{"line":182,"column":37},"end":{"line":182,"column":59}}},"20":{"name":"(anonymous_20)","line":187,"loc":{"start":{"line":187,"column":46},"end":{"line":187,"column":68}}},"21":{"name":"(anonymous_21)","line":194,"loc":{"start":{"line":194,"column":9},"end":{"line":194,"column":28}}},"22":{"name":"(anonymous_22)","line":198,"loc":{"start":{"line":198,"column":37},"end":{"line":198,"column":59}}},"23":{"name":"(anonymous_23)","line":205,"loc":{"start":{"line":205,"column":71},"end":{"line":205,"column":93}}},"24":{"name":"(anonymous_24)","line":210,"loc":{"start":{"line":210,"column":45},"end":{"line":210,"column":67}}},"25":{"name":"(anonymous_25)","line":217,"loc":{"start":{"line":217,"column":12},"end":{"line":217,"column":31}}},"26":{"name":"(anonymous_26)","line":219,"loc":{"start":{"line":219,"column":37},"end":{"line":219,"column":58}}},"27":{"name":"(anonymous_27)","line":228,"loc":{"start":{"line":228,"column":14},"end":{"line":228,"column":48}}},"28":{"name":"(anonymous_28)","line":265,"loc":{"start":{"line":265,"column":15},"end":{"line":265,"column":35}}},"29":{"name":"(anonymous_29)","line":294,"loc":{"start":{"line":294,"column":35},"end":{"line":294,"column":47}}},"30":{"name":"(anonymous_30)","line":302,"loc":{"start":{"line":302,"column":23},"end":{"line":302,"column":41}}},"31":{"name":"(anonymous_31)","line":313,"loc":{"start":{"line":313,"column":17},"end":{"line":313,"column":65}}},"32":{"name":"(anonymous_32)","line":315,"loc":{"start":{"line":315,"column":43},"end":{"line":315,"column":60}}},"33":{"name":"(anonymous_33)","line":319,"loc":{"start":{"line":319,"column":27},"end":{"line":319,"column":42}}}},"statementMap":{"1":{"start":{"line":8,"column":0},"end":{"line":8,"column":29}},"2":{"start":{"line":10,"column":0},"end":{"line":350,"column":2}},"3":{"start":{"line":13,"column":8},"end":{"line":36,"column":10}},"4":{"start":{"line":16,"column":20},"end":{"line":16,"column":168}},"5":{"start":{"line":19,"column":20},"end":{"line":23,"column":21}},"6":{"start":{"line":20,"column":24},"end":{"line":20,"column":119}},"7":{"start":{"line":22,"column":24},"end":{"line":22,"column":43}},"8":{"start":{"line":28,"column":16},"end":{"line":28,"column":53}},"9":{"start":{"line":28,"column":25},"end":{"line":28,"column":53},"skip":true},"10":{"start":{"line":29,"column":16},"end":{"line":34,"column":19}},"11":{"start":{"line":40,"column":8},"end":{"line":61,"column":10}},"12":{"start":{"line":63,"column":8},"end":{"line":65,"column":11}},"13":{"start":{"line":64,"column":12},"end":{"line":64,"column":51}},"14":{"start":{"line":70,"column":8},"end":{"line":102,"column":11}},"15":{"start":{"line":73,"column":16},"end":{"line":75,"column":19}},"16":{"start":{"line":74,"column":20},"end":{"line":74,"column":77}},"17":{"start":{"line":78,"column":16},"end":{"line":78,"column":55}},"18":{"start":{"line":79,"column":16},"end":{"line":79,"column":51}},"19":{"start":{"line":83,"column":12},"end":{"line":83,"column":49}},"20":{"start":{"line":83,"column":21},"end":{"line":83,"column":49},"skip":true},"21":{"start":{"line":84,"column":12},"end":{"line":84,"column":71}},"22":{"start":{"line":84,"column":49},"end":{"line":84,"column":71}},"23":{"start":{"line":85,"column":12},"end":{"line":101,"column":13}},"24":{"start":{"line":86,"column":16},"end":{"line":92,"column":19}},"25":{"start":{"line":94,"column":16},"end":{"line":100,"column":19}},"26":{"start":{"line":106,"column":8},"end":{"line":107,"column":24}},"27":{"start":{"line":109,"column":8},"end":{"line":109,"column":56}},"28":{"start":{"line":109,"column":17},"end":{"line":109,"column":56}},"29":{"start":{"line":111,"column":8},"end":{"line":133,"column":11}},"30":{"start":{"line":112,"column":12},"end":{"line":118,"column":13}},"31":{"start":{"line":113,"column":16},"end":{"line":113,"column":59}},"32":{"start":{"line":114,"column":19},"end":{"line":118,"column":13}},"33":{"start":{"line":115,"column":16},"end":{"line":115,"column":76}},"34":{"start":{"line":116,"column":19},"end":{"line":118,"column":13}},"35":{"start":{"line":117,"column":16},"end":{"line":117,"column":65}},"36":{"start":{"line":120,"column":12},"end":{"line":123,"column":13}},"37":{"start":{"line":121,"column":16},"end":{"line":121,"column":46}},"38":{"start":{"line":122,"column":16},"end":{"line":122,"column":46}},"39":{"start":{"line":126,"column":12},"end":{"line":126,"column":92}},"40":{"start":{"line":127,"column":12},"end":{"line":127,"column":114}},"41":{"start":{"line":129,"column":12},"end":{"line":132,"column":15}},"42":{"start":{"line":130,"column":16},"end":{"line":130,"column":89}},"43":{"start":{"line":131,"column":16},"end":{"line":131,"column":41}},"44":{"start":{"line":138,"column":8},"end":{"line":140,"column":24}},"45":{"start":{"line":142,"column":8},"end":{"line":142,"column":67}},"46":{"start":{"line":142,"column":28},"end":{"line":142,"column":67}},"47":{"start":{"line":144,"column":8},"end":{"line":172,"column":11}},"48":{"start":{"line":145,"column":12},"end":{"line":151,"column":13}},"49":{"start":{"line":146,"column":16},"end":{"line":146,"column":59}},"50":{"start":{"line":147,"column":19},"end":{"line":151,"column":13}},"51":{"start":{"line":148,"column":16},"end":{"line":148,"column":76}},"52":{"start":{"line":149,"column":19},"end":{"line":151,"column":13}},"53":{"start":{"line":150,"column":16},"end":{"line":150,"column":64}},"54":{"start":{"line":154,"column":12},"end":{"line":154,"column":79}},"55":{"start":{"line":155,"column":12},"end":{"line":155,"column":58}},"56":{"start":{"line":156,"column":12},"end":{"line":156,"column":68}},"57":{"start":{"line":157,"column":12},"end":{"line":157,"column":58}},"58":{"start":{"line":158,"column":12},"end":{"line":158,"column":62}},"59":{"start":{"line":159,"column":12},"end":{"line":159,"column":106}},"60":{"start":{"line":160,"column":12},"end":{"line":160,"column":40}},"61":{"start":{"line":163,"column":12},"end":{"line":163,"column":92}},"62":{"start":{"line":164,"column":12},"end":{"line":166,"column":13}},"63":{"start":{"line":165,"column":16},"end":{"line":165,"column":119}},"64":{"start":{"line":168,"column":12},"end":{"line":171,"column":15}},"65":{"start":{"line":169,"column":16},"end":{"line":169,"column":86}},"66":{"start":{"line":170,"column":16},"end":{"line":170,"column":41}},"67":{"start":{"line":176,"column":8},"end":{"line":178,"column":24}},"68":{"start":{"line":180,"column":8},"end":{"line":180,"column":51}},"69":{"start":{"line":180,"column":26},"end":{"line":180,"column":51}},"70":{"start":{"line":182,"column":8},"end":{"line":191,"column":11}},"71":{"start":{"line":183,"column":12},"end":{"line":185,"column":13}},"72":{"start":{"line":184,"column":16},"end":{"line":184,"column":76}},"73":{"start":{"line":187,"column":12},"end":{"line":190,"column":15}},"74":{"start":{"line":188,"column":16},"end":{"line":188,"column":86}},"75":{"start":{"line":189,"column":16},"end":{"line":189,"column":32}},"76":{"start":{"line":195,"column":8},"end":{"line":196,"column":24}},"77":{"start":{"line":198,"column":8},"end":{"line":214,"column":11}},"78":{"start":{"line":199,"column":12},"end":{"line":202,"column":13}},"79":{"start":{"line":200,"column":16},"end":{"line":200,"column":69}},"80":{"start":{"line":201,"column":16},"end":{"line":201,"column":23}},"81":{"start":{"line":204,"column":12},"end":{"line":213,"column":13}},"82":{"start":{"line":205,"column":16},"end":{"line":208,"column":19}},"83":{"start":{"line":206,"column":20},"end":{"line":206,"column":89}},"84":{"start":{"line":207,"column":20},"end":{"line":207,"column":44}},"85":{"start":{"line":210,"column":16},"end":{"line":212,"column":19}},"86":{"start":{"line":211,"column":20},"end":{"line":211,"column":44}},"87":{"start":{"line":218,"column":8},"end":{"line":218,"column":33}},"88":{"start":{"line":219,"column":8},"end":{"line":225,"column":11}},"89":{"start":{"line":221,"column":12},"end":{"line":221,"column":49}},"90":{"start":{"line":221,"column":21},"end":{"line":221,"column":49},"skip":true},"91":{"start":{"line":222,"column":12},"end":{"line":222,"column":46}},"92":{"start":{"line":222,"column":24},"end":{"line":222,"column":46}},"93":{"start":{"line":223,"column":12},"end":{"line":223,"column":75}},"94":{"start":{"line":223,"column":28},"end":{"line":223,"column":75}},"95":{"start":{"line":224,"column":12},"end":{"line":224,"column":35}},"96":{"start":{"line":229,"column":8},"end":{"line":229,"column":77}},"97":{"start":{"line":229,"column":68},"end":{"line":229,"column":77}},"98":{"start":{"line":231,"column":8},"end":{"line":231,"column":67}},"99":{"start":{"line":234,"column":8},"end":{"line":246,"column":9}},"100":{"start":{"line":235,"column":12},"end":{"line":235,"column":21}},"101":{"start":{"line":236,"column":15},"end":{"line":246,"column":9}},"102":{"start":{"line":237,"column":12},"end":{"line":237,"column":21}},"103":{"start":{"line":238,"column":15},"end":{"line":246,"column":9}},"104":{"start":{"line":239,"column":12},"end":{"line":239,"column":21}},"105":{"start":{"line":240,"column":15},"end":{"line":246,"column":9}},"106":{"start":{"line":241,"column":12},"end":{"line":241,"column":21}},"107":{"start":{"line":242,"column":12},"end":{"line":242,"column":22}},"108":{"start":{"line":243,"column":15},"end":{"line":246,"column":9}},"109":{"start":{"line":244,"column":12},"end":{"line":244,"column":21}},"110":{"start":{"line":245,"column":12},"end":{"line":245,"column":22}},"111":{"start":{"line":248,"column":8},"end":{"line":257,"column":9}},"112":{"start":{"line":249,"column":12},"end":{"line":249,"column":20}},"113":{"start":{"line":250,"column":12},"end":{"line":250,"column":22}},"114":{"start":{"line":251,"column":15},"end":{"line":257,"column":9}},"115":{"start":{"line":252,"column":12},"end":{"line":252,"column":22}},"116":{"start":{"line":253,"column":12},"end":{"line":253,"column":22}},"117":{"start":{"line":254,"column":15},"end":{"line":257,"column":9}},"118":{"start":{"line":255,"column":12},"end":{"line":255,"column":22}},"119":{"start":{"line":256,"column":12},"end":{"line":256,"column":22}},"120":{"start":{"line":259,"column":8},"end":{"line":259,"column":29}},"121":{"start":{"line":259,"column":21},"end":{"line":259,"column":29}},"122":{"start":{"line":260,"column":8},"end":{"line":260,"column":33}},"123":{"start":{"line":260,"column":23},"end":{"line":260,"column":33}},"124":{"start":{"line":262,"column":8},"end":{"line":262,"column":61}},"125":{"start":{"line":266,"column":8},"end":{"line":266,"column":33}},"126":{"start":{"line":266,"column":24},"end":{"line":266,"column":33}},"127":{"start":{"line":269,"column":8},"end":{"line":272,"column":10}},"128":{"start":{"line":274,"column":8},"end":{"line":274,"column":18}},"129":{"start":{"line":275,"column":8},"end":{"line":277,"column":9}},"130":{"start":{"line":276,"column":12},"end":{"line":276,"column":32}},"131":{"start":{"line":279,"column":8},"end":{"line":279,"column":34}},"132":{"start":{"line":280,"column":8},"end":{"line":280,"column":83}},"133":{"start":{"line":280,"column":59},"end":{"line":280,"column":81}},"134":{"start":{"line":281,"column":8},"end":{"line":281,"column":83}},"135":{"start":{"line":281,"column":59},"end":{"line":281,"column":81}},"136":{"start":{"line":282,"column":8},"end":{"line":282,"column":83}},"137":{"start":{"line":282,"column":59},"end":{"line":282,"column":81}},"138":{"start":{"line":283,"column":8},"end":{"line":283,"column":83}},"139":{"start":{"line":283,"column":59},"end":{"line":283,"column":81}},"140":{"start":{"line":284,"column":8},"end":{"line":284,"column":83}},"141":{"start":{"line":284,"column":59},"end":{"line":284,"column":81}},"142":{"start":{"line":285,"column":8},"end":{"line":285,"column":83}},"143":{"start":{"line":285,"column":59},"end":{"line":285,"column":81}},"144":{"start":{"line":286,"column":8},"end":{"line":286,"column":83}},"145":{"start":{"line":286,"column":59},"end":{"line":286,"column":81}},"146":{"start":{"line":287,"column":8},"end":{"line":287,"column":83}},"147":{"start":{"line":287,"column":59},"end":{"line":287,"column":81}},"148":{"start":{"line":288,"column":8},"end":{"line":288,"column":83}},"149":{"start":{"line":288,"column":59},"end":{"line":288,"column":81}},"150":{"start":{"line":289,"column":8},"end":{"line":289,"column":83}},"151":{"start":{"line":289,"column":59},"end":{"line":289,"column":81}},"152":{"start":{"line":290,"column":8},"end":{"line":290,"column":83}},"153":{"start":{"line":290,"column":59},"end":{"line":290,"column":81}},"154":{"start":{"line":291,"column":8},"end":{"line":291,"column":83}},"155":{"start":{"line":291,"column":59},"end":{"line":291,"column":81}},"156":{"start":{"line":292,"column":8},"end":{"line":292,"column":83}},"157":{"start":{"line":292,"column":59},"end":{"line":292,"column":81}},"158":{"start":{"line":294,"column":8},"end":{"line":296,"column":10}},"159":{"start":{"line":295,"column":12},"end":{"line":295,"column":43}},"160":{"start":{"line":298,"column":8},"end":{"line":298,"column":29}},"161":{"start":{"line":298,"column":20},"end":{"line":298,"column":29}},"162":{"start":{"line":299,"column":8},"end":{"line":299,"column":63}},"163":{"start":{"line":303,"column":8},"end":{"line":303,"column":33}},"164":{"start":{"line":305,"column":8},"end":{"line":308,"column":9}},"165":{"start":{"line":306,"column":12},"end":{"line":307,"column":36}},"166":{"start":{"line":306,"column":33},"end":{"line":306,"column":39}},"167":{"start":{"line":307,"column":17},"end":{"line":307,"column":36}},"168":{"start":{"line":310,"column":8},"end":{"line":310,"column":37}},"169":{"start":{"line":314,"column":8},"end":{"line":318,"column":15}},"170":{"start":{"line":316,"column":16},"end":{"line":316,"column":70}},"171":{"start":{"line":317,"column":16},"end":{"line":317,"column":37}},"172":{"start":{"line":319,"column":8},"end":{"line":319,"column":83}},"173":{"start":{"line":319,"column":44},"end":{"line":319,"column":79}},"174":{"start":{"line":322,"column":8},"end":{"line":322,"column":28}},"175":{"start":{"line":323,"column":8},"end":{"line":329,"column":9}},"176":{"start":{"line":324,"column":12},"end":{"line":328,"column":13}},"177":{"start":{"line":325,"column":16},"end":{"line":327,"column":17}},"178":{"start":{"line":326,"column":20},"end":{"line":326,"column":64}},"179":{"start":{"line":332,"column":8},"end":{"line":348,"column":9}},"180":{"start":{"line":332,"column":31},"end":{"line":332,"column":49}},"181":{"start":{"line":334,"column":12},"end":{"line":346,"column":13}},"182":{"start":{"line":335,"column":16},"end":{"line":335,"column":105}},"183":{"start":{"line":336,"column":16},"end":{"line":338,"column":17}},"184":{"start":{"line":337,"column":20},"end":{"line":337,"column":60}},"185":{"start":{"line":339,"column":16},"end":{"line":339,"column":68}},"186":{"start":{"line":340,"column":16},"end":{"line":344,"column":17}},"187":{"start":{"line":341,"column":20},"end":{"line":343,"column":21}},"188":{"start":{"line":342,"column":24},"end":{"line":342,"column":54}},"189":{"start":{"line":345,"column":16},"end":{"line":345,"column":39}},"190":{"start":{"line":347,"column":12},"end":{"line":347,"column":46}}},"branchMap":{"1":{"line":19,"type":"if","locations":[{"start":{"line":19,"column":20},"end":{"line":19,"column":20}},{"start":{"line":19,"column":20},"end":{"line":19,"column":20}}]},"2":{"line":28,"type":"if","locations":[{"start":{"line":28,"column":16},"end":{"line":28,"column":16},"skip":true},{"start":{"line":28,"column":16},"end":{"line":28,"column":16}}]},"3":{"line":83,"type":"if","locations":[{"start":{"line":83,"column":12},"end":{"line":83,"column":12},"skip":true},{"start":{"line":83,"column":12},"end":{"line":83,"column":12}}]},"4":{"line":84,"type":"if","locations":[{"start":{"line":84,"column":12},"end":{"line":84,"column":12}},{"start":{"line":84,"column":12},"end":{"line":84,"column":12}}]},"5":{"line":84,"type":"binary-expr","locations":[{"start":{"line":84,"column":16},"end":{"line":84,"column":27}},{"start":{"line":84,"column":31},"end":{"line":84,"column":47}}]},"6":{"line":85,"type":"if","locations":[{"start":{"line":85,"column":12},"end":{"line":85,"column":12}},{"start":{"line":85,"column":12},"end":{"line":85,"column":12}}]},"7":{"line":85,"type":"binary-expr","locations":[{"start":{"line":85,"column":16},"end":{"line":85,"column":25}},{"start":{"line":85,"column":29},"end":{"line":85,"column":57}}]},"8":{"line":109,"type":"if","locations":[{"start":{"line":109,"column":8},"end":{"line":109,"column":8}},{"start":{"line":109,"column":8},"end":{"line":109,"column":8}}]},"9":{"line":112,"type":"if","locations":[{"start":{"line":112,"column":12},"end":{"line":112,"column":12}},{"start":{"line":112,"column":12},"end":{"line":112,"column":12}}]},"10":{"line":114,"type":"if","locations":[{"start":{"line":114,"column":19},"end":{"line":114,"column":19}},{"start":{"line":114,"column":19},"end":{"line":114,"column":19}}]},"11":{"line":116,"type":"if","locations":[{"start":{"line":116,"column":19},"end":{"line":116,"column":19}},{"start":{"line":116,"column":19},"end":{"line":116,"column":19}}]},"12":{"line":120,"type":"if","locations":[{"start":{"line":120,"column":12},"end":{"line":120,"column":12}},{"start":{"line":120,"column":12},"end":{"line":120,"column":12}}]},"13":{"line":142,"type":"if","locations":[{"start":{"line":142,"column":8},"end":{"line":142,"column":8}},{"start":{"line":142,"column":8},"end":{"line":142,"column":8}}]},"14":{"line":142,"type":"binary-expr","locations":[{"start":{"line":142,"column":12},"end":{"line":142,"column":19}},{"start":{"line":142,"column":23},"end":{"line":142,"column":26}}]},"15":{"line":145,"type":"if","locations":[{"start":{"line":145,"column":12},"end":{"line":145,"column":12}},{"start":{"line":145,"column":12},"end":{"line":145,"column":12}}]},"16":{"line":147,"type":"if","locations":[{"start":{"line":147,"column":19},"end":{"line":147,"column":19}},{"start":{"line":147,"column":19},"end":{"line":147,"column":19}}]},"17":{"line":149,"type":"if","locations":[{"start":{"line":149,"column":19},"end":{"line":149,"column":19}},{"start":{"line":149,"column":19},"end":{"line":149,"column":19}}]},"18":{"line":164,"type":"if","locations":[{"start":{"line":164,"column":12},"end":{"line":164,"column":12}},{"start":{"line":164,"column":12},"end":{"line":164,"column":12}}]},"19":{"line":180,"type":"if","locations":[{"start":{"line":180,"column":8},"end":{"line":180,"column":8}},{"start":{"line":180,"column":8},"end":{"line":180,"column":8}}]},"20":{"line":180,"type":"binary-expr","locations":[{"start":{"line":180,"column":12},"end":{"line":180,"column":15}},{"start":{"line":180,"column":19},"end":{"line":180,"column":24}}]},"21":{"line":183,"type":"if","locations":[{"start":{"line":183,"column":12},"end":{"line":183,"column":12}},{"start":{"line":183,"column":12},"end":{"line":183,"column":12}}]},"22":{"line":199,"type":"if","locations":[{"start":{"line":199,"column":12},"end":{"line":199,"column":12}},{"start":{"line":199,"column":12},"end":{"line":199,"column":12}}]},"23":{"line":204,"type":"if","locations":[{"start":{"line":204,"column":12},"end":{"line":204,"column":12}},{"start":{"line":204,"column":12},"end":{"line":204,"column":12}}]},"24":{"line":221,"type":"if","locations":[{"start":{"line":221,"column":12},"end":{"line":221,"column":12},"skip":true},{"start":{"line":221,"column":12},"end":{"line":221,"column":12}}]},"25":{"line":222,"type":"if","locations":[{"start":{"line":222,"column":12},"end":{"line":222,"column":12}},{"start":{"line":222,"column":12},"end":{"line":222,"column":12}}]},"26":{"line":223,"type":"if","locations":[{"start":{"line":223,"column":12},"end":{"line":223,"column":12}},{"start":{"line":223,"column":12},"end":{"line":223,"column":12}}]},"27":{"line":229,"type":"if","locations":[{"start":{"line":229,"column":8},"end":{"line":229,"column":8}},{"start":{"line":229,"column":8},"end":{"line":229,"column":8}}]},"28":{"line":229,"type":"binary-expr","locations":[{"start":{"line":229,"column":12},"end":{"line":229,"column":22}},{"start":{"line":229,"column":26},"end":{"line":229,"column":33}},{"start":{"line":229,"column":37},"end":{"line":229,"column":66}}]},"29":{"line":234,"type":"if","locations":[{"start":{"line":234,"column":8},"end":{"line":234,"column":8}},{"start":{"line":234,"column":8},"end":{"line":234,"column":8}}]},"30":{"line":236,"type":"if","locations":[{"start":{"line":236,"column":15},"end":{"line":236,"column":15}},{"start":{"line":236,"column":15},"end":{"line":236,"column":15}}]},"31":{"line":238,"type":"if","locations":[{"start":{"line":238,"column":15},"end":{"line":238,"column":15}},{"start":{"line":238,"column":15},"end":{"line":238,"column":15}}]},"32":{"line":240,"type":"if","locations":[{"start":{"line":240,"column":15},"end":{"line":240,"column":15}},{"start":{"line":240,"column":15},"end":{"line":240,"column":15}}]},"33":{"line":243,"type":"if","locations":[{"start":{"line":243,"column":15},"end":{"line":243,"column":15}},{"start":{"line":243,"column":15},"end":{"line":243,"column":15}}]},"34":{"line":248,"type":"if","locations":[{"start":{"line":248,"column":8},"end":{"line":248,"column":8}},{"start":{"line":248,"column":8},"end":{"line":248,"column":8}}]},"35":{"line":251,"type":"if","locations":[{"start":{"line":251,"column":15},"end":{"line":251,"column":15}},{"start":{"line":251,"column":15},"end":{"line":251,"column":15}}]},"36":{"line":254,"type":"if","locations":[{"start":{"line":254,"column":15},"end":{"line":254,"column":15}},{"start":{"line":254,"column":15},"end":{"line":254,"column":15}}]},"37":{"line":259,"type":"if","locations":[{"start":{"line":259,"column":8},"end":{"line":259,"column":8}},{"start":{"line":259,"column":8},"end":{"line":259,"column":8}}]},"38":{"line":260,"type":"if","locations":[{"start":{"line":260,"column":8},"end":{"line":260,"column":8}},{"start":{"line":260,"column":8},"end":{"line":260,"column":8}}]},"39":{"line":266,"type":"if","locations":[{"start":{"line":266,"column":8},"end":{"line":266,"column":8}},{"start":{"line":266,"column":8},"end":{"line":266,"column":8}}]},"40":{"line":280,"type":"if","locations":[{"start":{"line":280,"column":8},"end":{"line":280,"column":8}},{"start":{"line":280,"column":8},"end":{"line":280,"column":8}}]},"41":{"line":281,"type":"if","locations":[{"start":{"line":281,"column":8},"end":{"line":281,"column":8}},{"start":{"line":281,"column":8},"end":{"line":281,"column":8}}]},"42":{"line":282,"type":"if","locations":[{"start":{"line":282,"column":8},"end":{"line":282,"column":8}},{"start":{"line":282,"column":8},"end":{"line":282,"column":8}}]},"43":{"line":283,"type":"if","locations":[{"start":{"line":283,"column":8},"end":{"line":283,"column":8}},{"start":{"line":283,"column":8},"end":{"line":283,"column":8}}]},"44":{"line":284,"type":"if","locations":[{"start":{"line":284,"column":8},"end":{"line":284,"column":8}},{"start":{"line":284,"column":8},"end":{"line":284,"column":8}}]},"45":{"line":285,"type":"if","locations":[{"start":{"line":285,"column":8},"end":{"line":285,"column":8}},{"start":{"line":285,"column":8},"end":{"line":285,"column":8}}]},"46":{"line":286,"type":"if","locations":[{"start":{"line":286,"column":8},"end":{"line":286,"column":8}},{"start":{"line":286,"column":8},"end":{"line":286,"column":8}}]},"47":{"line":287,"type":"if","locations":[{"start":{"line":287,"column":8},"end":{"line":287,"column":8}},{"start":{"line":287,"column":8},"end":{"line":287,"column":8}}]},"48":{"line":288,"type":"if","locations":[{"start":{"line":288,"column":8},"end":{"line":288,"column":8}},{"start":{"line":288,"column":8},"end":{"line":288,"column":8}}]},"49":{"line":289,"type":"if","locations":[{"start":{"line":289,"column":8},"end":{"line":289,"column":8}},{"start":{"line":289,"column":8},"end":{"line":289,"column":8}}]},"50":{"line":290,"type":"if","locations":[{"start":{"line":290,"column":8},"end":{"line":290,"column":8}},{"start":{"line":290,"column":8},"end":{"line":290,"column":8}}]},"51":{"line":291,"type":"if","locations":[{"start":{"line":291,"column":8},"end":{"line":291,"column":8}},{"start":{"line":291,"column":8},"end":{"line":291,"column":8}}]},"52":{"line":292,"type":"if","locations":[{"start":{"line":292,"column":8},"end":{"line":292,"column":8}},{"start":{"line":292,"column":8},"end":{"line":292,"column":8}}]},"53":{"line":294,"type":"binary-expr","locations":[{"start":{"line":294,"column":21},"end":{"line":294,"column":31}},{"start":{"line":294,"column":35},"end":{"line":296,"column":9}}]},"54":{"line":298,"type":"if","locations":[{"start":{"line":298,"column":8},"end":{"line":298,"column":8}},{"start":{"line":298,"column":8},"end":{"line":298,"column":8}}]},"55":{"line":306,"type":"if","locations":[{"start":{"line":306,"column":12},"end":{"line":306,"column":12}},{"start":{"line":306,"column":12},"end":{"line":306,"column":12}}]},"56":{"line":325,"type":"if","locations":[{"start":{"line":325,"column":16},"end":{"line":325,"column":16}},{"start":{"line":325,"column":16},"end":{"line":325,"column":16}}]},"57":{"line":332,"type":"if","locations":[{"start":{"line":332,"column":8},"end":{"line":332,"column":8}},{"start":{"line":332,"column":8},"end":{"line":332,"column":8}}]},"58":{"line":334,"type":"if","locations":[{"start":{"line":334,"column":12},"end":{"line":334,"column":12}},{"start":{"line":334,"column":12},"end":{"line":334,"column":12}}]},"59":{"line":341,"type":"if","locations":[{"start":{"line":341,"column":20},"end":{"line":341,"column":20}},{"start":{"line":341,"column":20},"end":{"line":341,"column":20}}]},"60":{"line":341,"type":"binary-expr","locations":[{"start":{"line":341,"column":24},"end":{"line":341,"column":39}},{"start":{"line":341,"column":43},"end":{"line":341,"column":92}}]}}},"/Users/niyaven/Documents/dev/ajast/api/controllers/FreeCompanyController.js":{"path":"/Users/niyaven/Documents/dev/ajast/api/controllers/FreeCompanyController.js","s":{"1":1,"2":0,"3":1,"4":1,"5":1,"6":1,"7":0,"8":1,"9":1,"10":8,"11":1,"12":1,"13":2,"14":2,"15":0,"16":2,"17":1,"18":1,"19":1,"20":1,"21":1,"22":0,"23":1,"24":1,"25":8,"26":1,"27":1,"28":3,"29":3,"30":3,"31":3,"32":3,"33":0,"34":3,"35":1,"36":2,"37":1,"38":1,"39":1,"40":8,"41":1,"42":1,"43":6,"44":6,"45":1,"46":5,"47":5,"48":0,"49":5,"50":1,"51":4,"52":4,"53":0,"54":4,"55":1,"56":3,"57":2,"58":2,"59":1,"60":1,"61":1,"62":1,"63":0,"64":1,"65":1,"66":20,"67":20,"68":1,"69":19,"70":1,"71":18,"72":18,"73":0,"74":18,"75":1,"76":17,"77":1,"78":16,"79":16,"80":0,"81":16,"82":1,"83":15,"84":1,"85":14,"86":1,"87":13,"88":2,"89":11,"90":13,"91":13,"92":13,"93":13,"94":13,"95":13,"96":0,"97":13,"98":3,"99":3,"100":0,"101":3,"102":1,"103":1,"104":2,"105":1,"106":1,"107":1,"108":1,"109":1,"110":1,"111":1,"112":1,"113":0,"114":1},"b":{"1":[0,1],"2":[1,7],"3":[0,2],"4":[1,1],"5":[0,1],"6":[1,7],"7":[0,3],"8":[1,2],"9":[1,1],"10":[2,1],"11":[1,7],"12":[1,5],"13":[0,5],"14":[1,4],"15":[5,2,2],"16":[0,4],"17":[1,3],"18":[2,1],"19":[1,1],"20":[0,1],"21":[1,19],"22":[1,18],"23":[0,18],"24":[1,17],"25":[1,16],"26":[17,17],"27":[0,16],"28":[1,15],"29":[1,14],"30":[1,13],"31":[14,14],"32":[2,11],"33":[0,13],"34":[0,3],"35":[1,2],"36":[1,1],"37":[2,2],"38":[0,1]},"f":{"1":0,"2":1,"3":1,"4":1,"5":1,"6":2,"7":2,"8":1,"9":1,"10":1,"11":3,"12":3,"13":3,"14":3,"15":6,"16":5,"17":4,"18":2,"19":1,"20":20,"21":18,"22":16,"23":13,"24":13,"25":13,"26":13,"27":3,"28":3,"29":1,"30":1,"31":1,"32":1},"fnMap":{"1":{"name":"(anonymous_1)","line":10,"loc":{"start":{"line":10,"column":12},"end":{"line":10,"column":31}}},"2":{"name":"(anonymous_2)","line":15,"loc":{"start":{"line":15,"column":10},"end":{"line":15,"column":29}}},"3":{"name":"(anonymous_3)","line":17,"loc":{"start":{"line":17,"column":27},"end":{"line":17,"column":46}}},"4":{"name":"(anonymous_4)","line":26,"loc":{"start":{"line":26,"column":21},"end":{"line":26,"column":40}}},"5":{"name":"(anonymous_5)","line":29,"loc":{"start":{"line":29,"column":11},"end":{"line":29,"column":31}}},"6":{"name":"(anonymous_6)","line":51,"loc":{"start":{"line":51,"column":10},"end":{"line":51,"column":29}}},"7":{"name":"(anonymous_7)","line":52,"loc":{"start":{"line":52,"column":101},"end":{"line":52,"column":123}}},"8":{"name":"(anonymous_8)","line":64,"loc":{"start":{"line":64,"column":9},"end":{"line":64,"column":28}}},"9":{"name":"(anonymous_9)","line":66,"loc":{"start":{"line":66,"column":21},"end":{"line":66,"column":40}}},"10":{"name":"(anonymous_10)","line":69,"loc":{"start":{"line":69,"column":11},"end":{"line":69,"column":31}}},"11":{"name":"(anonymous_11)","line":90,"loc":{"start":{"line":90,"column":10},"end":{"line":90,"column":29}}},"12":{"name":"(anonymous_12)","line":92,"loc":{"start":{"line":92,"column":25},"end":{"line":92,"column":44}}},"13":{"name":"(anonymous_13)","line":96,"loc":{"start":{"line":96,"column":21},"end":{"line":96,"column":40}}},"14":{"name":"(anonymous_14)","line":99,"loc":{"start":{"line":99,"column":11},"end":{"line":99,"column":31}}},"15":{"name":"(anonymous_15)","line":123,"loc":{"start":{"line":123,"column":10},"end":{"line":123,"column":29}}},"16":{"name":"(anonymous_16)","line":127,"loc":{"start":{"line":127,"column":55},"end":{"line":127,"column":77}}},"17":{"name":"(anonymous_17)","line":136,"loc":{"start":{"line":136,"column":20},"end":{"line":136,"column":45}}},"18":{"name":"(anonymous_18)","line":141,"loc":{"start":{"line":141,"column":57},"end":{"line":141,"column":80}}},"19":{"name":"(anonymous_19)","line":147,"loc":{"start":{"line":147,"column":79},"end":{"line":147,"column":101}}},"20":{"name":"(anonymous_20)","line":159,"loc":{"start":{"line":159,"column":12},"end":{"line":159,"column":31}}},"21":{"name":"(anonymous_21)","line":167,"loc":{"start":{"line":167,"column":45},"end":{"line":167,"column":72}}},"22":{"name":"(anonymous_22)","line":173,"loc":{"start":{"line":173,"column":51},"end":{"line":173,"column":76}}},"23":{"name":"(anonymous_23)","line":184,"loc":{"start":{"line":184,"column":31},"end":{"line":184,"column":50}}},"24":{"name":"(anonymous_24)","line":187,"loc":{"start":{"line":187,"column":33},"end":{"line":187,"column":52}}},"25":{"name":"(anonymous_25)","line":190,"loc":{"start":{"line":190,"column":28},"end":{"line":190,"column":47}}},"26":{"name":"(anonymous_26)","line":201,"loc":{"start":{"line":201,"column":19},"end":{"line":201,"column":39}}},"27":{"name":"(anonymous_27)","line":210,"loc":{"start":{"line":210,"column":12},"end":{"line":210,"column":31}}},"28":{"name":"(anonymous_28)","line":211,"loc":{"start":{"line":211,"column":56},"end":{"line":211,"column":83}}},"29":{"name":"(anonymous_29)","line":224,"loc":{"start":{"line":224,"column":28},"end":{"line":224,"column":47}}},"30":{"name":"(anonymous_30)","line":228,"loc":{"start":{"line":228,"column":31},"end":{"line":228,"column":50}}},"31":{"name":"(anonymous_31)","line":231,"loc":{"start":{"line":231,"column":29},"end":{"line":231,"column":48}}},"32":{"name":"(anonymous_32)","line":234,"loc":{"start":{"line":234,"column":15},"end":{"line":234,"column":35}}}},"statementMap":{"1":{"start":{"line":8,"column":0},"end":{"line":241,"column":2}},"2":{"start":{"line":12,"column":8},"end":{"line":12,"column":38}},"3":{"start":{"line":16,"column":8},"end":{"line":47,"column":11}},"4":{"start":{"line":18,"column":16},"end":{"line":24,"column":36}},"5":{"start":{"line":27,"column":16},"end":{"line":27,"column":45}},"6":{"start":{"line":31,"column":12},"end":{"line":31,"column":49}},"7":{"start":{"line":31,"column":21},"end":{"line":31,"column":49},"skip":true},"8":{"start":{"line":33,"column":12},"end":{"line":33,"column":33}},"9":{"start":{"line":34,"column":12},"end":{"line":38,"column":13}},"10":{"start":{"line":35,"column":16},"end":{"line":37,"column":17}},"11":{"start":{"line":36,"column":20},"end":{"line":36,"column":65}},"12":{"start":{"line":40,"column":12},"end":{"line":46,"column":15}},"13":{"start":{"line":52,"column":8},"end":{"line":61,"column":11}},"14":{"start":{"line":54,"column":12},"end":{"line":54,"column":49}},"15":{"start":{"line":54,"column":21},"end":{"line":54,"column":49},"skip":true},"16":{"start":{"line":55,"column":12},"end":{"line":55,"column":91}},"17":{"start":{"line":55,"column":25},"end":{"line":55,"column":91}},"18":{"start":{"line":56,"column":12},"end":{"line":60,"column":15}},"19":{"start":{"line":65,"column":8},"end":{"line":87,"column":11}},"20":{"start":{"line":67,"column":16},"end":{"line":67,"column":45}},"21":{"start":{"line":71,"column":12},"end":{"line":71,"column":49}},"22":{"start":{"line":71,"column":21},"end":{"line":71,"column":49},"skip":true},"23":{"start":{"line":73,"column":12},"end":{"line":73,"column":33}},"24":{"start":{"line":74,"column":12},"end":{"line":78,"column":13}},"25":{"start":{"line":75,"column":16},"end":{"line":77,"column":17}},"26":{"start":{"line":76,"column":20},"end":{"line":76,"column":65}},"27":{"start":{"line":80,"column":12},"end":{"line":86,"column":15}},"28":{"start":{"line":91,"column":8},"end":{"line":120,"column":11}},"29":{"start":{"line":93,"column":16},"end":{"line":93,"column":50}},"30":{"start":{"line":94,"column":16},"end":{"line":94,"column":99}},"31":{"start":{"line":97,"column":16},"end":{"line":97,"column":45}},"32":{"start":{"line":101,"column":12},"end":{"line":101,"column":49}},"33":{"start":{"line":101,"column":21},"end":{"line":101,"column":49},"skip":true},"34":{"start":{"line":102,"column":12},"end":{"line":103,"column":194}},"35":{"start":{"line":102,"column":35},"end":{"line":102,"column":101}},"36":{"start":{"line":103,"column":17},"end":{"line":103,"column":194}},"37":{"start":{"line":103,"column":109},"end":{"line":103,"column":194}},"38":{"start":{"line":105,"column":12},"end":{"line":105,"column":33}},"39":{"start":{"line":106,"column":12},"end":{"line":110,"column":13}},"40":{"start":{"line":107,"column":16},"end":{"line":109,"column":17}},"41":{"start":{"line":108,"column":20},"end":{"line":108,"column":65}},"42":{"start":{"line":112,"column":12},"end":{"line":119,"column":15}},"43":{"start":{"line":124,"column":8},"end":{"line":124,"column":51}},"44":{"start":{"line":125,"column":8},"end":{"line":125,"column":73}},"45":{"start":{"line":125,"column":26},"end":{"line":125,"column":73}},"46":{"start":{"line":127,"column":8},"end":{"line":156,"column":11}},"47":{"start":{"line":129,"column":12},"end":{"line":130,"column":184}},"48":{"start":{"line":129,"column":21},"end":{"line":129,"column":49},"skip":true},"49":{"start":{"line":130,"column":17},"end":{"line":130,"column":184}},"50":{"start":{"line":130,"column":99},"end":{"line":130,"column":184}},"51":{"start":{"line":132,"column":12},"end":{"line":155,"column":15}},"52":{"start":{"line":138,"column":16},"end":{"line":138,"column":53}},"53":{"start":{"line":138,"column":25},"end":{"line":138,"column":53},"skip":true},"54":{"start":{"line":139,"column":16},"end":{"line":139,"column":75}},"55":{"start":{"line":139,"column":31},"end":{"line":139,"column":75}},"56":{"start":{"line":140,"column":16},"end":{"line":154,"column":17}},"57":{"start":{"line":141,"column":20},"end":{"line":145,"column":23}},"58":{"start":{"line":143,"column":24},"end":{"line":143,"column":61}},"59":{"start":{"line":143,"column":33},"end":{"line":143,"column":61},"skip":true},"60":{"start":{"line":144,"column":24},"end":{"line":144,"column":48}},"61":{"start":{"line":147,"column":20},"end":{"line":153,"column":23}},"62":{"start":{"line":149,"column":24},"end":{"line":149,"column":83}},"63":{"start":{"line":149,"column":33},"end":{"line":149,"column":83},"skip":true},"64":{"start":{"line":150,"column":24},"end":{"line":150,"column":71}},"65":{"start":{"line":151,"column":24},"end":{"line":151,"column":41}},"66":{"start":{"line":160,"column":8},"end":{"line":162,"column":47}},"67":{"start":{"line":164,"column":8},"end":{"line":164,"column":63}},"68":{"start":{"line":164,"column":19},"end":{"line":164,"column":63}},"69":{"start":{"line":165,"column":8},"end":{"line":165,"column":70}},"70":{"start":{"line":165,"column":23},"end":{"line":165,"column":70}},"71":{"start":{"line":167,"column":8},"end":{"line":207,"column":11}},"72":{"start":{"line":169,"column":12},"end":{"line":169,"column":49}},"73":{"start":{"line":169,"column":21},"end":{"line":169,"column":49},"skip":true},"74":{"start":{"line":170,"column":12},"end":{"line":171,"column":184}},"75":{"start":{"line":170,"column":30},"end":{"line":170,"column":96}},"76":{"start":{"line":171,"column":17},"end":{"line":171,"column":184}},"77":{"start":{"line":171,"column":99},"end":{"line":171,"column":184}},"78":{"start":{"line":173,"column":12},"end":{"line":206,"column":15}},"79":{"start":{"line":175,"column":16},"end":{"line":178,"column":120}},"80":{"start":{"line":175,"column":25},"end":{"line":175,"column":53},"skip":true},"81":{"start":{"line":176,"column":21},"end":{"line":178,"column":120}},"82":{"start":{"line":176,"column":37},"end":{"line":176,"column":95}},"83":{"start":{"line":177,"column":21},"end":{"line":178,"column":120}},"84":{"start":{"line":177,"column":46},"end":{"line":177,"column":96}},"85":{"start":{"line":178,"column":21},"end":{"line":178,"column":120}},"86":{"start":{"line":178,"column":71},"end":{"line":178,"column":120}},"87":{"start":{"line":180,"column":16},"end":{"line":181,"column":60}},"88":{"start":{"line":180,"column":31},"end":{"line":180,"column":71}},"89":{"start":{"line":181,"column":21},"end":{"line":181,"column":60}},"90":{"start":{"line":183,"column":16},"end":{"line":205,"column":19}},"91":{"start":{"line":185,"column":24},"end":{"line":185,"column":95}},"92":{"start":{"line":188,"column":24},"end":{"line":188,"column":93}},"93":{"start":{"line":191,"column":24},"end":{"line":198,"column":26}},"94":{"start":{"line":199,"column":24},"end":{"line":199,"column":66}},"95":{"start":{"line":203,"column":20},"end":{"line":203,"column":57}},"96":{"start":{"line":203,"column":29},"end":{"line":203,"column":57},"skip":true},"97":{"start":{"line":204,"column":20},"end":{"line":204,"column":54}},"98":{"start":{"line":211,"column":8},"end":{"line":239,"column":11}},"99":{"start":{"line":213,"column":12},"end":{"line":213,"column":49}
[...]
{"line":203,"column":20},"end":{"line":203,"column":20}}]},"34":{"line":213,"type":"if","locations":[{"start":{"line":213,"column":12},"end":{"line":213,"column":12},"skip":true},{"start":{"line":213,"column":12},"end":{"line":213,"column":12}}]},"35":{"line":214,"type":"if","locations":[{"start":{"line":214,"column":12},"end":{"line":214,"column":12}},{"start":{"line":214,"column":12},"end":{"line":214,"column":12}}]},"36":{"line":218,"type":"if","locations":[{"start":{"line":218,"column":12},"end":{"line":218,"column":12}},{"start":{"line":218,"column":12},"end":{"line":218,"column":12}}]},"37":{"line":218,"type":"binary-expr","locations":[{"start":{"line":218,"column":16},"end":{"line":218,"column":44}},{"start":{"line":218,"column":48},"end":{"line":218,"column":92}}]},"38":{"line":236,"type":"if","locations":[{"start":{"line":236,"column":16},"end":{"line":236,"column":16},"skip":true},{"start":{"line":236,"column":16},"end":{"line":236,"column":16}}]}}},"/Users/niyaven/Documents/dev/ajast/api/controllers/NotificationController.js":{"path":"/Users/niyaven/Documents/dev/ajast/api/controllers/NotificationController.js","s":{"1":1,"2":14,"3":1,"4":13,"5":13,"6":0,"7":13,"8":5,"9":1,"10":4,"11":4,"12":4,"13":0,"14":4,"15":1,"16":3,"17":1,"18":2,"19":2,"20":5,"21":1,"22":4,"23":4,"24":4,"25":0,"26":4,"27":1,"28":3,"29":1,"30":2,"31":2,"32":2,"33":2,"34":2,"35":2,"36":2,"37":2,"38":0,"39":2,"40":2,"41":2,"42":2,"43":0,"44":2,"45":2,"46":1,"47":2,"48":1,"49":2,"50":2,"51":2,"52":2,"53":2,"54":0,"55":2},"b":{"1":[1,13],"2":[0,13],"3":[1,4],"4":[0,4],"5":[1,3],"6":[1,2],"7":[2,0],"8":[1,4],"9":[0,4],"10":[1,3],"11":[1,2],"12":[2,0],"13":[0,2],"14":[0,2],"15":[1,1],"16":[1,1],"17":[0,2]},"f":{"1":14,"2":13,"3":5,"4":4,"5":5,"6":4,"7":2,"8":2,"9":2,"10":2,"11":2,"12":2,"13":2,"14":2,"15":2,"16":2,"17":2},"fnMap":{"1":{"name":"(anonymous_1)","line":10,"loc":{"start":{"line":10,"column":10},"end":{"line":10,"column":29}}},"2":{"name":"(anonymous_2)","line":13,"loc":{"start":{"line":13,"column":54},"end":{"line":13,"column":75}}},"3":{"name":"(anonymous_3)","line":20,"loc":{"start":{"line":20,"column":12},"end":{"line":20,"column":31}}},"4":{"name":"(anonymous_4)","line":24,"loc":{"start":{"line":24,"column":57},"end":{"line":24,"column":85}}},"5":{"name":"(anonymous_5)","line":34,"loc":{"start":{"line":34,"column":13},"end":{"line":34,"column":32}}},"6":{"name":"(anonymous_6)","line":38,"loc":{"start":{"line":38,"column":57},"end":{"line":38,"column":85}}},"7":{"name":"(anonymous_7)","line":48,"loc":{"start":{"line":48,"column":21},"end":{"line":48,"column":49}}},"8":{"name":"(anonymous_8)","line":53,"loc":{"start":{"line":53,"column":23},"end":{"line":53,"column":42}}},"9":{"name":"(anonymous_9)","line":56,"loc":{"start":{"line":56,"column":26},"end":{"line":56,"column":45}}},"10":{"name":"(anonymous_10)","line":59,"loc":{"start":{"line":59,"column":21},"end":{"line":59,"column":40}}},"11":{"name":"(anonymous_11)","line":62,"loc":{"start":{"line":62,"column":11},"end":{"line":62,"column":31}}},"12":{"name":"(anonymous_12)","line":69,"loc":{"start":{"line":69,"column":22},"end":{"line":69,"column":50}}},"13":{"name":"(anonymous_13)","line":73,"loc":{"start":{"line":73,"column":55},"end":{"line":73,"column":77}}},"14":{"name":"(anonymous_14)","line":84,"loc":{"start":{"line":84,"column":29},"end":{"line":84,"column":48}}},"15":{"name":"(anonymous_15)","line":87,"loc":{"start":{"line":87,"column":27},"end":{"line":87,"column":46}}},"16":{"name":"(anonymous_16)","line":90,"loc":{"start":{"line":90,"column":30},"end":{"line":90,"column":49}}},"17":{"name":"(anonymous_17)","line":93,"loc":{"start":{"line":93,"column":15},"end":{"line":93,"column":35}}}},"statementMap":{"1":{"start":{"line":8,"column":0},"end":{"line":100,"column":2}},"2":{"start":{"line":11,"column":8},"end":{"line":11,"column":43}},"3":{"start":{"line":11,"column":23},"end":{"line":11,"column":43}},"4":{"start":{"line":13,"column":8},"end":{"line":17,"column":11}},"5":{"start":{"line":15,"column":12},"end":{"line":15,"column":49}},"6":{"start":{"line":15,"column":21},"end":{"line":15,"column":49},"skip":true},"7":{"start":{"line":16,"column":12},"end":{"line":16,"column":34}},"8":{"start":{"line":21,"column":8},"end":{"line":21,"column":98}},"9":{"start":{"line":21,"column":23},"end":{"line":21,"column":98}},"10":{"start":{"line":22,"column":8},"end":{"line":22,"column":24}},"11":{"start":{"line":24,"column":8},"end":{"line":31,"column":11}},"12":{"start":{"line":26,"column":12},"end":{"line":28,"column":136}},"13":{"start":{"line":26,"column":21},"end":{"line":26,"column":49},"skip":true},"14":{"start":{"line":27,"column":17},"end":{"line":28,"column":136}},"15":{"start":{"line":27,"column":36},"end":{"line":27,"column":95}},"16":{"start":{"line":28,"column":17},"end":{"line":28,"column":136}},"17":{"start":{"line":28,"column":57},"end":{"line":28,"column":136}},"18":{"start":{"line":30,"column":12},"end":{"line":30,"column":97}},"19":{"start":{"line":30,"column":50},"end":{"line":30,"column":97}},"20":{"start":{"line":35,"column":8},"end":{"line":35,"column":98}},"21":{"start":{"line":35,"column":23},"end":{"line":35,"column":98}},"22":{"start":{"line":36,"column":8},"end":{"line":36,"column":24}},"23":{"start":{"line":38,"column":8},"end":{"line":45,"column":11}},"24":{"start":{"line":40,"column":12},"end":{"line":42,"column":136}},"25":{"start":{"line":40,"column":21},"end":{"line":40,"column":49},"skip":true},"26":{"start":{"line":41,"column":17},"end":{"line":42,"column":136}},"27":{"start":{"line":41,"column":36},"end":{"line":41,"column":95}},"28":{"start":{"line":42,"column":17},"end":{"line":42,"column":136}},"29":{"start":{"line":42,"column":57},"end":{"line":42,"column":136}},"30":{"start":{"line":44,"column":12},"end":{"line":44,"column":98}},"31":{"start":{"line":44,"column":50},"end":{"line":44,"column":98}},"32":{"start":{"line":49,"column":8},"end":{"line":50,"column":56}},"33":{"start":{"line":52,"column":8},"end":{"line":66,"column":11}},"34":{"start":{"line":54,"column":16},"end":{"line":54,"column":88}},"35":{"start":{"line":57,"column":16},"end":{"line":57,"column":75}},"36":{"start":{"line":60,"column":16},"end":{"line":60,"column":73}},"37":{"start":{"line":64,"column":12},"end":{"line":65,"column":33}},"38":{"start":{"line":64,"column":21},"end":{"line":64,"column":49},"skip":true},"39":{"start":{"line":65,"column":17},"end":{"line":65,"column":33}},"40":{"start":{"line":70,"column":8},"end":{"line":71,"column":56}},"41":{"start":{"line":73,"column":8},"end":{"line":98,"column":11}},"42":{"start":{"line":75,"column":12},"end":{"line":75,"column":49}},"43":{"start":{"line":75,"column":21},"end":{"line":75,"column":49},"skip":true},"44":{"start":{"line":77,"column":12},"end":{"line":78,"column":78}},"45":{"start":{"line":80,"column":12},"end":{"line":80,"column":76}},"46":{"start":{"line":80,"column":36},"end":{"line":80,"column":76}},"47":{"start":{"line":81,"column":12},"end":{"line":81,"column":73}},"48":{"start":{"line":81,"column":35},"end":{"line":81,"column":73}},"49":{"start":{"line":83,"column":12},"end":{"line":97,"column":15}},"50":{"start":{"line":85,"column":20},"end":{"line":85,"column":130}},"51":{"start":{"line":88,"column":20},"end":{"line":88,"column":92}},"52":{"start":{"line":91,"column":20},"end":{"line":91,"column":79}},"53":{"start":{"line":95,"column":16},"end":{"line":96,"column":37}},"54":{"start":{"line":95,"column":25},"end":{"line":95,"column":53},"skip":true},"55":{"start":{"line":96,"column":21},"end":{"line":96,"column":37}}},"branchMap":{"1":{"line":11,"type":"if","locations":[{"start":{"line":11,"column":8},"end":{"line":11,"column":8}},{"start":{"line":11,"column":8},"end":{"line":11,"column":8}}]},"2":{"line":15,"type":"if","locations":[{"start":{"line":15,"column":12},"end":{"line":15,"column":12},"skip":true},{"start":{"line":15,"column":12},"end":{"line":15,"column":12}}]},"3":{"line":21,"type":"if","locations":[{"start":{"line":21,"column":8},"end":{"line":21,"column":8}},{"start":{"line":21,"column":8},"end":{"line":21,"column":8}}]},"4":{"line":26,"type":"if","locations":[{"start":{"line":26,"column":12},"end":{"line":26,"column":12},"skip":true},{"start":{"line":26,"column":12},"end":{"line":26,"column":12}}]},"5":{"line":27,"type":"if","locations":[{"start":{"line":27,"column":17},"end":{"line":27,"column":17}},{"start":{"line":27,"column":17},"end":{"line":27,"column":17}}]},"6":{"line":28,"type":"if","locations":[{"start":{"line":28,"column":17},"end":{"line":28,"column":17}},{"start":{"line":28,"column":17},"end":{"line":28,"column":17}}]},"7":{"line":30,"type":"if","locations":[{"start":{"line":30,"column":12},"end":{"line":30,"column":12}},{"start":{"line":30,"column":12},"end":{"line":30,"column":12}}]},"8":{"line":35,"type":"if","locations":[{"start":{"line":35,"column":8},"end":{"line":35,"column":8}},{"start":{"line":35,"column":8},"end":{"line":35,"column":8}}]},"9":{"line":40,"type":"if","locations":[{"start":{"line":40,"column":12},"end":{"line":40,"column":12},"skip":true},{"start":{"line":40,"column":12},"end":{"line":40,"column":12}}]},"10":{"line":41,"type":"if","locations":[{"start":{"line":41,"column":17},"end":{"line":41,"column":17}},{"start":{"line":41,"column":17},"end":{"line":41,"column":17}}]},"11":{"line":42,"type":"if","locations":[{"start":{"line":42,"column":17},"end":{"line":42,"column":17}},{"start":{"line":42,"column":17},"end":{"line":42,"column":17}}]},"12":{"line":44,"type":"if","locations":[{"start":{"line":44,"column":12},"end":{"line":44,"column":12}},{"start":{"line":44,"column":12},"end":{"line":44,"column":12}}]},"13":{"line":64,"type":"if","locations":[{"start":{"line":64,"column":12},"end":{"line":64,"column":12},"skip":true},{"start":{"line":64,"column":12},"end":{"line":64,"column":12}}]},"14":{"line":75,"type":"if","locations":[{"start":{"line":75,"column":12},"end":{"line":75,"column":12},"skip":true},{"start":{"line":75,"column":12},"end":{"line":75,"column":12}}]},"15":{"line":80,"type":"if","locations":[{"start":{"line":80,"column":12},"end":{"line":80,"column":12}},{"start":{"line":80,"column":12},"end":{"line":80,"column":12}}]},"16":{"line":81,"type":"if","locations":[{"start":{"line":81,"column":12},"end":{"line":81,"column":12}},{"start":{"line":81,"column":12},"end":{"line":81,"column":12}}]},"17":{"line":95,"type":"if","locations":[{"start":{"line":95,"column":16},"end":{"line":95,"column":16},"skip":true},{"start":{"line":95,"column":16},"end":{"line":95,"column":16}}]}}},"/Users/niyaven/Documents/dev/ajast/api/controllers/PageController.js":{"path":"/Users/niyaven/Documents/dev/ajast/api/controllers/PageController.js","s":{"1":1,"2":1,"3":1,"4":1,"5":1,"6":1,"7":1,"8":1,"9":1,"10":1,"11":1,"12":1,"13":1,"14":1,"15":1,"16":0,"17":1,"18":1,"19":1,"20":1,"21":1,"22":1,"23":1,"24":1,"25":1,"26":1},"b":{"1":[0,1]},"f":{"1":1,"2":1,"3":1,"4":1,"5":1,"6":1},"fnMap":{"1":{"name":"(anonymous_1)","line":12,"loc":{"start":{"line":12,"column":11},"end":{"line":12,"column":30}}},"2":{"name":"(anonymous_2)","line":19,"loc":{"start":{"line":19,"column":13},"end":{"line":19,"column":32}}},"3":{"name":"(anonymous_3)","line":30,"loc":{"start":{"line":30,"column":27},"end":{"line":30,"column":46}}},"4":{"name":"(anonymous_4)","line":33,"loc":{"start":{"line":33,"column":24},"end":{"line":33,"column":43}}},"5":{"name":"(anonymous_5)","line":36,"loc":{"start":{"line":36,"column":11},"end":{"line":36,"column":31}}},"6":{"name":"(anonymous_6)","line":54,"loc":{"start":{"line":54,"column":10},"end":{"line":54,"column":29}}}},"statementMap":{"1":{"start":{"line":8,"column":0},"end":{"line":8,"column":29}},"2":{"start":{"line":10,"column":0},"end":{"line":59,"column":2}},"3":{"start":{"line":13,"column":8},"end":{"line":16,"column":11}},"4":{"start":{"line":20,"column":8},"end":{"line":20,"column":59}},"5":{"start":{"line":21,"column":8},"end":{"line":21,"column":78}},"6":{"start":{"line":22,"column":8},"end":{"line":22,"column":113}},"7":{"start":{"line":23,"column":8},"end":{"line":23,"column":130}},"8":{"start":{"line":24,"column":8},"end":{"line":24,"column":124}},"9":{"start":{"line":25,"column":8},"end":{"line":25,"column":120}},"10":{"start":{"line":26,"column":8},"end":{"line":26,"column":116}},"11":{"start":{"line":27,"column":8},"end":{"line":27,"column":118}},"12":{"start":{"line":29,"column":8},"end":{"line":51,"column":11}},"13":{"start":{"line":31,"column":16},"end":{"line":31,"column":50}},"14":{"start":{"line":34,"column":16},"end":{"line":34,"column":48}},"15":{"start":{"line":38,"column":12},"end":{"line":38,"column":49}},"16":{"start":{"line":38,"column":21},"end":{"line":38,"column":49},"skip":true},"17":{"start":{"line":40,"column":12},"end":{"line":42,"column":13}},"18":{"start":{"line":41,"column":16},"end":{"line":41,"column":171}},"19":{"start":{"line":44,"column":12},"end":{"line":46,"column":13}},"20":{"start":{"line":45,"column":16},"end":{"line":45,"column":167}},"21":{"start":{"line":48,"column":12},"end":{"line":48,"column":31}},"22":{"start":{"line":49,"column":12},"end":{"line":49,"column":48}},"23":{"start":{"line":50,"column":12},"end":{"line":50,"column":33}},"24":{"start":{"line":55,"column":8},"end":{"line":55,"column":37}},"25":{"start":{"line":56,"column":8},"end":{"line":56,"column":33}},"26":{"start":{"line":57,"column":8},"end":{"line":57,"column":33}}},"branchMap":{"1":{"line":38,"type":"if","locations":[{"start":{"line":38,"column":12},"end":{"line":38,"column":12},"skip":true},{"start":{"line":38,"column":12},"end":{"line":38,"column":12}}]}}},"/Users/niyaven/Documents/dev/ajast/api/controllers/RollController.js":{"path":"/Users/niyaven/Documents/dev/ajast/api/controllers/RollController.js","s":{"1":1,"2":1,"3":2,"4":2,"5":0,"6":2,"7":2,"8":2,"9":1,"10":1,"11":1,"12":0,"13":1,"14":1},"b":{"1":[0,2],"2":[2,0],"3":[0,1]},"f":{"1":1,"2":2,"3":2,"4":1,"5":1},"fnMap":{"1":{"name":"(anonymous_1)","line":10,"loc":{"start":{"line":10,"column":11},"end":{"line":10,"column":30}}},"2":{"name":"(anonymous_2)","line":17,"loc":{"start":{"line":17,"column":13},"end":{"line":17,"column":32}}},"3":{"name":"(anonymous_3)","line":18,"loc":{"start":{"line":18,"column":71},"end":{"line":18,"column":92}}},"4":{"name":"(anonymous_4)","line":26,"loc":{"start":{"line":26,"column":12},"end":{"line":26,"column":31}}},"5":{"name":"(anonymous_5)","line":31,"loc":{"start":{"line":31,"column":71},"end":{"line":31,"column":93}}}},"statementMap":{"1":{"start":{"line":8,"column":0},"end":{"line":38,"column":2}},"2":{"start":{"line":11,"column":8},"end":{"line":14,"column":11}},"3":{"start":{"line":18,"column":8},"end":{"line":23,"column":11}},"4":{"start":{"line":20,"column":12},"end":{"line":20,"column":49}},"5":{"start":{"line":20,"column":21},"end":{"line":20,"column":49},"skip":true},"6":{"start":{"line":21,"column":12},"end":{"line":21,"column":44}},"7":{"start":{"line":21,"column":28},"end":{"line":21,"column":44}},"8":{"start":{"line":22,"column":12},"end":{"line":22,"column":35}},"9":{"start":{"line":27,"column":8},"end":{"line":29,"column":52}},"10":{"start":{"line":31,"column":8},"end":{"line":36,"column":11}},"11":{"start":{"line":33,"column":12},"end":{"line":33,"column":49}},"12":{"start":{"line":33,"column":21},"end":{"line":33,"column":49},"skip":true},"13":{"start":{"line":34,"column":12},"end":{"line":34,"column":39}},"14":{"start":{"line":35,"column":12},"end":{"line":35,"column":36}}},"branchMap":{"1":{"line":20,"type":"if","locations":[{"start":{"line":20,"column":12},"end":{"line":20,"column":12},"skip":true},{"start":{"line":20,"column":12},"end":{"line":20,"column":12}}]},"2":{"line":21,"type":"if","locations":[{"start":{"line":21,"column":12},"end":{"line":21,"column":12}},{"start":{"line":21,"column":12},"end":{"line":21,"column":12}}]},"3":{"line":33,"type":"if","locations":[{"start":{"line":33,"column":12},"end":{"line":33,"column":12},"skip":true},{"start":{"line":33,"column":12},"end":{"line":33,"column":12}}]}}},"/Users/niyaven/Documents/dev/ajast/api/controllers/UploadController.js":{"path":"/Users/niyaven/Documents/dev/ajast/api/controllers/UploadController.js","s":{"1":1,"2":1,"3":1,"4":1,"5":1,"6":1,"7":2,"8":2,"9":0,"10":2},"b":{"1":[0,2]},"f":{"1":1,"2":1,"3":2,"4":2},"fnMap":{"1":{"name":"(anonymous_1)","line":11,"loc":{"start":{"line":11,"column":18},"end":{"line":11,"column":38}}},"2":{"name":"(anonymous_2)","line":16,"loc":{"start":{"line":16,"column":18},"end":{"line":16,"column":38}}},"3":{"name":"(anonymous_3)","line":21,"loc":{"start":{"line":21,"column":13},"end":{"line":21,"column":41}}},"4":{"name":"(anonymous_4)","line":22,"loc":{"start":{"line":22,"column":51},"end":{"line":22,"column":81}}}},"statementMap":{"1":{"start":{"line":7,"column":0},"end":{"line":8,"column":27}},"2":{"start":{"line":10,"column":0},"end":{"line":31,"column":2}},"3":{"start":{"line":12,"column":8},"end":{"line":12,"column":58}},"4":{"start":{"line":13,"column":8},"end":{"line":13,"column":39}},"5":{"start":{"line":17,"column":8},"end":{"line":17,"column":58}},"6":{"start":{"line":18,"column":8},"end":{"line":18,"column":39}},"7":{"start":{"line":22,"column":8},"end":{"line":29,"column":11}},"8":{"start":{"line":24,"column":12},"end":{"line":24,"column":47}},"9":{"start":{"line":24,"column":21},"end":{"line":24,"column":47},"skip":true},"10":{"start":{"line":25,"column":12},"end":{"line":28,"column":15}}},"branchMap":{"1":{"line":24,"type":"if","locations":[{"start":{"line":24,"column":12},"end":{"line":24,"column":12},"skip":true},{"start":{"line":24,"column":12},"end":{"line":24,"column":12}}]}}},"/Users/niyaven/Documents/dev/ajast/api/policies/passport.js":{"path":"/Users/niyaven/Documents/dev/ajast/api/policies/passport.js","s":{"1":1,"2":118,"3":118,"4":118,"5":111,"6":111,"7":111,"8":7,"9":7},"b":{"1":[111,7],"2":[118,118]},"f":{"1":118,"2":118,"3":118},"fnMap":{"1":{"name":"(anonymous_1)","line":24,"loc":{"start":{"line":24,"column":17},"end":{"line":24,"column":43}}},"2":{"name":"(anonymous_2)","line":26,"loc":{"start":{"line":26,"column":36},"end":{"line":26,"column":48}}},"3":{"name":"(anonymous_3)","line":28,"loc":{"start":{"line":28,"column":37},"end":{"line":28,"column":49}}}},"statementMap":{"1":{"start":{"line":24,"column":0},"end":{"line":40,"column":2}},"2":{"start":{"line":26,"column":4},"end":{"line":39,"column":7}},"3":{"start":{"line":28,"column":8},"end":{"line":38,"column":11}},"4":{"start":{"line":29,"column":12},"end":{"line":33,"column":13}},"5":{"start":{"line":30,"column":16},"end":{"line":30,"column":57}},"6":{"start":{"line":31,"column":16},"end":{"line":31,"column":40}},"7":{"start":{"line":32,"column":16},"end":{"line":32,"column":30}},"8":{"start":{"line":35,"column":12},"end":{"line":35,"column":39}},"9":{"start":{"line":37,"column":12},"end":{"line":37,"column":19}}},"branchMap":{"1":{"line":29,"type":"if","locations":[{"start":{"line":29,"column":12},"end":{"line":29,"column":12}},{"start":{"line":29,"column":12},"end":{"line":29,"column":12}}]},"2":{"line":29,"type":"binary-expr","locations":[{"start":{"line":29,"column":16},"end":{"line":29,"column":47}},{"start":{"line":29,"column":51},"end":{"line":29,"column":73}}]}}},"/Users/niyaven/Documents/dev/ajast/api/policies/sessionAuth.js":{"path":"/Users/niyaven/Documents/dev/ajast/api/policies/sessionAuth.js","s":{"1":1,"2":69,"3":69,"4":0},"b":{"1":[69,0]},"f":{"1":69},"fnMap":{"1":{"name":"(anonymous_1)","line":10,"loc":{"start":{"line":10,"column":17},"end":{"line":10,"column":42}}}},"statementMap":{"1":{"start":{"line":10,"column":0},"end":{"line":21,"column":2}},"2":{"start":{"line":14,"column":2},"end":{"line":16,"column":3}},"3":{"start":{"line":15,"column":4},"end":{"line":15,"column":18}},"4":{"start":{"line":20,"column":2},"end":{"line":20,"column":31}}},"branchMap":{"1":{"line":14,"type":"if","locations":[{"start":{"line":14,"column":2},"end":{"line":14,"column":2}},{"start":{"line":14,"column":2},"end":{"line":14,"column":2}}]}}}}