{"/Users/niyaven/Documents/dev/ajast/config/blueprints.js":{"path":"/Users/niyaven/Documents/dev/ajast/config/blueprints.js","s":{"1":1},"b":{},"f":{},"fnMap":{},"statementMap":{"1":{"start":{"line":26,"column":0},"end":{"line":151,"column":2}}},"branchMap":{}},"/Users/niyaven/Documents/dev/ajast/config/bootstrap.js":{"path":"/Users/niyaven/Documents/dev/ajast/config/bootstrap.js","s":{"1":1,"2":1,"3":1},"b":{},"f":{"1":1},"fnMap":{"1":{"name":"(anonymous_1)","line":12,"loc":{"start":{"line":12,"column":27},"end":{"line":12,"column":40}}}},"statementMap":{"1":{"start":{"line":12,"column":0},"end":{"line":19,"column":2}},"2":{"start":{"line":14,"column":4},"end":{"line":14,"column":45}},"3":{"start":{"line":18,"column":4},"end":{"line":18,"column":9}}},"branchMap":{}},"/Users/niyaven/Documents/dev/ajast/config/connections.js":{"path":"/Users/niyaven/Documents/dev/ajast/config/connections.js","s":{"1":1},"b":{},"f":{},"fnMap":{},"statementMap":{"1":{"start":{"line":22,"column":0},"end":{"line":31,"column":2}}},"branchMap":{}},"/Users/niyaven/Documents/dev/ajast/config/cors.js":{"path":"/Users/niyaven/Documents/dev/ajast/config/cors.js","s":{"1":1},"b":{},"f":{},"fnMap":{},"statementMap":{"1":{"start":{"line":29,"column":0},"end":{"line":78,"column":2}}},"branchMap":{}},"/Users/niyaven/Documents/dev/ajast/config/csrf.js":{"path":"/Users/niyaven/Documents/dev/ajast/config/csrf.js","s":{},"b":{},"f":{},"fnMap":{},"statementMap":{},"branchMap":{}},"/Users/niyaven/Documents/dev/ajast/config/globals.js":{"path":"/Users/niyaven/Documents/dev/ajast/config/globals.js","s":{"1":1},"b":{},"f":{},"fnMap":{},"statementMap":{"1":{"start":{"line":11,"column":0},"end":{"line":63,"column":2}}},"branchMap":{}},"/Users/niyaven/Documents/dev/ajast/config/http.js":{"path":"/Users/niyaven/Documents/dev/ajast/config/http.js","s":{"1":1},"b":{},"f":{},"fnMap":{},"statementMap":{"1":{"start":{"line":12,"column":0},"end":{"line":87,"column":2}}},"branchMap":{}},"/Users/niyaven/Documents/dev/ajast/config/i18n.js":{"path":"/Users/niyaven/Documents/dev/ajast/config/i18n.js","s":{"1":1},"b":{},"f":{},"fnMap":{},"statementMap":{"1":{"start":{"line":18,"column":0},"end":{"line":57,"column":2}}},"branchMap":{}},"/Users/niyaven/Documents/dev/ajast/config/local.js":{"path":"/Users/niyaven/Documents/dev/ajast/config/local.js","s":{"1":2},"b":{"1":[2,0]},"f":{},"fnMap":{},"statementMap":{"1":{"start":{"line":30,"column":0},"end":{"line":128,"column":2}}},"branchMap":{"1":{"line":32,"type":"binary-expr","locations":[{"start":{"line":32,"column":17},"end":{"line":32,"column":37}},{"start":{"line":32,"column":41},"end":{"line":32,"column":54}}]}}},"/Users/niyaven/Documents/dev/ajast/config/log.js":{"path":"/Users/niyaven/Documents/dev/ajast/config/log.js","s":{"1":1},"b":{},"f":{},"fnMap":{},"statementMap":{"1":{"start":{"line":13,"column":0},"end":{"line":29,"column":2}}},"branchMap":{}},"/Users/niyaven/Documents/dev/ajast/config/models.js":{"path":"/Users/niyaven/Documents/dev/ajast/config/models.js","s":{"1":1},"b":{},"f":{},"fnMap":{},"statementMap":{"1":{"start":{"line":12,"column":0},"end":{"line":32,"column":2}}},"branchMap":{}},"/Users/niyaven/Documents/dev/ajast/config/passport.js":{"path":"/Users/niyaven/Documents/dev/ajast/config/passport.js","s":{"1":1},"b":{},"f":{},"fnMap":{},"statementMap":{"1":{"start":{"line":17,"column":0},"end":{"line":20,"column":2}}},"branchMap":{}},"/Users/niyaven/Documents/dev/ajast/config/policies.js":{"path":"/Users/niyaven/Documents/dev/ajast/config/policies.js","s":{"1":1},"b":{},"f":{},"fnMap":{},"statementMap":{"1":{"start":{"line":20,"column":0},"end":{"line":68,"column":2}}},"branchMap":{}},"/Users/niyaven/Documents/dev/ajast/config/routes.js":{"path":"/Users/niyaven/Documents/dev/ajast/config/routes.js","s":{"1":1},"b":{},"f":{},"fnMap":{},"statementMap":{"1":{"start":{"line":23,"column":0},"end":{"line":107,"column":2}}},"branchMap":{}},"/Users/niyaven/Documents/dev/ajast/config/session.js":{"path":"/Users/niyaven/Documents/dev/ajast/config/session.js","s":{"1":1},"b":{},"f":{},"fnMap":{},"statementMap":{"1":{"start":{"line":15,"column":0},"end":{"line":37,"column":2}}},"branchMap":{}},"/Users/niyaven/Documents/dev/ajast/config/sockets.js":{"path":"/Users/niyaven/Documents/dev/ajast/config/sockets.js","s":{"1":1},"b":{},"f":{},"fnMap":{},"statementMap":{"1":{"start":{"line":13,"column":0},"end":{"line":135,"column":2}}},"branchMap":{}},"/Users/niyaven/Documents/dev/ajast/config/views.js":{"path":"/Users/niyaven/Documents/dev/ajast/config/views.js","s":{"1":1},"b":{},"f":{},"fnMap":{},"statementMap":{"1":{"start":{"line":14,"column":0},"end":{"line":95,"column":2}}},"branchMap":{}},"/Users/niyaven/Documents/dev/ajast/config/env/test.js":{"path":"/Users/niyaven/Documents/dev/ajast/config/env/test.js","s":{"1":1},"b":{},"f":{},"fnMap":{},"statementMap":{"1":{"start":{"line":5,"column":0},"end":{"line":9,"column":2}}},"branchMap":{}},"/Users/niyaven/Documents/dev/ajast/api/responses/badRequest.js":{"path":"/Users/niyaven/Documents/dev/ajast/api/responses/badRequest.js","s":{"1":1,"2":0,"3":0,"4":0,"5":0,"6":0,"7":0,"8":0,"9":0,"10":0,"11":0,"12":0,"13":0,"14":0,"15":0,"16":0,"17":0},"b":{"1":[0,0],"2":[0,0],"3":[0,0],"4":[0,0],"5":[0,0],"6":[0,0]},"f":{"1":0,"2":0},"fnMap":{"1":{"name":"badRequest","line":18,"loc":{"start":{"line":18,"column":17},"end":{"line":18,"column":52}}},"2":{"name":"couldNotGuessView","line":59,"loc":{"start":{"line":59,"column":44},"end":{"line":59,"column":74}}}},"statementMap":{"1":{"start":{"line":18,"column":0},"end":{"line":63,"column":2}},"2":{"start":{"line":21,"column":2},"end":{"line":21,"column":21}},"3":{"start":{"line":22,"column":2},"end":{"line":22,"column":21}},"4":{"start":{"line":23,"column":2},"end":{"line":23,"column":25}},"5":{"start":{"line":26,"column":2},"end":{"line":26,"column":18}},"6":{"start":{"line":29,"column":2},"end":{"line":32,"column":65}},"7":{"start":{"line":30,"column":4},"end":{"line":30,"column":71}},"8":{"start":{"line":32,"column":7},"end":{"line":32,"column":65}},"9":{"start":{"line":37,"column":2},"end":{"line":39,"column":3}},"10":{"start":{"line":38,"column":4},"end":{"line":38,"column":21}},"11":{"start":{"line":42,"column":2},"end":{"line":44,"column":3}},"12":{"start":{"line":43,"column":4},"end":{"line":43,"column":27}},"13":{"start":{"line":48,"column":2},"end":{"line":48,"column":78}},"14":{"start":{"line":53,"column":2},"end":{"line":61,"column":5}},"15":{"start":{"line":54,"column":4},"end":{"line":54,"column":50}},"16":{"start":{"line":59,"column":7},"end":{"line":61,"column":5}},"17":{"start":{"line":60,"column":4},"end":{"line":60,"column":27}}},"branchMap":{"1":{"line":29,"type":"if","locations":[{"start":{"line":29,"column":2},"end":{"line":29,"column":2}},{"start":{"line":29,"column":2},"end":{"line":29,"column":2}}]},"2":{"line":37,"type":"if","locations":[{"start":{"line":37,"column":2},"end":{"line":37,"column":2}},{"start":{"line":37,"column":2},"end":{"line":37,"column":2}}]},"3":{"line":42,"type":"if","locations":[{"start":{"line":42,"column":2},"end":{"line":42,"column":2}},{"start":{"line":42,"column":2},"end":{"line":42,"column":2}}]},"4":{"line":48,"type":"cond-expr","locations":[{"start":{"line":48,"column":44},"end":{"line":48,"column":61}},{"start":{"line":48,"column":64},"end":{"line":48,"column":77}}]},"5":{"line":48,"type":"binary-expr","locations":[{"start":{"line":48,"column":64},"end":{"line":48,"column":71}},{"start":{"line":48,"column":75},"end":{"line":48,"column":77}}]},"6":{"line":53,"type":"if","locations":[{"start":{"line":53,"column":2},"end":{"line":53,"column":2}},{"start":{"line":53,"column":2},"end":{"line":53,"column":2}}]}}},"/Users/niyaven/Documents/dev/ajast/api/responses/forbidden.js":{"path":"/Users/niyaven/Documents/dev/ajast/api/responses/forbidden.js","s":{"1":1,"2":1,"3":1,"4":1,"5":1,"6":1,"7":1,"8":0,"9":1,"10":0,"11":1,"12":1,"13":0,"14":0,"15":0,"16":0,"17":0,"18":0,"19":0,"20":0,"21":0,"22":0},"b":{"1":[1,0],"2":[0,1],"3":[1,0],"4":[0,0],"5":[0,0],"6":[0,0],"7":[0,0],"8":[0,0]},"f":{"1":1,"2":0},"fnMap":{"1":{"name":"forbidden","line":15,"loc":{"start":{"line":15,"column":17},"end":{"line":15,"column":52}}},"2":{"name":"(anonymous_2)","line":56,"loc":{"start":{"line":56,"column":46},"end":{"line":56,"column":67}}}},"statementMap":{"1":{"start":{"line":15,"column":0},"end":{"line":76,"column":2}},"2":{"start":{"line":18,"column":2},"end":{"line":18,"column":21}},"3":{"start":{"line":19,"column":2},"end":{"line":19,"column":21}},"4":{"start":{"line":20,"column":2},"end":{"line":20,"column":25}},"5":{"start":{"line":23,"column":2},"end":{"line":23,"column":18}},"6":{"start":{"line":26,"column":2},"end":{"line":29,"column":63}},"7":{"start":{"line":27,"column":4},"end":{"line":27,"column":69}},"8":{"start":{"line":29,"column":7},"end":{"line":29,"column":63}},"9":{"start":{"line":34,"column":2},"end":{"line":36,"column":3}},"10":{"start":{"line":35,"column":4},"end":{"line":35,"column":21}},"11":{"start":{"line":39,"column":2},"end":{"line":41,"column":3}},"12":{"start":{"line":40,"column":4},"end":{"line":40,"column":27}},"13":{"start":{"line":45,"column":2},"end":{"line":45,"column":78}},"14":{"start":{"line":50,"column":2},"end":{"line":74,"column":5}},"15":{"start":{"line":51,"column":4},"end":{"line":51,"column":50}},"16":{"start":{"line":56,"column":7},"end":{"line":74,"column":5}},"17":{"start":{"line":59,"column":4},"end":{"line":71,"column":5}},"18":{"start":{"line":63,"column":6},"end":{"line":69,"column":7}},"19":{"start":{"line":64,"column":8},"end":{"line":64,"column":124}},"20":{"start":{"line":68,"column":8},"end":{"line":68,"column":145}},"21":{"start":{"line":70,"column":6},"end":{"line":70,"column":29}},"22":{"start":{"line":73,"column":4},"end":{"line":73,"column":26}}},"branchMap":{"1":{"line":26,"type":"if","locations":[{"start":{"line":26,"column":2},"end":{"line":26,"column":2}},{"start":{"line":26,"column":2},"end":{"line":26,"column":2}}]},"2":{"line":34,"type":"if","locations":[{"start":{"line":34,"column":2},"end":{"line":34,"column":2}},{"start":{"line":34,"column":2},"end":{"line":34,"column":2}}]},"3":{"line":39,"type":"if","locations":[{"start":{"line":39,"column":2},"end":{"line":39,"column":2}},{"start":{"line":39,"column":2},"end":{"line":39,"column":2}}]},"4":{"line":45,"type":"cond-expr","locations":[{"start":{"line":45,"column":44},"end":{"line":45,"column":61}},{"start":{"line":45,"column":64},"end":{"line":45,"column":77}}]},"5":{"line":45,"type":"binary-expr","locations":[{"start":{"line":45,"column":64},"end":{"line":45,"column":71}},{"start":{"line":45,"column":75},"end":{"line":45,"column":77}}]},"6":{"line":50,"type":"if","locations":[{"start":{"line":50,"column":2},"end":{"line":50,"column":2}},{"start":{"line":50,"column":2},"end":{"line":50,"column":2}}]},"7":{"line":59,"type":"if","locations":[{"start":{"line":59,"column":4},"end":{"line":59,"column":4}},{"start":{"line":59,"column":4},"end":{"line":59,"column":4}}]},"8":{"line":63,"type":"if","locations":[{"start":{"line":63,"column":6},"end":{"line":63,"column":6}},{"start":{"line":63,"column":6},"end":{"line":63,"column":6}}]}}},"/Users/niyaven/Documents/dev/ajast/api/responses/notFound.js":{"path":"/Users/niyaven/Documents/dev/ajast/api/responses/notFound.js","s":{"1":1,"2":2,"3":2,"4":2,"5":2,"6":2,"7":2,"8":0,"9":2,"10":0,"11":2,"12":2,"13":0,"14":0,"15":0,"16":0,"17":0,"18":0,"19":0,"20":0,"21":0,"22":0},"b":{"1":[2,0],"2":[0,2],"3":[2,0],"4":[0,0],"5":[0,0],"6":[0,0],"7":[0,0],"8":[0,0]},"f":{"1":2,"2":0},"fnMap":{"1":{"name":"notFound","line":20,"loc":{"start":{"line":20,"column":17},"end":{"line":20,"column":51}}},"2":{"name":"(anonymous_2)","line":61,"loc":{"start":{"line":61,"column":46},"end":{"line":61,"column":67}}}},"statementMap":{"1":{"start":{"line":20,"column":0},"end":{"line":81,"column":2}},"2":{"start":{"line":23,"column":2},"end":{"line":23,"column":21}},"3":{"start":{"line":24,"column":2},"end":{"line":24,"column":21}},"4":{"start":{"line":25,"column":2},"end":{"line":25,"column":25}},"5":{"start":{"line":28,"column":2},"end":{"line":28,"column":18}},"6":{"start":{"line":31,"column":2},"end":{"line":34,"column":63}},"7":{"start":{"line":32,"column":4},"end":{"line":32,"column":69}},"8":{"start":{"line":34,"column":7},"end":{"line":34,"column":63}},"9":{"start":{"line":39,"column":2},"end":{"line":41,"column":3}},"10":{"start":{"line":40,"column":4},"end":{"line":40,"column":21}},"11":{"start":{"line":44,"column":2},"end":{"line":46,"column":3}},"12":{"start":{"line":45,"column":4},"end":{"line":45,"column":27}},"13":{"start":{"line":50,"column":2},"end":{"line":50,"column":78}},"14":{"start":{"line":55,"column":2},"end":{"line":79,"column":5}},"15":{"start":{"line":56,"column":4},"end":{"line":56,"column":50}},"16":{"start":{"line":61,"column":7},"end":{"line":79,"column":5}},"17":{"start":{"line":64,"column":4},"end":{"line":76,"column":5}},"18":{"start":{"line":68,"column":6},"end":{"line":74,"column":7}},"19":{"start":{"line":69,"column":8},"end":{"line":69,"column":123}},"20":{"start":{"line":73,"column":8},"end":{"line":73,"column":144}},"21":{"start":{"line":75,"column":6},"end":{"line":75,"column":29}},"22":{"start":{"line":78,"column":4},"end":{"line":78,"column":26}}},"branchMap":{"1":{"line":31,"type":"if","locations":[{"start":{"line":31,"column":2},"end":{"line":31,"column":2}},{"start":{"line":31,"column":2},"end":{"line":31,"column":2}}]},"2":{"line":39,"type":"if","locations":[{"start":{"line":39,"column":2},"end":{"line":39,"column":2}},{"start":{"line":39,"column":2},"end":{"line":39,"column":2}}]},"3":{"line":44,"type":"if","locations":[{"start":{"line":44,"column":2},"end":{"line":44,"column":2}},{"start":{"line":44,"column":2},"end":{"line":44,"column":2}}]},"4":{"line":50,"type":"cond-expr","locations":[{"start":{"line":50,"column":44},"end":{"line":50,"column":61}},{"start":{"line":50,"column":64},"end":{"line":50,"column":77}}]},"5":{"line":50,"type":"binary-expr","locations":[{"start":{"line":50,"column":64},"end":{"line":50,"column":71}},{"start":{"line":50,"column":75},"end":{"line":50,"column":77}}]},"6":{"line":55,"type":"if","locations":[{"start":{"line":55,"column":2},"end":{"line":55,"column":2}},{"start":{"line":55,"column":2},"end":{"line":55,"column":2}}]},"7":{"line":64,"type":"if","locations":[{"start":{"line":64,"column":4},"end":{"line":64,"column":4}},{"start":{"line":64,"column":4},"end":{"line":64,"column":4}}]},"8":{"line":68,"type":"if","locations":[{"start":{"line":68,"column":6},"end":{"line":68,"column":6}},{"start":{"line":68,"column":6},"end":{"line":68,"column":6}}]}}},"/Users/niyaven/Documents/dev/ajast/api/responses/ok.js":{"path":"/Users/niyaven/Documents/dev/ajast/api/responses/ok.js","s":{"1":1,"2":2,"3":2,"4":2,"5":2,"6":2,"7":2,"8":2,"9":0,"10":0,"11":0,"12":0,"13":0},"b":{"1":[2,0],"2":[0,0],"3":[0,0],"4":[0,0]},"f":{"1":2,"2":0},"fnMap":{"1":{"name":"sendOK","line":14,"loc":{"start":{"line":14,"column":17},"end":{"line":14,"column":49}}},"2":{"name":"couldNotGuessView","line":44,"loc":{"start":{"line":44,"column":44},"end":{"line":44,"column":74}}}},"statementMap":{"1":{"start":{"line":14,"column":0},"end":{"line":48,"column":2}},"2":{"start":{"line":17,"column":2},"end":{"line":17,"column":21}},"3":{"start":{"line":18,"column":2},"end":{"line":18,"column":21}},"4":{"start":{"line":19,"column":2},"end":{"line":19,"column":25}},"5":{"start":{"line":21,"column":2},"end":{"line":21,"column":61}},"6":{"start":{"line":24,"column":2},"end":{"line":24,"column":18}},"7":{"start":{"line":27,"column":2},"end":{"line":29,"column":3}},"8":{"start":{"line":28,"column":4},"end":{"line":28,"column":27}},"9":{"start":{"line":33,"column":2},"end":{"line":33,"column":78}},"10":{"start":{"line":38,"column":2},"end":{"line":46,"column":5}},"11":{"start":{"line":39,"column":4},"end":{"line":39,"column":50}},"12":{"start":{"line":44,"column":7},"end":{"line":46,"column":5}},"13":{"start":{"line":45,"column":4},"end":{"line":45,"column":27}}},"branchMap":{"1":{"line":27,"type":"if","locations":[{"start":{"line":27,"column":2},"end":{"line":27,"column":2}},{"start":{"line":27,"column":2},"end":{"line":27,"column":2}}]},"2":{"line":33,"type":"cond-expr","locations":[{"start":{"line":33,"column":44},"end":{"line":33,"column":61}},{"start":{"line":33,"column":64},"end":{"line":33,"column":77}}]},"3":{"line":33,"type":"binary-expr","locations":[{"start":{"line":33,"column":64},"end":{"line":33,"column":71}},{"start":{"line":33,"column":75},"end":{"line":33,"column":77}}]},"4":{"line":38,"type":"if","locations":[{"start":{"line":38,"column":2},"end":{"line":38,"column":2}},{"start":{"line":38,"column":2},"end":{"line":38,"column":2}}]}}},"/Users/niyaven/Documents/dev/ajast/api/responses/serverError.js":{"path":"/Users/niyaven/Documents/dev/ajast/api/responses/serverError.js","s":{"1":1,"2":1,"3":1,"4":1,"5":1,"6":1,"7":1,"8":0,"9":1,"10":0,"11":1,"12":1,"13":0,"14":0,"15":0,"16":0,"17":0,"18":0,"19":0,"20":0,"21":0,"22":0},"b":{"1":[1,0],"2":[0,1],"3":[1,0],"4":[0,0],"5":[0,0],"6":[0,0],"7":[0,0],"8":[0,0]},"f":{"1":1,"2":0},"fnMap":{"1":{"name":"serverError","line":15,"loc":{"start":{"line":15,"column":17},"end":{"line":15,"column":54}}},"2":{"name":"(anonymous_2)","line":56,"loc":{"start":{"line":56,"column":46},"end":{"line":56,"column":67}}}},"statementMap":{"1":{"start":{"line":15,"column":0},"end":{"line":76,"column":2}},"2":{"start":{"line":18,"column":2},"end":{"line":18,"column":21}},"3":{"start":{"line":19,"column":2},"end":{"line":19,"column":21}},"4":{"start":{"line":20,"column":2},"end":{"line":20,"column":25}},"5":{"start":{"line":23,"column":2},"end":{"line":23,"column":18}},"6":{"start":{"line":26,"column":2},"end":{"line":29,"column":70}},"7":{"start":{"line":27,"column":4},"end":{"line":27,"column":70}},"8":{"start":{"line":29,"column":7},"end":{"line":29,"column":70}},"9":{"start":{"line":34,"column":2},"end":{"line":36,"column":3}},"10":{"start":{"line":35,"column":4},"end":{"line":35,"column":21}},"11":{"start":{"line":39,"column":2},"end":{"line":41,"column":3}},"12":{"start":{"line":40,"column":4},"end":{"line":40,"column":27}},"13":{"start":{"line":45,"column":2},"end":{"line":45,"column":78}},"14":{"start":{"line":50,"column":2},"end":{"line":74,"column":5}},"15":{"start":{"line":51,"column":4},"end":{"line":51,"column":50}},"16":{"start":{"line":56,"column":7},"end":{"line":74,"column":5}},"17":{"start":{"line":59,"column":4},"end":{"line":71,"column":5}},"18":{"start":{"line":63,"column":6},"end":{"line":69,"column":7}},"19":{"start":{"line":64,"column":8},"end":{"line":64,"column":126}},"20":{"start":{"line":68,"column":8},"end":{"line":68,"column":147}},"21":{"start":{"line":70,"column":6},"end":{"line":70,"column":29}},"22":{"start":{"line":73,"column":4},"end":{"line":73,"column":26}}},"branchMap":{"1":{"line":26,"type":"if","locations":[{"start":{"line":26,"column":2},"end":{"line":26,"column":2}},{"start":{"line":26,"column":2},"end":{"line":26,"column":2}}]},"2":{"line":34,"type":"if","locations":[{"start":{"line":34,"column":2},"end":{"line":34,"column":2}},{"start":{"line":34,"column":2},"end":{"line":34,"column":2}}]},"3":{"line":39,"type":"if","locations":[{"start":{"line":39,"column":2},"end":{"line":39,"column":2}},{"start":{"line":39,"column":2},"end":{"line":39,"column":2}}]},"4":{"line":45,"type":"cond-expr","locations":[{"start":{"line":45,"column":44},"end":{"line":45,"column":61}},{"start":{"line":45,"column":64},"end":{"line":45,"column":77}}]},"5":{"line":45,"type":"binary-expr","locations":[{"start":{"line":45,"column":64},"end":{"line":45,"column":71}},{"start":{"line":45,"column":75},"end":{"line":45,"column":77}}]},"6":{"line":50,"type":"if","locations":[{"start":{"line":50,"column":2},"end":{"line":50,"column":2}},{"start":{"line":50,"column":2},"end":{"line":50,"column":2}}]},"7":{"line":59,"type":"if","locations":[{"start":{"line":59,"column":4},"end":{"line":59,"column":4}},{"start":{"line":59,"column":4},"end":{"line":59,"column":4}}]},"8":{"line":63,"type":"if","locations":[{"start":{"line":63,"column":6},"end":{"line":63,"column":6}},{"start":{"line":63,"column":6},"end":{"line":63,"column":6}}]}}},"/Users/niyaven/Documents/dev/ajast/api/responses/userError.js":{"path":"/Users/niyaven/Documents/dev/ajast/api/responses/userError.js","s":{"1":1,"2":6,"3":6,"4":6,"5":6,"6":6,"7":6,"8":0,"9":6,"10":6,"11":0,"12":0,"13":0,"14":0,"15":0,"16":0,"17":0,"18":0,"19":0,"20":0},"b":{"1":[6,0],"2":[6,0],"3":[0,0],"4":[0,0],"5":[0,0],"6":[0,0],"7":[0,0]},"f":{"1":6,"2":0},"fnMap":{"1":{"name":"serverError","line":15,"loc":{"start":{"line":15,"column":17},"end":{"line":15,"column":54}}},"2":{"name":"(anonymous_2)","line":49,"loc":{"start":{"line":49,"column":46},"end":{"line":49,"column":67}}}},"statementMap":{"1":{"start":{"line":15,"column":0},"end":{"line":69,"column":2}},"2":{"start":{"line":18,"column":2},"end":{"line":18,"column":21}},"3":{"start":{"line":19,"column":2},"end":{"line":19,"column":21}},"4":{"start":{"line":20,"column":2},"end":{"line":20,"column":25}},"5":{"start":{"line":23,"column":2},"end":{"line":23,"column":18}},"6":{"start":{"line":26,"column":2},"end":{"line":29,"column":68}},"7":{"start":{"line":27,"column":4},"end":{"line":27,"column":68}},"8":{"start":{"line":29,"column":7},"end":{"line":29,"column":68}},"9":{"start":{"line":32,"column":2},"end":{"line":34,"column":3}},"10":{"start":{"line":33,"column":4},"end":{"line":33,"column":27}},"11":{"start":{"line":38,"column":2},"end":{"line":38,"column":78}},"12":{"start":{"line":43,"column":2},"end":{"line":67,"column":5}},"13":{"start":{"line":44,"column":4},"end":{"line":44,"column":50}},"14":{"start":{"line":49,"column":7},"end":{"line":67,"column":5}},"15":{"start":{"line":52,"column":4},"end":{"line":64,"column":5}},"16":{"start":{"line":56,"column":6},"end":{"line":62,"column":7}},"17":{"start":{"line":57,"column":8},"end":{"line":57,"column":126}},"18":{"start":{"line":61,"column":8},"end":{"line":61,"column":147}},"19":{"start":{"line":63,"column":6},"end":{"line":63,"column":29}},"20":{"start":{"line":66,"column":4},"end":{"line":66,"column":26}}},"branchMap":{"1":{"line":26,"type":"if","locations":[{"start":{"line":26,"column":2},"end":{"line":26,"column":2}},{"start":{"line":26,"column":2},"end":{"line":26,"column":2}}]},"2":{"line":32,"type":"if","locations":[{"start":{"line":32,"column":2},"end":{"line":32,"column":2}},{"start":{"line":32,"column":2},"end":{"line":32,"column":2}}]},"3":{"line":38,"type":"cond-expr","locations":[{"start":{"line":38,"column":44},"end":{"line":38,"column":61}},{"start":{"line":38,"column":64},"end":{"line":38,"column":77}}]},"4":{"line":38,"type":"binary-expr","locations":[{"start":{"line":38,"column":64},"end":{"line":38,"column":71}},{"start":{"line":38,"column":75},"end":{"line":38,"column":77}}]},"5":{"line":43,"type":"if","locations":[{"start":{"line":43,"column":2},"end":{"line":43,"column":2}},{"start":{"line":43,"column":2},"end":{"line":43,"column":2}}]},"6":{"line":52,"type":"if","locations":[{"start":{"line":52,"column":4},"end":{"line":52,"column":4}},{"start":{"line":52,"column":4},"end":{"line":52,"column":4}}]},"7":{"line":56,"type":"if","locations":[{"start":{"line":56,"column":6},"end":{"line":56,"column":6}},{"start":{"line":56,"column":6},"end":{"line":56,"column":6}}]}}},"/Users/niyaven/Documents/dev/ajast/api/services/passport.js":{"path":"/Users/niyaven/Documents/dev/ajast/api/services/passport.js","s":{"1":1,"2":1,"3":1,"4":0,"5":0,"6":0,"7":0,"8":0,"9":0,"10":0,"11":0,"12":0,"13":0,"14":0,"15":0,"16":0,"17":0,"18":0,"19":0,"20":0,"21":0,"22":0,"23":0,"24":0,"25":0,"26":0,"27":0,"28":0,"29":0,"30":0,"31":0,"32":0,"33":0,"34":0,"35":0,"36":0,"37":0,"38":0,"39":0,"40":0,"41":0,"42":0,"43":0,"44":0,"45":0,"46":0,"47":1,"48":0,"49":0,"50":0,"51":0,"52":0,"53":0,"54":1,"55":0,"56":0,"57":0,"58":0,"59":0,"60":0,"61":0,"62":0,"63":0,"64":0,"65":0,"66":0,"67":1,"68":1,"69":1,"70":6,"71":6,"72":0,"73":0,"74":0,"75":0,"76":6,"77":6,"78":6,"79":6,"80":6,"81":6,"82":5,"83":5,"84":1,"85":1,"86":1,"87":1,"88":6,"89":6,"90":1,"91":0,"92":0,"93":0,"94":0,"95":0,"96":0,"97":0,"98":0,"99":1,"100":0,"101":1,"102":0,"103":1},"b":{"1":[0,0],"2":[0,0],"3":[0,0],"4":[0,0],"5":[0,0],"6":[0,0],"7":[0,0],"8":[0,0],"9":[0,0],"10":[0,0],"11":[0,0],"12":[0,0],"13":[0,0],"14":[0,0],"15":[0,0],"16":[0,0],"17":[0,0],"18":[0,0],"19":[0,0],"20":[0,0],"21":[0,0],"22":[0,0],"23":[0,0],"24":[0,0],"25":[0,0],"26":[0,0],"27":[0,0],"28":[0,0],"29":[0,0],"30":[0,0],"31":[0,0],"32":[0,6],"33":[0,0],"34":[6,0],"35":[1,5,1],"36":[0,0],"37":[0,0]},"f":{"1":0,"2":0,"3":0,"4":0,"5":0,"6":0,"7":0,"8":0,"9":1,"10":6,"11":0,"12":0,"13":0,"14":0,"15":0},"fnMap":{"1":{"name":"(anonymous_1)","line":65,"loc":{"start":{"line":65,"column":19},"end":{"line":65,"column":56}}},"2":{"name":"(anonymous_2)","line":107,"loc":{"start":{"line":107,"column":7},"end":{"line":107,"column":32}}},"3":{"name":"(anonymous_3)","line":117,"loc":{"start":{"line":117,"column":34},"end":{"line":117,"column":55}}},"4":{"name":"(anonymous_4)","line":133,"loc":{"start":{"line":133,"column":43},"end":{"line":133,"column":68}}},"5":{"name":"(anonymous_5)","line":153,"loc":{"start":{"line":153,"column":30},"end":{"line":153,"column":55}}},"6":{"name":"(anonymous_6)","line":169,"loc":{"start":{"line":169,"column":39},"end":{"line":169,"column":64}}},"7":{"name":"(anonymous_7)","line":196,"loc":{"start":{"line":196,"column":20},"end":{"line":196,"column":40}}},"8":{"name":"(anonymous_8)","line":228,"loc":{"start":{"line":228,"column":20},"end":{"line":228,"column":46}}},"9":{"name":"(anonymous_9)","line":282,"loc":{"start":{"line":282,"column":26},"end":{"line":282,"column":38}}},"10":{"name":"(anonymous_10)","line":286,"loc":{"start":{"line":286,"column":36},"end":{"line":286,"column":51}}},"11":{"name":"(anonymous_11)","line":341,"loc":{"start":{"line":341,"column":22},"end":{"line":341,"column":48}}},"12":{"name":"(anonymous_12)","line":348,"loc":{"start":{"line":348,"column":7},"end":{"line":348,"column":32}}},"13":{"name":"(anonymous_13)","line":353,"loc":{"start":{"line":353,"column":38},"end":{"line":353,"column":55}}},"14":{"name":"(anonymous_14)","line":363,"loc":{"start":{"line":363,"column":23},"end":{"line":363,"column":45}}},"15":{"name":"(anonymous_15)","line":367,"loc":{"start":{"line":367,"column":25},"end":{"line":367,"column":45}}}},"statementMap":{"1":{"start":{"line":1,"column":0},"end":{"line":3,"column":37}},"2":{"start":{"line":30,"column":0},"end":{"line":30,"column":44}},"3":{"start":{"line":65,"column":0},"end":{"line":185,"column":2}},"4":{"start":{"line":66,"column":4},"end":{"line":67,"column":19}},"5":{"start":{"line":70,"column":4},"end":{"line":70,"column":43}},"6":{"start":{"line":74,"column":4},"end":{"line":74,"column":50}},"7":{"start":{"line":78,"column":4},"end":{"line":80,"column":5}},"8":{"start":{"line":79,"column":8},"end":{"line":79,"column":77}},"9":{"start":{"line":84,"column":4},"end":{"line":86,"column":5}},"10":{"start":{"line":85,"column":8},"end":{"line":85,"column":45}},"11":{"start":{"line":88,"column":4},"end":{"line":90,"column":5}},"12":{"start":{"line":89,"column":8},"end":{"line":89,"column":41}},"13":{"start":{"line":93,"column":4},"end":{"line":95,"column":5}},"14":{"start":{"line":94,"column":8},"end":{"line":94,"column":44}},"15":{"start":{"line":100,"column":4},"end":{"line":102,"column":5}},"16":{"start":{"line":101,"column":8},"end":{"line":101,"column":77}},"17":{"start":{"line":104,"column":4},"end":{"line":184,"column":7}},"18":{"start":{"line":108,"column":8},"end":{"line":110,"column":9}},"19":{"start":{"line":109,"column":12},"end":{"line":109,"column":29}},"20":{"start":{"line":112,"column":8},"end":{"line":183,"column":9}},"21":{"start":{"line":116,"column":12},"end":{"line":161,"column":13}},"22":{"start":{"line":117,"column":16},"end":{"line":141,"column":19}},"23":{"start":{"line":118,"column":20},"end":{"line":129,"column":21}},"24":{"start":{"line":119,"column":24},"end":{"line":126,"column":25}},"25":{"start":{"line":120,"column":28},"end":{"line":125,"column":29}},"26":{"start":{"line":121,"column":32},"end":{"line":121,"column":82}},"27":{"start":{"line":124,"column":32},"end":{"line":124,"column":81}},"28":{"start":{"line":128,"column":24},"end":{"line":128,"column":41}},"29":{"start":{"line":131,"column":20},"end":{"line":131,"column":41}},"30":{"start":{"line":133,"column":20},"end":{"line":140,"column":23}},"31":{"start":{"line":135,"column":24},"end":{"line":137,"column":25}},"32":{"start":{"line":136,"column":28},"end":{"line":136,"column":45}},"33":{"start":{"line":139,"column":24},"end":{"line":139,"column":40}},"34":{"start":{"line":148,"column":16},"end":{"line":150,"column":17}},"35":{"start":{"line":149,"column":20},"end":{"line":149,"column":51}},"36":{"start":{"line":153,"column":16},"end":{"line":160,"column":19}},"37":{"start":{"line":154,"column":20},"end":{"line":156,"column":21}},"38":{"start":{"line":155,"column":24},"end":{"line":155,"column":41}},"39":{"start":{"line":159,"column":20},"end":{"line":159,"column":57}},"40":{"start":{"line":166,"column":12},"end":{"line":182,"column":13}},"41":{"start":{"line":167,"column":16},"end":{"line":167,"column":41}},"42":{"start":{"line":169,"column":16},"end":{"line":176,"column":19}},"43":{"start":{"line":171,"column":20},"end":{"line":173,"column":21}},"44":{"start":{"line":172,"column":24},"end":{"line":172,"column":41}},"45":{"start":{"line":175,"column":20},"end":{"line":175,"column":40}},"46":{"start":{"line":181,"column":16},"end":{"line":181,"column":37}},"47":{"start":{"line":196,"column":0},"end":{"line":216,"column":2}},"48":{"start":{"line":197,"column":4},"end":{"line":199,"column":26}},"49":{"start":{"line":203,"column":4},"end":{"line":205,"column":5}},"50":{"start":{"line":204,"column":8},"end":{"line":204,"column":38}},"51":{"start":{"line":208,"column":4},"end":{"line":210,"column":5}},"52":{"start":{"line":209,"column":8},"end":{"line":209,"column":51}},"53":{"start":{"line":215,"column":4},"end":{"line":215,"column":61}},"54":{"start":{"line":228,"column":0},"end":{"line":258,"column":2}},"55":{"start":{"line":229,"column":4},"end":{"line":230,"column":41}},"56":{"start":{"line":234,"column":4},"end":{"line":257,"column":5}},"57":{"start":{"line":235,"column":8},"end":{"line":246,"column":9}},"58":{"start":{"line":236,"column":12},"end":{"line":236,"column":58}},"59":{"start":{"line":238,"column":13},"end":{"line":246,"column":9}},"60":{"start":{"line":239,"column":12},"end":{"line":239,"column":57}},"61":{"start":{"line":241,"column":13},"end":{"line":246,"column":9}},"62":{"start":{"line":242,"column":12},"end":{"line":242,"column":60}},"63":{"start":{"line":245,"column":12},"end":{"line":245,"column":46}},"64":{"start":{"line":248,"column":8},"end":{"line":256,"column":9}},"65":{"start":{"line":249,"column":12},"end":{"line":249,"column":45}},"66":{"start":{"line":255,"column":12},"end":{"line":255,"column":66}},"67":{"start":{"line":282,"column":0},"end":{"line":333,"column":2}},"68":{"start":{"line":283,"column":4},"end":{"line":284,"column":45}},"69":{"start":{"line":286,"column":4},"end":{"line":332,"column":7}},"70":{"start":{"line":287,"column":8},"end":{"line":287,"column":60}},"71":{"start":{"line":289,"column":8},"end":{"line":331,"column":9}},"72":{"start":{"line":292,"column":12},"end":{"line":292,"column":63}},"73":{"start":{"line":295,"column":12},"end":{"line":299,"column":13}},"74":{"start":{"line":296,"column":16},"end":{"line":296,"column":52}},"75":{"start":{"line":298,"column":16},"end":{"line":298,"column":76}},"76":{"start":{"line":301,"column":12},"end":{"line":302,"column":54}},"77":{"start":{"line":304,"column":12},"end":{"line":306,"column":13}},"78":{"start":{"line":305,"column":16},"end":{"line":305,"column":62}},"79":{"start":{"line":308,"column":12},"end":{"line":308,"column":48}},"80":{"start":{"line":310,"column":12},"end":{"line":310,"column":54}},"81":{"start":{"line":312,"column":12},"end":{"line":323,"column":13}},"82":{"start":{"line":315,"column":20},"end":{"line":315,"column":73}},"83":{"start":{"line":316,"column":20},"end":{"line":316,"column":26}},"84":{"start":{"line":319,"column":20},"end":{"line":319,"column":71}},"85":{"start":{"line":320,"column":20},"end":{"line":320,"column":48}},"86":{"start":{"line":321,"column":20},"end":{"line":321,"column":45}},"87":{"start":{"line":322,"column":20},"end":{"line":322,"column":26}},"88":{"start":{"line":328,"column":12},"end":{"line":328,"column":55}},"89":{"start":{"line":330,"column":12},"end":{"line":330,"column":70}},"90":{"start":{"line":341,"column":0},"end":{"line":361,"column":2}},"91":{"start":{"line":342,"column":4},"end":{"line":343,"column":43}},"92":{"start":{"line":345,"column":4},"end":{"line":360,"column":7}},"93":{"start":{"line":349,"column":8},"end":{"line":351,"column":9}},"94":{"start":{"line":350,"column":12},"end":{"line":350,"column":29}},"95":{"start":{"line":353,"column":8},"end":{"line":359,"column":11}},"96":{"start":{"line":354,"column":12},"end":{"line":356,"column":13}},"97":{"start":{"line":355,"column":16},"end":{"line":355,"column":33}},"98":{"start":{"line":358,"column":12},"end":{"line":358,"column":29}},"99":{"start":{"line":363,"column":0},"end":{"line":365,"column":3}},"100":{"start":{"line":364,"column":4},"end":{"line":364,"column":24}},"101":{"start":{"line":367,"column":0},"end":{"line":369,"column":3}},"102":{"start":{"line":368,"column":4},"end":{"line":368,"column":27}},"103":{"start":{"line":371,"column":0},"end":{"line":371,"column":26}}},"branchMap":{"1":{"line":74,"type":"binary-expr","locations":[{"start":{"line":74,"column":15},"end":{"line":74,"column":31}},{"start":{"line":74,"column":35},"end":{"line":74,"column":49}}]},"2":{"line":78,"type":"if","locations":[{"start":{"line":78,"column":4},"end":{"line":78,"column":4}},{"start":{"line":78,"column":4},"end":{"line":78,"column":4}}]},"3":{"line":84,"type":"if","locations":[{"start":{"line":84,"column":4},"end":{"line":84,"column":4}},{"start":{"line":84,"column":4},"end":{"line":84,"column":4}}]},"4":{"line":88,"type":"if","locations":[{"start":{"line":88,"column":4},"end":{"line":88,"column":4}},{"start":{"line":88,"column":4},"end":{"line":88,"column":4}}]},"5":{"line":93,"type":"if","locations":[{"start":{"line":93,"column":4},"end":{"line":93,"column":4}},{"start":{"line":93,"column":4},"end":{"line":93,"column":4}}]},"6":{"line":100,"type":"if","locations":[{"start":{"line":100,"column":4},"end":{"line":100,"column":4}},{"start":{"line":100,"column":4},"end":{"line":100,"column":4}}]},"7":{"line":100,"type":"binary-expr","locations":[{"start":{"line":100,"column":8},"end":{"line":100,"column":22}},{"start":{"line":100,"column":26},"end":{"line":100,"column":37}}]},"8":{"line":108,"type":"if","locations":[{"start":{"line":108,"column":8},"end":{"line":108,"column":8}},{"start":{"line":108,"column":8},"end":{"line":108,"column":8}}]},"9":{"line":112,"type":"if","locations":[{"start":{"line":112,"column":8},"end":{"line":112,"column":8}},{"start":{"line":112,"column":8},"end":{"line":112,"column":8}}]},"10":{"line":116,"type":"if","locations":[{"start":{"line":116,"column":12},"end":{"line":116,"column":12}},{"start":{"line":116,"column":12},"end":{"line":116,"column":12}}]},"11":{"line":118,"type":"if","locations":[{"start":{"line":118,"column":20},"end":{"line":118,"column":20}},{"start":{"line":118,"column":20},"end":{"line":118,"column":20}}]},"12":{"line":119,"type":"if","locations":[{"start":{"line":119,"column":24},"end":{"line":119,"column":24}},{"start":{"line":119,"column":24},"end":{"line":119,"column":24}}]},"13":{"line":120,"type":"if","locations":[{"start":{"line":120,"column":28},"end":{"line":120,"column":28}},{"start":{"line":120,"column":28},"end":{"line":120,"column":28}}]},"14":{"line":135,"type":"if","locations":[{"start":{"line":135,"column":24},"end":{"line":135,"column":24}},{"start":{"line":135,"column":24},"end":{"line":135,"column":24}}]},"15":{"line":148,"type":"if","locations":[{"start":{"line":148,"column":16},"end":{"line":148,"column":16}},{"start":{"line":148,"column":16},"end":{"line":148,"column":16}}]},"16":{"line":148,"type":"binary-expr","locations":[{"start":{"line":148,"column":20},"end":{"line":148,"column":50}},{"start":{"line":148,"column":54},"end":{"line":148,"column":86}}]},"17":{"line":154,"type":"if","locations":[{"start":{"line":154,"column":20},"end":{"line":154,"column":20}},{"start":{"line":154,"column":20},"end":{"line":154,"column":20}}]},"18":{"line":166,"type":"if","locations":[{"start":{"line":166,"column":12},"end":{"line":166,"column":12}},{"start":{"line":166,"column":12},"end":{"line":166,"column":12}}]},"19":{"line":171,"type":"if","locations":[{"start":{"line":171,"column":20},"end":{"line":171,"column":20}},{"start":{"line":171,"column":20},"end":{"line":171,"column":20}}]},"20":{"line":203,"type":"if","locations":[{"start":{"line":203,"column":4},"end":{"line":203,"column":4}},{"start":{"line":203,"column":4},"end":{"line":203,"column":4}}]},"21":{"line":208,"type":"if","locations":[{"start":{"line":208,"column":4},"end":{"line":208,"column":4}},{"start":{"line":208,"column":4},"end":{"line":208,"column":4}}]},"22":{"line":234,"type":"if","locations":[{"start":{"line":234,"column":4},"end":{"line":234,"column":4}},{"start":{"line":234,"column":4},"end":{"line":234,"column":4}}]},"23":{"line":234,"type":"binary-expr","locations":[{"start":{"line":234,"column":8},"end":{"line":234,"column":28}},{"start":{"line":234,"column":32},"end":{"line":234,"column":52}}]},"24":{"line":235,"type":"if","locations":[{"start":{"line":235,"column":8},"end":{"line":235,"column":8}},{"start":{"line":235,"column":8},"end":{"line":235,"column":8}}]},"25":{"line":235,"type":"binary-expr","locations":[{"start":{"line":235,"column":12},"end":{"line":235,"column":33}},{"start":{"line":235,"column":37},"end":{"line":235,"column":46}}]},"26":{"line":238,"type":"if","locations":[{"start":{"line":238,"column":13},"end":{"line":238,"column":13}},{"start":{"line":238,"column":13},"end":{"line":238,"column":13}}]},"27":{"line":238,"type":"binary-expr","locations":[{"start":{"line":238,"column":17},"end":{"line":238,"column":37}},{"start":{"line":238,"column":41},"end":{"line":238,"column":49}}]},"28":{"line":241,"type":"if","locations":[{"start":{"line":241,"column":13},"end":{"line":241,"column":13}},{"start":{"line":241,"column":13},"end":{"line":241,"column":13}}]},"29":{"line":241,"type":"binary-expr","locations":[{"start":{"line":241,"column":17},"end":{"line":241,"column":40}},{"start":{"line":241,"column":44},"end":{"line":241,"column":52}}]},"30":{"line":248,"type":"if","locations":[{"start":{"line":248,"column":8},"end":{"line":248,"column":8}},{"start":{"line":248,"column":8},"end":{"line":248,"column":8}}]},"31":{"line":248,"type":"binary-expr","locations":[{"start":{"line":248,"column":12},"end":{"line":248,"column":35}},{"start":{"line":248,"column":39},"end":{"line":248,"column":47}}]},"32":{"line":289,"type":"if","locations":[{"start":{"line":289,"column":8},"end":{"line":289,"column":8}},{"start":{"line":289,"column":8},"end":{"line":289,"column":8}}]},"33":{"line":295,"type":"if","locations":[{"start":{"line":295,"column":12},"end":{"line":295,"column":12}},{"start":{"line":295,"column":12},"end":{"line":295,"column":12}}]},"34":{"line":304,"type":"if","locations":[{"start":{"line":304,"column":12},"end":{"line":304,"column":12}},{"start":{"line":304,"column":12},"end":{"line":304,"column":12}}]},"35":{"line":312,"type":"switch","locations":[{"start":{"line":313,"column":16},"end":{"line":313,"column":29}},{"start":{"line":314,"column":16},"end":{"line":316,"column":26}},{"start":{"line":318,"column":16},"end":{"line":322,"column":26}}]},"36":{"line":349,"type":"if","locations":[{"start":{"line":349,"column":8},"end":{"line":349,"column":8}},{"start":{"line":349,"column":8},"end":{"line":349,"column":8}}]},"37":{"line":354,"type":"if","locations":[{"start":{"line":354,"column":12},"end":{"line":354,"column":12}},{"start":{"line":354,"column":12},"end":{"line":354,"column":12}}]}}},"/Users/niyaven/Documents/dev/ajast/api/services/protocols/index.js":{"path":"/Users/niyaven/Documents/dev/ajast/api/services/protocols/index.js","s":{"1":1},"b":{},"f":{},"fnMap":{},"statementMap":{"1":{"start":{"line":14,"column":0},"end":{"line":19,"column":2}}},"branchMap":{}},"/Users/niyaven/Documents/dev/ajast/api/services/protocols/local.js":{"path":"/Users/niyaven/Documents/dev/ajast/api/services/protocols/local.js","s":{"1":1,"2":1,"3":0,"4":0,"5":0,"6":0,"7":0,"8":0,"9":0,"10":0,"11":0,"12":0,"13":0,"14":0,"15":0,"16":0,"17":0,"18":0,"19":0,"20":0,"21":0,"22":0,"23":0,"24":0,"25":0,"26":0,"27":1,"28":0,"29":0,"30":0,"31":0,"32":0,"33":0,"34":0,"35":0,"36":1,"37":0,"38":0,"39":0,"40":0,"41":0,"42":0,"43":0,"44":0,"45":0,"46":0,"47":0,"48":0,"49":0,"50":0,"51":0,"52":0,"53":0,"54":0,"55":0,"56":0,"57":0,"58":0,"59":0},"b":{"1":[0,0],"2":[0,0],"3":[0,0],"4":[0,0],"5":[0,0],"6":[0,0],"7":[0,0],"8":[0,0],"9":[0,0],"10":[0,0],"11":[0,0],"12":[0,0],"13":[0,0],"14":[0,0],"15":[0,0],"16":[0,0],"17":[0,0],"18":[0,0]},"f":{"1":0,"2":0,"3":0,"4":0,"5":0,"6":0,"7":0,"8":0,"9":0,"10":0,"11":0},"fnMap":{"1":{"name":"(anonymous_1)","line":25,"loc":{"start":{"line":25,"column":19},"end":{"line":25,"column":45}}},"2":{"name":"(anonymous_2)","line":48,"loc":{"start":{"line":48,"column":5},"end":{"line":48,"column":26}}},"3":{"name":"(anonymous_3)","line":65,"loc":{"start":{"line":65,"column":7},"end":{"line":65,"column":32}}},"4":{"name":"(anonymous_4)","line":71,"loc":{"start":{"line":71,"column":28},"end":{"line":71,"column":50}}},"5":{"name":"(anonymous_5)","line":92,"loc":{"start":{"line":92,"column":18},"end":{"line":92,"column":44}}},"6":{"name":"(anonymous_6)","line":99,"loc":{"start":{"line":99,"column":5},"end":{"line":99,"column":30}}},"7":{"name":"(anonymous_7)","line":109,"loc":{"start":{"line":109,"column":9},"end":{"line":109,"column":34}}},"8":{"name":"(anonymous_8)","line":131,"loc":{"start":{"line":131,"column":16},"end":{"line":131,"column":59}}},"9":{"name":"(anonymous_9)","line":142,"loc":{"start":{"line":142,"column":22},"end":{"line":142,"column":43}}},"10":{"name":"(anonymous_10)","line":160,"loc":{"start":{"line":160,"column":7},"end":{"line":160,"column":32}}},"11":{"name":"(anonymous_11)","line":162,"loc":{"start":{"line":162,"column":44},"end":{"line":162,"column":64}}}},"statementMap":{"1":{"start":{"line":1,"column":0},"end":{"line":1,"column":37}},"2":{"start":{"line":25,"column":0},"end":{"line":79,"column":2}},"3":{"start":{"line":26,"column":2},"end":{"line":28,"column":39}},"4":{"start":{"line":30,"column":2},"end":{"line":33,"column":3}},"5":{"start":{"line":31,"column":4},"end":{"line":31,"column":55}},"6":{"start":{"line":32,"column":4},"end":{"line":32,"column":52}},"7":{"start":{"line":35,"column":2},"end":{"line":38,"column":3}},"8":{"start":{"line":36,"column":4},"end":{"line":36,"column":58}},"9":{"start":{"line":37,"column":4},"end":{"line":37,"column":55}},"10":{"start":{"line":40,"column":2},"end":{"line":43,"column":3}},"11":{"start":{"line":41,"column":4},"end":{"line":41,"column":58}},"12":{"start":{"line":42,"column":4},"end":{"line":42,"column":55}},"13":{"start":{"line":45,"column":2},"end":{"line":78,"column":5}},"14":{"start":{"line":49,"column":4},"end":{"line":59,"column":5}},"15":{"start":{"line":50,"column":6},"end":{"line":56,"column":7}},"16":{"start":{"line":51,"column":8},"end":{"line":55,"column":9}},"17":{"start":{"line":52,"column":10},"end":{"line":52,"column":60}},"18":{"start":{"line":54,"column":10},"end":{"line":54,"column":59}},"19":{"start":{"line":58,"column":6},"end":{"line":58,"column":23}},"20":{"start":{"line":61,"column":4},"end":{"line":77,"column":7}},"21":{"start":{"line":66,"column":6},"end":{"line":74,"column":7}},"22":{"start":{"line":67,"column":8},"end":{"line":69,"column":9}},"23":{"start":{"line":68,"column":10},"end":{"line":68,"column":64}},"24":{"start":{"line":71,"column":8},"end":{"line":73,"column":11}},"25":{"start":{"line":72,"column":10},"end":{"line":72,"column":34}},"26":{"start":{"line":76,"column":6},"end":{"line":76,"column":23}},"27":{"start":{"line":92,"column":0},"end":{"line":117,"column":2}},"28":{"start":{"line":93,"column":2},"end":{"line":94,"column":39}},"29":{"start":{"line":96,"column":2},"end":{"line":116,"column":5}},"30":{"start":{"line":100,"column":4},"end":{"line":102,"column":5}},"31":{"start":{"line":101,"column":6},"end":{"line":101,"column":23}},"32":{"start":{"line":104,"column":4},"end":{"line":115,"column":5}},"33":{"start":{"line":105,"column":6},"end":{"line":111,"column":9}},"34":{"start":{"line":110,"column":8},"end":{"line":110,"column":24}},"35":{"start":{"line":114,"column":6},"end":{"line":114,"column":23}},"36":{"start":{"line":131,"column":0},"end":{"line":181,"column":2}},"37":{"start":{"line":132,"column":2},"end":{"line":133,"column":19}},"38":{"start":{"line":135,"column":2},"end":{"line":140,"column":3}},"39":{"start":{"line":136,"column":4},"end":{"line":136,"column":29}},"40":{"start":{"line":139,"column":4},"end":{"line":139,"column":32}},"41":{"start":{"line":142,"column":2},"end":{"line":180,"column":5}},"42":{"start":{"line":143,"column":4},"end":{"line":145,"column":5}},"43":{"start":{"line":144,"column":6},"end":{"line":144,"column":23}},"44":{"start":{"line":147,"column":4},"end":{"line":155,"column":5}},"45":{"start":{"line":148,"column":6},"end":{"line":152,"column":7}},"46":{"start":{"line":149,"column":8},"end":{"line":149,"column":60}},"47":{"start":{"line":151,"column":8},"end":{"line":151,"column":63}},"48":{"start":{"line":154,"column":6},"end":{"line":154,"column":31}},"49":{"start":{"line":157,"column":4},"end":{"line":179,"column":7}},"50":{"start":{"line":161,"column":6},"end":{"line":178,"column":7}},"51":{"start":{"line":162,"column":8},"end":{"line":173,"column":11}},"52":{"start":{"line":163,"column":10},"end":{"line":165,"column":11}},"53":{"start":{"line":164,"column":12},"end":{"line":164,"column":29}},"54":{"start":{"line":167,"column":10},"end":{"line":172,"column":11}},"55":{"start":{"line":168,"column":12},"end":{"line":168,"column":64}},"56":{"start":{"line":169,"column":12},"end":{"line":169,"column":37}},"57":{"start":{"line":171,"column":12},"end":{"line":171,"column":36}},"58":{"start":{"line":176,"column":8},"end":{"line":176,"column":61}},"59":{"start":{"line":177,"column":8},"end":{"line":177,"column":33}}},"branchMap":{"1":{"line":30,"type":"if","locations":[{"start":{"line":30,"column":2},"end":{"line":30,"column":2}},{"start":{"line":30,"column":2},"end":{"line":30,"column":2}}]},"2":{"line":35,"type":"if","locations":[{"start":{"line":35,"column":2},"end":{"line":35,"column":2}},{"start":{"line":35,"column":2},"end":{"line":35,"column":2}}]},"3":{"line":40,"type":"if","locations":[{"start":{"line":40,"column":2},"end":{"line":40,"column":2}},{"start":{"line":40,"column":2},"end":{"line":40,"column":2}}]},"4":{"line":49,"type":"if","locations":[{"start":{"line":49,"column":4},"end":{"line":49,"column":4}},{"start":{"line":49,"column":4},"end":{"line":49,"column":4}}]},"5":{"line":50,"type":"if","locations":[{"start":{"line":50,"column":6},"end":{"line":50,"column":6}},{"start":{"line":50,"column":6},"end":{"line":50,"column":6}}]},"6":{"line":51,"type":"if","locations":[{"start":{"line":51,"column":8},"end":{"line":51,"column":8}},{"start":{"line":51,"column":8},"end":{"line":51,"column":8}}]},"7":{"line":66,"type":"if","locations":[{"start":{"line":66,"column":6},"end":{"line":66,"column":6}},{"start":{"line":66,"column":6},"end":{"line":66,"column":6}}]},"8":{"line":67,"type":"if","locations":[{"start":{"line":67,"column":8},"end":{"line":67,"column":8}},{"start":{"line":67,"column":8},"end":{"line":67,"column":8}}]},"9":{"line":72,"type":"binary-expr","locations":[{"start":{"line":72,"column":15},"end":{"line":72,"column":25}},{"start":{"line":72,"column":29},"end":{"line":72,"column":32}}]},"10":{"line":100,"type":"if","locations":[{"start":{"line":100,"column":4},"end":{"line":100,"column":4}},{"start":{"line":100,"column":4},"end":{"line":100,"column":4}}]},"11":{"line":104,"type":"if","locations":[{"start":{"line":104,"column":4},"end":{"line":104,"column":4}},{"start":{"line":104,"column":4},"end":{"line":104,"column":4}}]},"12":{"line":135,"type":"if","locations":[{"start":{"line":135,"column":2},"end":{"line":135,"column":2}},{"start":{"line":135,"column":2},"end":{"line":135,"column":2}}]},"13":{"line":143,"type":"if","locations":[{"start":{"line":143,"column":4},"end":{"line":143,"column":4}},{"start":{"line":143,"column":4},"end":{"line":143,"column":4}}]},"14":{"line":147,"type":"if","locations":[{"start":{"line":147,"column":4},"end":{"line":147,"column":4}},{"start":{"line":147,"column":4},"end":{"line":147,"column":4}}]},"15":{"line":148,"type":"if","locations":[{"start":{"line":148,"column":6},"end":{"line":148,"column":6}},{"start":{"line":148,"column":6},"end":{"line":148,"column":6}}]},"16":{"line":161,"type":"if","locations":[{"start":{"line":161,"column":6},"end":{"line":161,"column":6}},{"start":{"line":161,"column":6},"end":{"line":161,"column":6}}]},"17":{"line":163,"type":"if","locations":[{"start":{"line":163,"column":10},"end":{"line":163,"column":10}},{"start":{"line":163,"column":10},"end":{"line":163,"column":10}}]},"18":{"line":167,"type":"if","locations":[{"start":{"line":167,"column":10},"end":{"line":167,"column":10}},{"start":{"line":167,"column":10},"end":{"line":167,"column":10}}]}}},"/Users/niyaven/Documents/dev/ajast/api/services/protocols/oauth.js":{"path":"/Users/niyaven/Documents/dev/ajast/api/services/protocols/oauth.js","s":{"1":1,"2":0,"3":0,"4":0,"5":0},"b":{"1":[0,0]},"f":{"1":0},"fnMap":{"1":{"name":"(anonymous_1)","line":20,"loc":{"start":{"line":20,"column":17},"end":{"line":20,"column":67}}}},"statementMap":{"1":{"start":{"line":20,"column":0},"end":{"line":32,"column":2}},"2":{"start":{"line":21,"column":2},"end":{"line":25,"column":6}},"3":{"start":{"line":27,"column":2},"end":{"line":29,"column":3}},"4":{"start":{"line":28,"column":4},"end":{"line":28,"column":43}},"5":{"start":{"line":31,"column":2},"end":{"line":31,"column":46}}},"branchMap":{"1":{"line":27,"type":"if","locations":[{"start":{"line":27,"column":2},"end":{"line":27,"column":2}},{"start":{"line":27,"column":2},"end":{"line":27,"column":2}}]}}},"/Users/niyaven/Documents/dev/ajast/api/services/protocols/oauth2.js":{"path":"/Users/niyaven/Documents/dev/ajast/api/services/protocols/oauth2.js","s":{"1":1,"2":0,"3":0,"4":0,"5":0},"b":{"1":[0,0]},"f":{"1":0},"fnMap":{"1":{"name":"(anonymous_1)","line":21,"loc":{"start":{"line":21,"column":17},"end":{"line":21,"column":74}}}},"statementMap":{"1":{"start":{"line":21,"column":0},"end":{"line":33,"column":2}},"2":{"start":{"line":22,"column":2},"end":{"line":26,"column":6}},"3":{"start":{"line":28,"column":2},"end":{"line":30,"column":3}},"4":{"start":{"line":29,"column":4},"end":{"line":29,"column":45}},"5":{"start":{"line":32,"column":2},"end":{"line":32,"column":46}}},"branchMap":{"1":{"line":28,"type":"if","locations":[{"start":{"line":28,"column":2},"end":{"line":28,"column":2}},{"start":{"line":28,"column":2},"end":{"line":28,"column":2}}]}}},"/Users/niyaven/Documents/dev/ajast/api/services/protocols/openid.js":{"path":"/Users/niyaven/Documents/dev/ajast/api/services/protocols/openid.js","s":{"1":1,"2":0,"3":0},"b":{},"f":{"1":0},"fnMap":{"1":{"name":"(anonymous_1)","line":18,"loc":{"start":{"line":18,"column":17},"end":{"line":18,"column":59}}}},"statementMap":{"1":{"start":{"line":18,"column":0},"end":{"line":25,"column":2}},"2":{"start":{"line":19,"column":2},"end":{"line":22,"column":4}},"3":{"start":{"line":24,"column":2},"end":{"line":24,"column":46}}},"branchMap":{}},"/Users/niyaven/Documents/dev/ajast/api/models/Archetype.js":{"path":"/Users/niyaven/Documents/dev/ajast/api/models/Archetype.js","s":{"1":1},"b":{},"f":{},"fnMap":{},"statementMap":{"1":{"start":{"line":8,"column":0},"end":{"line":13,"column":2}}},"branchMap":{}},"/Users/niyaven/Documents/dev/ajast/api/models/Character.js":{"path":"/Users/niyaven/Documents/dev/ajast/api/models/Character.js","s":{"1":1,"2":13,"3":13,"4":3,"5":3,"6":0,"7":13,"8":0,"9":13},"b":{"1":[3,0],"2":[0,13]},"f":{"1":13},"fnMap":{"1":{"name":"(anonymous_1)","line":38,"loc":{"start":{"line":38,"column":19},"end":{"line":38,"column":43}}}},"statementMap":{"1":{"start":{"line":8,"column":0},"end":{"line":50,"column":2}},"2":{"start":{"line":39,"column":8},"end":{"line":40,"column":65}},"3":{"start":{"line":42,"column":8},"end":{"line":45,"column":9}},"4":{"start":{"line":43,"column":12},"end":{"line":44,"column":47}},"5":{"start":{"line":43,"column":43},"end":{"line":43,"column":54}},"6":{"start":{"line":44,"column":17},"end":{"line":44,"column":47}},"7":{"start":{"line":47,"column":8},"end":{"line":48,"column":20}},"8":{"start":{"line":47,"column":23},"end":{"line":47,"column":35}},"9":{"start":{"line":48,"column":13},"end":{"line":48,"column":20}}},"branchMap":{"1":{"line":43,"type":"if","locations":[{"start":{"line":43,"column":12},"end":{"line":43,"column":12}},{"start":{"line":43,"column":12},"end":{"line":43,"column":12}}]},"2":{"line":47,"type":"if","locations":[{"start":{"line":47,"column":8},"end":{"line":47,"column":8}},{"start":{"line":47,"column":8},"end":{"line":47,"column":8}}]}}},"/Users/niyaven/Documents/dev/ajast/api/models/Fight.js":{"path":"/Users/niyaven/Documents/dev/ajast/api/models/Fight.js","s":{"1":1,"2":1,"3":0,"4":0},"b":{},"f":{"1":0},"fnMap":{"1":{"name":"(anonymous_1)","line":15,"loc":{"start":{"line":15,"column":18},"end":{"line":15,"column":39}}}},"statementMap":{"1":{"start":{"line":7,"column":0},"end":{"line":7,"column":40}},"2":{"start":{"line":9,"column":0},"end":{"line":19,"column":2}},"3":{"start":{"line":16,"column":8},"end":{"line":16,"column":38}},"4":{"start":{"line":17,"column":8},"end":{"line":17,"column":13}}},"branchMap":{}},"/Users/niyaven/Documents/dev/ajast/api/models/FreeCompany.js":{"path":"/Users/niyaven/Documents/dev/ajast/api/models/FreeCompany.js","s":{"1":1,"2":1,"3":1,"4":1,"5":1,"6":1,"7":0,"8":0,"9":0,"10":0,"11":0,"12":0,"13":0,"14":0,"15":0,"16":0,"17":1,"18":1,"19":1,"20":0,"21":0,"22":0,"23":0,"24":0,"25":0,"26":0,"27":0,"28":0,"29":0,"30":1,"31":1,"32":1,"33":1,"34":1,"35":1,"36":0,"37":1,"38":0},"b":{"1":[1,0],"2":[0,0],"3":[0,0],"4":[0,0],"5":[0,0],"6":[0,0],"7":[1,0],"8":[0,0],"9":[0,0],"10":[0,0],"11":[0,1],"12":[1,0],"13":[0,1]},"f":{"1":1,"2":0,"3":1,"4":0,"5":1,"6":1,"7":1,"8":1,"9":1,"10":1},"fnMap":{"1":{"name":"(anonymous_1)","line":27,"loc":{"start":{"line":27,"column":21},"end":{"line":27,"column":59}}},"2":{"name":"(anonymous_2)","line":44,"loc":{"start":{"line":44,"column":58},"end":{"line":44,"column":82}}},"3":{"name":"(anonymous_3)","line":55,"loc":{"start":{"line":55,"column":14},"end":{"line":55,"column":43}}},"4":{"name":"(anonymous_4)","line":71,"loc":{"start":{"line":71,"column":56},"end":{"line":71,"column":80}}},"5":{"name":"(anonymous_5)","line":82,"loc":{"start":{"line":82,"column":24},"end":{"line":82,"column":41}}},"6":{"name":"(anonymous_6)","line":83,"loc":{"start":{"line":83,"column":84},"end":{"line":83,"column":106}}},"7":{"name":"(anonymous_7)","line":86,"loc":{"start":{"line":86,"column":30},"end":{"line":86,"column":49}}},"8":{"name":"(anonymous_8)","line":91,"loc":{"start":{"line":91,"column":23},"end":{"line":91,"column":42}}},"9":{"name":"(anonymous_9)","line":94,"loc":{"start":{"line":94,"column":15},"end":{"line":94,"column":35}}},"10":{"name":"(anonymous_10)","line":95,"loc":{"start":{"line":95,"column":108},"end":{"line":95,"column":130}}}},"statementMap":{"1":{"start":{"line":8,"column":0},"end":{"line":102,"column":2}},"2":{"start":{"line":28,"column":8},"end":{"line":28,"column":40}},"3":{"start":{"line":29,"column":8},"end":{"line":29,"column":49}},"4":{"start":{"line":30,"column":8},"end":{"line":30,"column":48}},"5":{"start":{"line":32,"column":8},"end":{"line":52,"column":9}},"6":{"start":{"line":32,"column":36},"end":{"line":32,"column":54}},"7":{"start":{"line":33,"column":13},"end":{"line":52,"column":9}},"8":{"start":{"line":35,"column":12},"end":{"line":39,"column":13}},"9":{"start":{"line":36,"column":16},"end":{"line":38,"column":17}},"10":{"start":{"line":37,"column":20},"end":{"line":37,"column":51}},"11":{"start":{"line":40,"column":12},"end":{"line":40,"column":41}},"12":{"start":{"line":44,"column":12},"end":{"line":51,"column":15}},"13":{"start":{"line":45,"column":16},"end":{"line":49,"column":17}},"14":{"start":{"line":46,"column":20},"end":{"line":48,"column":21}},"15":{"start":{"line":47,"column":24},"end":{"line":47,"column":52}},"16":{"start":{"line":50,"column":16},"end":{"line":50,"column":45}},"17":{"start":{"line":56,"column":8},"end":{"line":56,"column":23}},"18":{"start":{"line":57,"column":8},"end":{"line":79,"column":9}},"19":{"start":{"line":59,"column":12},"end":{"line":59,"column":34}},"20":{"start":{"line":60,"column":15},"end":{"line":79,"column":9}},"21":{"start":{"line":62,"column":12},"end":{"line":66,"column":13}},"22":{"start":{"line":63,"column":16},"end":{"line":65,"column":17}},"23":{"start":{"line":64,"column":20},"end":{"line":64,"column":49}},"24":{"start":{"line":67,"column":12},"end":{"line":67,"column":34}},"25":{"start":{"line":71,"column":12},"end":{"line":78,"column":15}},"26":{"start":{"line":72,"column":16},"end":{"line":76,"column":17}},"27":{"start":{"line":73,"column":20},"end":{"line":75,"column":21}},"28":{"start":{"line":74,"column":24},"end":{"line":74,"column":52}},"29":{"start":{"line":77,"column":16},"end":{"line":77,"column":38}},"30":{"start":{"line":83,"column":8},"end":{"line":100,"column":11}},"31":{"start":{"line":84,"column":12},"end":{"line":99,"column":15}},"32":{"start":{"line":87,"column":20},"end":{"line":87,"column":91}},"33":{"start":{"line":92,"column":20},"end":{"line":92,"column":68}},"34":{"start":{"line":95,"column":16},"end":{"line":98,"column":19}},"35":{"start":{"line":96,"column":20},"end":{"line":97,"column":68}},"36":{"start":{"line":96,"column":35},"end":{"line":96,"column":50}},"37":{"start":{"line":97,"column":25},"end":{"line":97,"column":68}},"38":{"start":{"line":97,"column":33},"end":{"line":97,"column":68}}},"branchMap":{"1":{"line":32,"type":"if","locations":[{"start":{"line":32,"column":8},"end":{"line":32,"column":8}},{"start":{"line":32,"column":8},"end":{"line":32,"column":8}}]},"2":{"line":33,"type":"if","locations":[{"start":{"line":33,"column":13},"end":{"line":33,"column":13}},{"start":{"line":33,"column":13},"end":{"line":33,"column":13}}]},"3":{"line":36,"type":"if","locations":[{"start":{"line":36,"column":16},"end":{"line":36,"column":16}},{"start":{"line":36,"column":16},"end":{"line":36,"column":16}}]},"4":{"line":36,"type":"binary-expr","locations":[{"start":{"line":36,"column":20},"end":{"line":36,"column":59}},{"start":{"line":36,"column":63},"end":{"line":36,"column":87}}]},"5":{"line":46,"type":"if","locations":[{"start":{"line":46,"column":20},"end":{"line":46,"column":20}},{"start":{"line":46,"column":20},"end":{"line":46,"column":20}}]},"6":{"line":46,"type":"binary-expr","locations":[{"start":{"line":46,"column":24},"end":{"line":46,"column":60}},{"start":{"line":46,"column":64},"end":{"line":46,"column":85}}]},"7":{"line":57,"type":"if","locations":[{"start":{"line":57,"column":8},"end":{"line":57,"column":8}},{"start":{"line":57,"column":8},"end":{"line":57,"column":8}}]},"8":{"line":60,"type":"if","locations":[{"start":{"line":60,"column":15},"end":{"line":60,"column":15}},{"start":{"line":60,"column":15},"end":{"line":60,"column":15}}]},"9":{"line":63,"type":"if","locations":[{"start":{"line":63,"column":16},"end":{"line":63,"column":16}},{"start":{"line":63,"column":16},"end":{"line":63,"column":16}}]},"10":{"line":73,"type":"if","locations":[{"start":{"line":73,"column":20},"end":{"line":73,"column":20}},{"start":{"line":73,"column":20},"end":{"line":73,"column":20}}]},"11":{"line":96,"type":"if","locations":[{"start":{"line":96,"column":20},"end":{"line":96,"column":20}},{"start":{"line":96,"column":20},"end":{"line":96,"column":20}}]},"12":{"line":96,"type":"binary-expr","locations":[{"start":{"line":96,"column":24},"end":{"line":96,"column":27}},{"start":{"line":96,"column":31},"end":{"line":96,"column":33}}]},"13":{"line":97,"type":"if","locations":[{"start":{"line":97,"column":25},"end":{"line":97,"column":25}},{"start":{"line":97,"column":25},"end":{"line":97,"column":25}}]}}},"/Users/niyaven/Documents/dev/ajast/api/models/God.js":{"path":"/Users/niyaven/Documents/dev/ajast/api/models/God.js","s":{"1":1},"b":{},"f":{},"fnMap":{},"statementMap":{"1":{"start":{"line":8,"column":0},"end":{"line":15,"column":2}}},"branchMap":{}},"/Users/niyaven/Documents/dev/ajast/api/models/Notification.js":{"path":"/Users/niyaven/Documents/dev/ajast/api/models/Notification.js","s":{"1":1},"b":{},"f":{},"fnMap":{},"statementMap":{"1":{"start":{"line":8,"column":0},"end":{"line":15,"column":2}}},"branchMap":{}},"/Users/niyaven/Documents/dev/ajast/api/models/Passport.js":{"path":"/Users/niyaven/Documents/dev/ajast/api/models/Passport.js","s":{"1":1,"2":1,"3":0,"4":0,"5":0,"6":0,"7":0,"8":1,"9":0,"10":0,"11":0,"12":1},"b":{"1":[0,0]},"f":{"1":0,"2":0,"3":0,"4":0,"5":0},"fnMap":{"1":{"name":"hashPassword","line":9,"loc":{"start":{"line":9,"column":0},"end":{"line":9,"column":39}}},"2":{"name":"(anonymous_2)","line":11,"loc":{"start":{"line":11,"column":39},"end":{"line":11,"column":60}}},"3":{"name":"(anonymous_3)","line":80,"loc":{"start":{"line":80,"column":22},"end":{"line":80,"column":48}}},"4":{"name":"(anonymous_4)","line":92,"loc":{"start":{"line":92,"column":16},"end":{"line":92,"column":42}}},"5":{"name":"(anonymous_5)","line":102,"loc":{"start":{"line":102,"column":16},"end":{"line":102,"column":42}}}},"statementMap":{"1":{"start":{"line":1,"column":0},"end":{"line":1,"column":33}},"2":{"start":{"line":9,"column":0},"end":{"line":18,"column":1}},"3":{"start":{"line":10,"column":2},"end":{"line":17,"column":3}},"4":{"start":{"line":11,"column":4},"end":{"line":14,"column":7}},"5":{"start":{"line":12,"column":6},"end":{"line":12,"column":31}},"6":{"start":{"line":13,"column":6},"end":{"line":13,"column":26}},"7":{"start":{"line":16,"column":4},"end":{"line":16,"column":25}},"8":{"start":{"line":34,"column":0},"end":{"line":105,"column":2}},"9":{"start":{"line":81,"column":6},"end":{"line":81,"column":52}},"10":{"start":{"line":93,"column":4},"end":{"line":93,"column":33}},"11":{"start":{"line":103,"column":4},"end":{"line":103,"column":33}},"12":{"start":{"line":107,"column":0},"end":{"line":107,"column":26}}},"branchMap":{"1":{"line":10,"type":"if","locations":[{"start":{"line":10,"column":2},"end":{"line":10,"column":2}},{"start":{"line":10,"column":2},"end":{"line":10,"column":2}}]}}},"/Users/niyaven/Documents/dev/ajast/api/models/Race.js":{"path":"/Users/niyaven/Documents/dev/ajast/api/models/Race.js","s":{"1":1},"b":{},"f":{},"fnMap":{},"statementMap":{"1":{"start":{"line":8,"column":0},"end":{"line":15,"column":2}}},"branchMap":{}},"/Users/niyaven/Documents/dev/ajast/api/models/Roll.js":{"path":"/Users/niyaven/Documents/dev/ajast/api/models/Roll.js","s":{"1":1},"b":{},"f":{},"fnMap":{},"statementMap":{"1":{"start":{"line":8,"column":0},"end":{"line":16,"column":2}}},"branchMap":{}},"/Users/niyaven/Documents/dev/ajast/api/models/Server.js":{"path":"/Users/niyaven/Documents/dev/ajast/api/models/Server.js","s":{"1":1},"b":{},"f":{},"fnMap":{},"statementMap":{"1":{"start":{"line":8,"column":0},"end":{"line":13,"column":2}}},"branchMap":{}},"/Users/niyaven/Documents/dev/ajast/api/models/Town.js":{"path":"/Users/niyaven/Documents/dev/ajast/api/models/Town.js","s":{"1":1},"b":{},"f":{},"fnMap":{},"statementMap":{"1":{"start":{"line":8,"column":0},"end":{"line":14,"column":2}}},"branchMap":{}},"/Users/niyaven/Documents/dev/ajast/api/models/User.js":{"path":"/Users/niyaven/Documents/dev/ajast/api/models/User.js","s":{"1":1,"2":1},"b":{},"f":{},"fnMap":{},"statementMap":{"1":{"start":{"line":1,"column":0},"end":{"line":10,"column":2}},"2":{"start":{"line":12,"column":0},"end":{"line":12,"column":22}}},"branchMap":{}},"/Users/niyaven/Documents/dev/ajast/api/controllers/AuthController.js":{"path":"/Users/niyaven/Documents/dev/ajast/api/controllers/AuthController.js","s":{"1":1,"2":0,"3":0,"4":0,"5":0,"6":0,"7":0,"8":0,"9":0,"10":0,"11":0,"12":0,"13":0,"14":0,"15":1,"16":0,"17":0,"18":0,"19":0,"20":0,"21":0,"22":0,"23":0,"24":0,"25":0,"26":0,"27":0,"28":0,"29":0,"30":0,"31":0,"32":0,"33":0,"34":0,"35":0,"36":0,"37":1},"b":{"1":[0,0],"2":[0,0],"3":[0,0],"4":[0,0],"5":[0,0],"6":[0,0,0],"7":[0,0],"8":[0,0]},"f":{"1":0,"2":0,"3":0,"4":0,"5":0,"6":0,"7":0,"8":0,"9":0,"10":0},"fnMap":{"1":{"name":"(anonymous_1)","line":33,"loc":{"start":{"line":33,"column":11},"end":{"line":33,"column":31}}},"2":{"name":"(anonymous_2)","line":42,"loc":{"start":{"line":42,"column":40},"end":{"line":42,"column":55}}},"3":{"name":"(anonymous_3)","line":76,"loc":{"start":{"line":76,"column":12},"end":{"line":76,"column":32}}},"4":{"name":"(anonymous_4)","line":96,"loc":{"start":{"line":96,"column":14},"end":{"line":96,"column":34}}},"5":{"name":"(anonymous_5)","line":108,"loc":{"start":{"line":108,"column":14},"end":{"line":108,"column":34}}},"6":{"name":"(anonymous_6)","line":128,"loc":{"start":{"line":128,"column":14},"end":{"line":128,"column":34}}},"7":{"name":"tryAgain","line":129,"loc":{"start":{"line":129,"column":8},"end":{"line":129,"column":32}}},"8":{"name":"(anonymous_8)","line":160,"loc":{"start":{"line":160,"column":36},"end":{"line":160,"column":57}}},"9":{"name":"(anonymous_9)","line":165,"loc":{"start":{"line":165,"column":28},"end":{"line":165,"column":43}}},"10":{"name":"(anonymous_10)","line":183,"loc":{"start":{"line":183,"column":16},"end":{"line":183,"column":36}}}},"statementMap":{"1":{"start":{"line":8,"column":0},"end":{"line":186,"column":2}},"2":{"start":{"line":34,"column":8},"end":{"line":37,"column":9}},"3":{"start":{"line":35,"column":12},"end":{"line":35,"column":36}},"4":{"start":{"line":36,"column":12},"end":{"line":36,"column":19}},"5":{"start":{"line":38,"column":8},"end":{"line":39,"column":30}},"6":{"start":{"line":42,"column":8},"end":{"line":51,"column":11}},"7":{"start":{"line":43,"column":12},"end":{"line":45,"column":13}},"8":{"start":{"line":44,"column":16},"end":{"line":44,"column":23}},"9":{"start":{"line":47,"column":12},"end":{"line":50,"column":14}},"10":{"start":{"line":54,"column":8},"end":{"line":59,"column":11}},"11":{"start":{"line":77,"column":8},"end":{"line":77,"column":21}},"12":{"start":{"line":78,"column":8},"end":{"line":78,"column":26}},"13":{"start":{"line":97,"column":8},"end":{"line":99,"column":11}},"14":{"start":{"line":109,"column":8},"end":{"line":109,"column":36}},"15":{"start":{"line":129,"column":8},"end":{"line":158,"column":9}},"16":{"start":{"line":134,"column":12},"end":{"line":134,"column":51}},"17":{"start":{"line":136,"column":12},"end":{"line":140,"column":13}},"18":{"start":{"line":137,"column":16},"end":{"line":137,"column":61}},"19":{"start":{"line":138,"column":19},"end":{"line":140,"column":13}},"20":{"start":{"line":139,"column":16},"end":{"line":139,"column":47}},"21":{"start":{"line":141,"column":12},"end":{"line":141,"column":40}},"22":{"start":{"line":146,"column":12},"end":{"line":146,"column":45}},"23":{"start":{"line":148,"column":12},"end":{"line":157,"column":13}},"24":{"start":{"line":150,"column":20},"end":{"line":150,"column":46}},"25":{"start":{"line":151,"column":20},"end":{"line":151,"column":26}},"26":{"start":{"line":153,"column":20},"end":{"line":153,"column":41}},"27":{"start":{"line":154,"column":20},"end":{"line":154,"column":26}},"28":{"start":{"line":156,"column":20},"end":{"line":156,"column":43}},"29":{"start":{"line":160,"column":8},"end":{"line":174,"column":11}},"30":{"start":{"line":161,"column":12},"end":{"line":163,"column":13}},"31":{"start":{"line":162,"column":16},"end":{"line":162,"column":34}},"32":{"start":{"line":165,"column":12},"end":{"line":173,"column":15}},"33":{"start":{"line":166,"column":16},"end":{"line":168,"column":17}},"34":{"start":{"line":167,"column":20},"end":{"line":167,"column":38}},"35":{"start":{"line":172,"column":16},"end":{"line":172,"column":34}},"36":{"start":{"line":184,"column":8},"end":{"line":184,"column":38}},"37":{"start":{"line":188,"column":0},"end":{"line":188,"column":32}}},"branchMap":{"1":{"line":34,"type":"if","locations":[{"start":{"line":34,"column":8},"end":{"line":34,"column":8}},{"start":{"line":34,"column":8},"end":{"line":34,"column":8}}]},"2":{"line":43,"type":"if","locations":[{"start":{"line":43,"column":12},"end":{"line":43,"column":12}},{"start":{"line":43,"column":12},"end":{"line":43,"column":12}}]},"3":{"line":136,"type":"if","locations":[{"start":{"line":136,"column":12},"end":{"line":136,"column":12}},{"start":{"line":136,"column":12},"end":{"line":136,"column":12}}]},"4":{"line":136,"type":"binary-expr","locations":[{"start":{"line":136,"column":16},"end":{"line":136,"column":19}},{"start":{"line":136,"column":23},"end":{"line":136,"column":34}}]},"5":{"line":138,"type":"if","locations":[{"start":{"line":138,"column":19},"end":{"line":138,"column":19}},{"start":{"line":138,"column":19},"end":{"line":138,"column":19}}]},"6":{"line":148,"type":"switch","locations":[{"start":{"line":149,"column":16},"end":{"line":151,"column":26}},{"start":{"line":152,"column":16},"end":{"line":154,"column":26}},{"start":{"line":155,"column":16},"end":{"line":156,"column":43}}]},"7":{"line":161,"type":"if","locations":[{"start":{"line":161,"column":12},"end":{"line":161,"column":12}},{"start":{"line":161,"column":12},"end":{"line":161,"column":12}}]},"8":{"line":166,"type":"if","locations":[{"start":{"line":166,"column":16},"end":{"line":166,"column":16}},{"start":{"line":166,"column":16},"end":{"line":166,"column":16}}]}}},"/Users/niyaven/Documents/dev/ajast/api/controllers/CharacterController.js":{"path":"/Users/niyaven/Documents/dev/ajast/api/controllers/CharacterController.js","s":{"1":1,"2":0,"3":0,"4":0,"5":0,"6":1,"7":1,"8":1,"9":1,"10":1,"11":1,"12":8,"13":1,"14":1,"15":0,"16":0,"17":0,"18":0,"19":0,"20":0,"21":0,"22":0,"23":0,"24":0,"25":0,"26":0,"27":1,"28":1,"29":1,"30":1,"31":1,"32":1,"33":1,"34":1,"35":0,"36":1,"37":1,"38":20,"39":3,"40":1,"41":1,"42":8,"43":1,"44":1,"45":0,"46":0,"47":0,"48":0,"49":0,"50":0,"51":0,"52":0,"53":0,"54":0,"55":0,"56":0,"57":0,"58":0,"59":0,"60":0,"61":0,"62":0,"63":0,"64":0,"65":0,"66":0,"67":0,"68":4,"69":4,"70":4,"71":0,"72":4,"73":3,"74":1,"75":0,"76":4,"77":4,"78":4,"79":0,"80":4,"81":2,"82":2,"83":1,"84":1,"85":0,"86":1,"87":1,"88":1,"89":0,"90":1,"91":1,"92":1,"93":0,"94":1,"95":1},"b":{"1":[1,7],"2":[0,0],"3":[0,0],"4":[0,0],"5":[0,1],"6":[3,17],"7":[1,7],"8":[0,0],"9":[0,0],"10":[0,0],"11":[0,0],"12":[0,0],"13":[0,0],"14":[0,4],"15":[3,1],"16":[4,1],"17":[0,1],"18":[0,4],"19":[2,2],"20":[1,1],"21":[0,1],"22":[0,1],"23":[0,1]},"f":{"1":0,"2":0,"3":0,"4":1,"5":1,"6":1,"7":1,"8":1,"9":0,"10":0,"11":0,"12":0,"13":0,"14":1,"15":1,"16":1,"17":1,"18":1,"19":1,"20":1,"21":1,"22":0,"23":0,"24":0,"25":0,"26":0,"27":0,"28":0,"29":0,"30":0,"31":4,"32":4,"33":4,"34":1,"35":1,"36":1,"37":1,"38":1},"fnMap":{"1":{"name":"(anonymous_1)","line":9,"loc":{"start":{"line":9,"column":12},"end":{"line":9,"column":31}}},"2":{"name":"(anonymous_2)","line":12,"loc":{"start":{"line":12,"column":25},"end":{"line":12,"column":51}}},"3":{"name":"(anonymous_3)","line":15,"loc":{"start":{"line":15,"column":87},"end":{"line":15,"column":109}}},"4":{"name":"(anonymous_4)","line":21,"loc":{"start":{"line":21,"column":10},"end":{"line":21,"column":29}}},"5":{"name":"(anonymous_5)","line":23,"loc":{"start":{"line":23,"column":24},"end":{"line":23,"column":43}}},"6":{"name":"(anonymous_6)","line":24,"loc":{"start":{"line":24,"column":33},"end":{"line":24,"column":59}}},"7":{"name":"(anonymous_7)","line":28,"loc":{"start":{"line":28,"column":21},"end":{"line":28,"column":40}}},"8":{"name":"(anonymous_8)","line":31,"loc":{"start":{"line":31,"column":11},"end":{"line":31,"column":31}}},"9":{"name":"(anonymous_9)","line":48,"loc":{"start":{"line":48,"column":10},"end":{"line":48,"column":29}}},"10":{"name":"(anonymous_10)","line":52,"loc":{"start":{"line":52,"column":24},"end":{"line":52,"column":43}}},"11":{"name":"(anonymous_11)","line":54,"loc":{"start":{"line":54,"column":33},"end":{"line":54,"column":59}}},"12":{"name":"(anonymous_12)","line":58,"loc":{"start":{"line":58,"column":23},"end":{"line":58,"column":42}}},"13":{"name":"(anonymous_13)","line":62,"loc":{"start":{"line":62,"column":11},"end":{"line":62,"column":31}}},"14":{"name":"(anonymous_14)","line":74,"loc":{"start":{"line":74,"column":9},"end":{"line":74,"column":28}}},"15":{"name":"(anonymous_15)","line":76,"loc":{"start":{"line":76,"column":24},"end":{"line":76,"column":43}}},"16":{"name":"(anonymous_16)","line":78,"loc":{"start":{"line":78,"column":33},"end":{"line":78,"column":59}}},"17":{"name":"(anonymous_17)","line":82,"loc":{"start":{"line":82,"column":18},"end":{"line":82,"column":37}}},"18":{"name":"(anonymous_18)","line":85,"loc":{"start":{"line":85,"column":19},"end":{"line":85,"column":38}}},"19":{"name":"(anonymous_19)","line":88,"loc":{"start":{"line":88,"column":19},"end":{"line":88,"column":38}}},"20":{"name":"(anonymous_20)","line":91,"loc":{"start":{"line":91,"column":21},"end":{"line":91,"column":40}}},"21":{"name":"(anonymous_21)","line":94,"loc":{"start":{"line":94,"column":11},"end":{"line":94,"column":31}}},"22":{"name":"(anonymous_22)","line":125,"loc":{"start":{"line":125,"column":10},"end":{"line":125,"column":29}}},"23":{"name":"(anonymous_23)","line":127,"loc":{"start":{"line":127,"column":24},"end":{"line":127,"column":43}}},"24":{"name":"(anonymous_24)","line":129,"loc":{"start":{"line":129,"column":33},"end":{"line":129,"column":59}}},"25":{"name":"(anonymous_25)","line":133,"loc":{"start":{"line":133,"column":23},"end":{"line":133,"column":42}}},"26":{"name":"(anonymous_26)","line":137,"loc":{"start":{"line":137,"column":18},"end":{"line":137,"column":37}}},"27":{"name":"(anonymous_27)","line":140,"loc":{"start":{"line":140,"column":19},"end":{"line":140,"column":38}}},"28":{"name":"(anonymous_28)","line":143,"loc":{"start":{"line":143,"column":19},"end":{"line":143,"column":38}}},"29":{"name":"(anonymous_29)","line":146,"loc":{"start":{"line":146,"column":21},"end":{"line":146,"column":40}}},"30":{"name":"(anonymous_30)","line":149,"loc":{"start":{"line":149,"column":11},"end":{"line":149,"column":31}}},"31":{"name":"(anonymous_31)","line":182,"loc":{"start":{"line":182,"column":10},"end":{"line":182,"column":29}}},"32":{"name":"(anonymous_32)","line":185,"loc":{"start":{"line":185,"column":51},"end":{"line":185,"column":73}}},"33":{"name":"(anonymous_33)","line":198,"loc":{"start":{"line":198,"column":20},"end":{"line":198,"column":45}}},"34":{"name":"(anonymous_34)","line":202,"loc":{"start":{"line":202,"column":53},"end":{"line":202,"column":76}}},"35":{"name":"(anonymous_35)","line":207,"loc":{"start":{"line":207,"column":73},"end":{"line":207,"column":96}}},"36":{"name":"(anonymous_36)","line":216,"loc":{"start":{"line":216,"column":12},"end":{"line":216,"column":31}}},"37":{"name":"(anonymous_37)","line":217,"loc":{"start":{"line":217,"column":54},"end":{"line":217,"column":76}}},"38":{"name":"(anonymous_38)","line":220,"loc":{"start":{"line":220,"column":52},"end":{"line":220,"column":74}}}},"statementMap":{"1":{"start":{"line":8,"column":0},"end":{"line":225,"column":2}},"2":{"start":{"line":10,"column":8},"end":{"line":10,"column":51}},"3":{"start":{"line":12,"column":8},"end":{"line":18,"column":11}},"4":{"start":{"line":13,"column":12},"end":{"line":17,"column":15}},"5":{"start":{"line":16,"column":16},"end":{"line":16,"column":33}},"6":{"start":{"line":22,"column":8},"end":{"line":45,"column":11}},"7":{"start":{"line":24,"column":16},"end":{"line":26,"column":19}},"8":{"start":{"line":25,"column":20},"end":{"line":25,"column":180}},"9":{"start":{"line":29,"column":16},"end":{"line":29,"column":45}},"10":{"start":{"line":32,"column":12},"end":{"line":32,"column":33}},"11":{"start":{"line":33,"column":12},"end":{"line":37,"column":13}},"12":{"start":{"line":34,"column":16},"end":{"line":36,"column":17}},"13":{"start":{"line":35,"column":20},"end":{"line":35,"column":65}},"14":{"start":{"line":38,"column":12},"end":{"line":44,"column":15}},"15":{"start":{"line":49,"column":8},"end":{"line":49,"column":54}},"16":{"start":{"line":49,"column":32},"end":{"line":49,"column":54}},"17":{"start":{"line":51,"column":8},"end":{"line":71,"column":11}},"18":{"start":{"line":54,"column":16},"end":{"line":56,"column":19}},"19":{"start":{"line":55,"column":20},"end":{"line":55,"column":77}},"20":{"start":{"line":59,"column":16},"end":{"line":59,"column":58}},"21":{"start":{"line":60,"column":16},"end":{"line":60,"column":158}},"22":{"start":{"line":63,"column":12},"end":{"line":63,"column":49}},"23":{"start":{"line":63,"column":21},"end":{"line":63,"column":49}},"24":{"start":{"line":64,"column":12},"end":{"line":64,"column":91}},"25":{"start":{"line":64,"column":33},"end":{"line":64,"column":91}},"26":{"start":{"line":65,"column":12},"end":{"line":70,"column":15}},"27":{"start":{"line":75,"column":8},"end":{"line":122,"column":11}},"28":{"start":{"line":78,"column":16},"end":{"line":80,"column":19}},"29":{"start":{"line":79,"column":20},"end":{"line":79,"column":77}},"30":{"start":{"line":83,"column":16},"end":{"line":83,"column":42}},"31":{"start":{"line":86,"column":16},"end":{"line":86,"column":43}},"32":{"start":{"line":89,"column":16},"end":{"line":89,"column":43}},"33":{"start":{"line":92,"column":16},"end":{"line":92,"column":45}},"34":{"start":{"line":95,"column":12},"end":{"line":95,"column":49}},"35":{"start":{"line":95,"column":21},"end":{"line":95,"column":49}},"36":{"start":{"line":97,"column":12},"end":{"line":97,"column":156}},"37":{"start":{"line":98,"column":12},"end":{"line":102,"column":13}},"38":{"start":{"line":99,"column":16},"end":{"line":101,"column":17}},"39":{"start":{"line":100,"column":20},"end":{"line":100,"column":55}},"40":{"start":{"line":103,"column":12},"end":{"line":103,"column":33}},"41":{"start":{"line":104,"column":12},"end":{"line":108,"column":13}},"42":{"start":{"line":105,"column":16},"end":{"line":107,"column":17}},"43":{"start":{"line":106,"column":20},"end":{"line":106,"column":65}},"44":{"start":{"line":110,"column":12},"end":{"line":121,"column":15}},"45":{"start":{"line":126,"column":8},"end":{"line":179,"column":11}},"46":{"start":{"line":129,"column":16},"end":{"line":131,"column":19}},"47":{"start":{"line":130,"column":20},"end":{"line":130,"column":77}},"48":{"start":{"line":134,"column":16},"end":{"line":134,"column":50}},"49":{"start":{"line":135,"column":16},"end":{"line":135,"column":56}},"50":{"start":{"line":138,"column":16},"end":{"line":138,"column":42}},"51":{"start":{"line":141,"column":16},"end":{"line":141,"column":43}},"52":{"start":{"line":144,"column":16},"end":{"line":144,"column":43}},"53":{"start":{"line":147,"column":16},"end":{"line":147,"column":45}},"54":{"start":{"line":150,"column":12},"end":{"line":150,"column":49}},"55":{"start":{"line":150,"column":21},"end":{"line":150,"column":49}},"56":{"start":{"line":151,"column":12},"end":{"line":152,"column":155}},"57":{"start":{"line":151,"column":33},"end":{"line":151,"column":91}},"58":{"start":{"line":152,"column":17},"end":{"line":152,"column":155}},"59":{"start":{"line":152,"column":80},"end":{"line":152,"column":155}},"60":{"start":{"line":154,"column":12},"end":{"line":154,"column":48}},"61":{"start":{"line":155,"column":12},
[...]
ne":52,"column":23},"end":{"line":52,"column":42}}},"9":{"name":"(anonymous_9)","line":53,"loc":{"start":{"line":53,"column":78},"end":{"line":53,"column":101}}},"10":{"name":"(anonymous_10)","line":58,"loc":{"start":{"line":58,"column":26},"end":{"line":58,"column":45}}},"11":{"name":"(anonymous_11)","line":59,"loc":{"start":{"line":59,"column":65},"end":{"line":59,"column":87}}},"12":{"name":"(anonymous_12)","line":64,"loc":{"start":{"line":64,"column":21},"end":{"line":64,"column":40}}},"13":{"name":"(anonymous_13)","line":65,"loc":{"start":{"line":65,"column":63},"end":{"line":65,"column":85}}},"14":{"name":"(anonymous_14)","line":70,"loc":{"start":{"line":70,"column":11},"end":{"line":70,"column":31}}},"15":{"name":"(anonymous_15)","line":76,"loc":{"start":{"line":76,"column":22},"end":{"line":76,"column":50}}},"16":{"name":"(anonymous_16)","line":80,"loc":{"start":{"line":80,"column":55},"end":{"line":80,"column":77}}},"17":{"name":"(anonymous_17)","line":90,"loc":{"start":{"line":90,"column":29},"end":{"line":90,"column":48}}},"18":{"name":"(anonymous_18)","line":91,"loc":{"start":{"line":91,"column":120},"end":{"line":91,"column":142}}},"19":{"name":"(anonymous_19)","line":96,"loc":{"start":{"line":96,"column":27},"end":{"line":96,"column":46}}},"20":{"name":"(anonymous_20)","line":97,"loc":{"start":{"line":97,"column":82},"end":{"line":97,"column":104}}},"21":{"name":"(anonymous_21)","line":102,"loc":{"start":{"line":102,"column":30},"end":{"line":102,"column":49}}},"22":{"name":"(anonymous_22)","line":103,"loc":{"start":{"line":103,"column":69},"end":{"line":103,"column":91}}},"23":{"name":"(anonymous_23)","line":108,"loc":{"start":{"line":108,"column":15},"end":{"line":108,"column":35}}}},"statementMap":{"1":{"start":{"line":8,"column":0},"end":{"line":114,"column":2}},"2":{"start":{"line":11,"column":8},"end":{"line":11,"column":43}},"3":{"start":{"line":11,"column":23},"end":{"line":11,"column":43}},"4":{"start":{"line":13,"column":8},"end":{"line":16,"column":11}},"5":{"start":{"line":14,"column":12},"end":{"line":14,"column":49}},"6":{"start":{"line":14,"column":21},"end":{"line":14,"column":49}},"7":{"start":{"line":15,"column":12},"end":{"line":15,"column":34}},"8":{"start":{"line":20,"column":8},"end":{"line":20,"column":98}},"9":{"start":{"line":20,"column":23},"end":{"line":20,"column":98}},"10":{"start":{"line":21,"column":8},"end":{"line":21,"column":24}},"11":{"start":{"line":23,"column":8},"end":{"line":30,"column":11}},"12":{"start":{"line":24,"column":12},"end":{"line":26,"column":136}},"13":{"start":{"line":24,"column":21},"end":{"line":24,"column":49}},"14":{"start":{"line":25,"column":17},"end":{"line":26,"column":136}},"15":{"start":{"line":25,"column":36},"end":{"line":25,"column":95}},"16":{"start":{"line":26,"column":17},"end":{"line":26,"column":136}},"17":{"start":{"line":26,"column":57},"end":{"line":26,"column":136}},"18":{"start":{"line":28,"column":12},"end":{"line":29,"column":73}},"19":{"start":{"line":28,"column":50},"end":{"line":28,"column":97}},"20":{"start":{"line":29,"column":17},"end":{"line":29,"column":73}},"21":{"start":{"line":34,"column":8},"end":{"line":34,"column":98}},"22":{"start":{"line":34,"column":23},"end":{"line":34,"column":98}},"23":{"start":{"line":35,"column":8},"end":{"line":35,"column":24}},"24":{"start":{"line":37,"column":8},"end":{"line":44,"column":11}},"25":{"start":{"line":38,"column":12},"end":{"line":40,"column":136}},"26":{"start":{"line":38,"column":21},"end":{"line":38,"column":49}},"27":{"start":{"line":39,"column":17},"end":{"line":40,"column":136}},"28":{"start":{"line":39,"column":36},"end":{"line":39,"column":95}},"29":{"start":{"line":40,"column":17},"end":{"line":40,"column":136}},"30":{"start":{"line":40,"column":57},"end":{"line":40,"column":136}},"31":{"start":{"line":42,"column":12},"end":{"line":43,"column":73}},"32":{"start":{"line":42,"column":50},"end":{"line":42,"column":98}},"33":{"start":{"line":43,"column":17},"end":{"line":43,"column":73}},"34":{"start":{"line":48,"column":8},"end":{"line":49,"column":56}},"35":{"start":{"line":51,"column":8},"end":{"line":73,"column":11}},"36":{"start":{"line":53,"column":16},"end":{"line":56,"column":19}},"37":{"start":{"line":54,"column":20},"end":{"line":55,"column":55}},"38":{"start":{"line":54,"column":29},"end":{"line":54,"column":50}},"39":{"start":{"line":55,"column":25},"end":{"line":55,"column":55}},"40":{"start":{"line":59,"column":16},"end":{"line":62,"column":19}},"41":{"start":{"line":60,"column":20},"end":{"line":61,"column":55}},"42":{"start":{"line":60,"column":29},"end":{"line":60,"column":50}},"43":{"start":{"line":61,"column":25},"end":{"line":61,"column":55}},"44":{"start":{"line":65,"column":16},"end":{"line":68,"column":19}},"45":{"start":{"line":66,"column":20},"end":{"line":67,"column":55}},"46":{"start":{"line":66,"column":29},"end":{"line":66,"column":50}},"47":{"start":{"line":67,"column":25},"end":{"line":67,"column":55}},"48":{"start":{"line":71,"column":12},"end":{"line":72,"column":33}},"49":{"start":{"line":71,"column":21},"end":{"line":71,"column":49}},"50":{"start":{"line":72,"column":17},"end":{"line":72,"column":33}},"51":{"start":{"line":77,"column":8},"end":{"line":78,"column":56}},"52":{"start":{"line":80,"column":8},"end":{"line":112,"column":11}},"53":{"start":{"line":81,"column":12},"end":{"line":81,"column":49}},"54":{"start":{"line":81,"column":21},"end":{"line":81,"column":49}},"55":{"start":{"line":83,"column":12},"end":{"line":84,"column":78}},"56":{"start":{"line":86,"column":12},"end":{"line":86,"column":76}},"57":{"start":{"line":86,"column":36},"end":{"line":86,"column":76}},"58":{"start":{"line":87,"column":12},"end":{"line":87,"column":73}},"59":{"start":{"line":87,"column":35},"end":{"line":87,"column":73}},"60":{"start":{"line":89,"column":12},"end":{"line":111,"column":15}},"61":{"start":{"line":91,"column":20},"end":{"line":94,"column":23}},"62":{"start":{"line":92,"column":24},"end":{"line":93,"column":59}},"63":{"start":{"line":92,"column":33},"end":{"line":92,"column":54}},"64":{"start":{"line":93,"column":29},"end":{"line":93,"column":59}},"65":{"start":{"line":97,"column":20},"end":{"line":100,"column":23}},"66":{"start":{"line":98,"column":24},"end":{"line":99,"column":59}},"67":{"start":{"line":98,"column":33},"end":{"line":98,"column":54}},"68":{"start":{"line":99,"column":29},"end":{"line":99,"column":59}},"69":{"start":{"line":103,"column":20},"end":{"line":106,"column":23}},"70":{"start":{"line":104,"column":24},"end":{"line":105,"column":59}},"71":{"start":{"line":104,"column":33},"end":{"line":104,"column":54}},"72":{"start":{"line":105,"column":29},"end":{"line":105,"column":59}},"73":{"start":{"line":109,"column":16},"end":{"line":110,"column":37}},"74":{"start":{"line":109,"column":25},"end":{"line":109,"column":53}},"75":{"start":{"line":110,"column":21},"end":{"line":110,"column":37}}},"branchMap":{"1":{"line":11,"type":"if","locations":[{"start":{"line":11,"column":8},"end":{"line":11,"column":8}},{"start":{"line":11,"column":8},"end":{"line":11,"column":8}}]},"2":{"line":14,"type":"if","locations":[{"start":{"line":14,"column":12},"end":{"line":14,"column":12}},{"start":{"line":14,"column":12},"end":{"line":14,"column":12}}]},"3":{"line":20,"type":"if","locations":[{"start":{"line":20,"column":8},"end":{"line":20,"column":8}},{"start":{"line":20,"column":8},"end":{"line":20,"column":8}}]},"4":{"line":24,"type":"if","locations":[{"start":{"line":24,"column":12},"end":{"line":24,"column":12}},{"start":{"line":24,"column":12},"end":{"line":24,"column":12}}]},"5":{"line":25,"type":"if","locations":[{"start":{"line":25,"column":17},"end":{"line":25,"column":17}},{"start":{"line":25,"column":17},"end":{"line":25,"column":17}}]},"6":{"line":26,"type":"if","locations":[{"start":{"line":26,"column":17},"end":{"line":26,"column":17}},{"start":{"line":26,"column":17},"end":{"line":26,"column":17}}]},"7":{"line":28,"type":"if","locations":[{"start":{"line":28,"column":12},"end":{"line":28,"column":12}},{"start":{"line":28,"column":12},"end":{"line":28,"column":12}}]},"8":{"line":34,"type":"if","locations":[{"start":{"line":34,"column":8},"end":{"line":34,"column":8}},{"start":{"line":34,"column":8},"end":{"line":34,"column":8}}]},"9":{"line":38,"type":"if","locations":[{"start":{"line":38,"column":12},"end":{"line":38,"column":12}},{"start":{"line":38,"column":12},"end":{"line":38,"column":12}}]},"10":{"line":39,"type":"if","locations":[{"start":{"line":39,"column":17},"end":{"line":39,"column":17}},{"start":{"line":39,"column":17},"end":{"line":39,"column":17}}]},"11":{"line":40,"type":"if","locations":[{"start":{"line":40,"column":17},"end":{"line":40,"column":17}},{"start":{"line":40,"column":17},"end":{"line":40,"column":17}}]},"12":{"line":42,"type":"if","locations":[{"start":{"line":42,"column":12},"end":{"line":42,"column":12}},{"start":{"line":42,"column":12},"end":{"line":42,"column":12}}]},"13":{"line":54,"type":"if","locations":[{"start":{"line":54,"column":20},"end":{"line":54,"column":20}},{"start":{"line":54,"column":20},"end":{"line":54,"column":20}}]},"14":{"line":60,"type":"if","locations":[{"start":{"line":60,"column":20},"end":{"line":60,"column":20}},{"start":{"line":60,"column":20},"end":{"line":60,"column":20}}]},"15":{"line":66,"type":"if","locations":[{"start":{"line":66,"column":20},"end":{"line":66,"column":20}},{"start":{"line":66,"column":20},"end":{"line":66,"column":20}}]},"16":{"line":71,"type":"if","locations":[{"start":{"line":71,"column":12},"end":{"line":71,"column":12}},{"start":{"line":71,"column":12},"end":{"line":71,"column":12}}]},"17":{"line":81,"type":"if","locations":[{"start":{"line":81,"column":12},"end":{"line":81,"column":12}},{"start":{"line":81,"column":12},"end":{"line":81,"column":12}}]},"18":{"line":86,"type":"if","locations":[{"start":{"line":86,"column":12},"end":{"line":86,"column":12}},{"start":{"line":86,"column":12},"end":{"line":86,"column":12}}]},"19":{"line":87,"type":"if","locations":[{"start":{"line":87,"column":12},"end":{"line":87,"column":12}},{"start":{"line":87,"column":12},"end":{"line":87,"column":12}}]},"20":{"line":92,"type":"if","locations":[{"start":{"line":92,"column":24},"end":{"line":92,"column":24}},{"start":{"line":92,"column":24},"end":{"line":92,"column":24}}]},"21":{"line":98,"type":"if","locations":[{"start":{"line":98,"column":24},"end":{"line":98,"column":24}},{"start":{"line":98,"column":24},"end":{"line":98,"column":24}}]},"22":{"line":104,"type":"if","locations":[{"start":{"line":104,"column":24},"end":{"line":104,"column":24}},{"start":{"line":104,"column":24},"end":{"line":104,"column":24}}]},"23":{"line":109,"type":"if","locations":[{"start":{"line":109,"column":16},"end":{"line":109,"column":16}},{"start":{"line":109,"column":16},"end":{"line":109,"column":16}}]}}},"/Users/niyaven/Documents/dev/ajast/api/controllers/PageController.js":{"path":"/Users/niyaven/Documents/dev/ajast/api/controllers/PageController.js","s":{"1":1,"2":1,"3":0,"4":0,"5":0,"6":0,"7":0,"8":0,"9":0,"10":0,"11":0,"12":0,"13":0,"14":0,"15":0,"16":0,"17":0,"18":0,"19":0,"20":0,"21":0,"22":0,"23":0,"24":0,"25":0,"26":0},"b":{"1":[0,0]},"f":{"1":0,"2":0,"3":0,"4":0,"5":0,"6":0},"fnMap":{"1":{"name":"(anonymous_1)","line":12,"loc":{"start":{"line":12,"column":11},"end":{"line":12,"column":30}}},"2":{"name":"(anonymous_2)","line":19,"loc":{"start":{"line":19,"column":13},"end":{"line":19,"column":32}}},"3":{"name":"(anonymous_3)","line":30,"loc":{"start":{"line":30,"column":27},"end":{"line":30,"column":46}}},"4":{"name":"(anonymous_4)","line":33,"loc":{"start":{"line":33,"column":24},"end":{"line":33,"column":43}}},"5":{"name":"(anonymous_5)","line":36,"loc":{"start":{"line":36,"column":11},"end":{"line":36,"column":31}}},"6":{"name":"(anonymous_6)","line":53,"loc":{"start":{"line":53,"column":10},"end":{"line":53,"column":29}}}},"statementMap":{"1":{"start":{"line":8,"column":0},"end":{"line":8,"column":29}},"2":{"start":{"line":10,"column":0},"end":{"line":58,"column":2}},"3":{"start":{"line":13,"column":8},"end":{"line":16,"column":11}},"4":{"start":{"line":20,"column":8},"end":{"line":20,"column":59}},"5":{"start":{"line":21,"column":8},"end":{"line":21,"column":78}},"6":{"start":{"line":22,"column":8},"end":{"line":22,"column":113}},"7":{"start":{"line":23,"column":8},"end":{"line":23,"column":130}},"8":{"start":{"line":24,"column":8},"end":{"line":24,"column":124}},"9":{"start":{"line":25,"column":8},"end":{"line":25,"column":120}},"10":{"start":{"line":26,"column":8},"end":{"line":26,"column":116}},"11":{"start":{"line":27,"column":8},"end":{"line":27,"column":118}},"12":{"start":{"line":29,"column":8},"end":{"line":50,"column":11}},"13":{"start":{"line":31,"column":16},"end":{"line":31,"column":50}},"14":{"start":{"line":34,"column":16},"end":{"line":34,"column":48}},"15":{"start":{"line":37,"column":12},"end":{"line":37,"column":49}},"16":{"start":{"line":37,"column":21},"end":{"line":37,"column":49}},"17":{"start":{"line":39,"column":12},"end":{"line":41,"column":13}},"18":{"start":{"line":40,"column":16},"end":{"line":40,"column":171}},"19":{"start":{"line":43,"column":12},"end":{"line":45,"column":13}},"20":{"start":{"line":44,"column":16},"end":{"line":44,"column":167}},"21":{"start":{"line":47,"column":12},"end":{"line":47,"column":31}},"22":{"start":{"line":48,"column":12},"end":{"line":48,"column":48}},"23":{"start":{"line":49,"column":12},"end":{"line":49,"column":33}},"24":{"start":{"line":54,"column":8},"end":{"line":54,"column":37}},"25":{"start":{"line":55,"column":8},"end":{"line":55,"column":33}},"26":{"start":{"line":56,"column":8},"end":{"line":56,"column":33}}},"branchMap":{"1":{"line":37,"type":"if","locations":[{"start":{"line":37,"column":12},"end":{"line":37,"column":12}},{"start":{"line":37,"column":12},"end":{"line":37,"column":12}}]}}},"/Users/niyaven/Documents/dev/ajast/api/controllers/RollController.js":{"path":"/Users/niyaven/Documents/dev/ajast/api/controllers/RollController.js","s":{"1":1,"2":0,"3":0,"4":0,"5":0,"6":0,"7":0,"8":0,"9":0,"10":0,"11":0,"12":0,"13":0,"14":0},"b":{"1":[0,0],"2":[0,0],"3":[0,0]},"f":{"1":0,"2":0,"3":0,"4":0,"5":0},"fnMap":{"1":{"name":"(anonymous_1)","line":10,"loc":{"start":{"line":10,"column":11},"end":{"line":10,"column":30}}},"2":{"name":"(anonymous_2)","line":17,"loc":{"start":{"line":17,"column":13},"end":{"line":17,"column":32}}},"3":{"name":"(anonymous_3)","line":18,"loc":{"start":{"line":18,"column":71},"end":{"line":18,"column":92}}},"4":{"name":"(anonymous_4)","line":25,"loc":{"start":{"line":25,"column":12},"end":{"line":25,"column":31}}},"5":{"name":"(anonymous_5)","line":30,"loc":{"start":{"line":30,"column":71},"end":{"line":30,"column":93}}}},"statementMap":{"1":{"start":{"line":8,"column":0},"end":{"line":36,"column":2}},"2":{"start":{"line":11,"column":8},"end":{"line":14,"column":11}},"3":{"start":{"line":18,"column":8},"end":{"line":22,"column":11}},"4":{"start":{"line":19,"column":12},"end":{"line":19,"column":49}},"5":{"start":{"line":19,"column":21},"end":{"line":19,"column":49}},"6":{"start":{"line":20,"column":12},"end":{"line":20,"column":44}},"7":{"start":{"line":20,"column":28},"end":{"line":20,"column":44}},"8":{"start":{"line":21,"column":12},"end":{"line":21,"column":35}},"9":{"start":{"line":26,"column":8},"end":{"line":28,"column":52}},"10":{"start":{"line":30,"column":8},"end":{"line":34,"column":11}},"11":{"start":{"line":31,"column":12},"end":{"line":31,"column":49}},"12":{"start":{"line":31,"column":21},"end":{"line":31,"column":49}},"13":{"start":{"line":32,"column":12},"end":{"line":32,"column":39}},"14":{"start":{"line":33,"column":12},"end":{"line":33,"column":36}}},"branchMap":{"1":{"line":19,"type":"if","locations":[{"start":{"line":19,"column":12},"end":{"line":19,"column":12}},{"start":{"line":19,"column":12},"end":{"line":19,"column":12}}]},"2":{"line":20,"type":"if","locations":[{"start":{"line":20,"column":12},"end":{"line":20,"column":12}},{"start":{"line":20,"column":12},"end":{"line":20,"column":12}}]},"3":{"line":31,"type":"if","locations":[{"start":{"line":31,"column":12},"end":{"line":31,"column":12}},{"start":{"line":31,"column":12},"end":{"line":31,"column":12}}]}}},"/Users/niyaven/Documents/dev/ajast/api/controllers/UploadController.js":{"path":"/Users/niyaven/Documents/dev/ajast/api/controllers/UploadController.js","s":{"1":1,"2":1,"3":0,"4":0,"5":0,"6":0,"7":0,"8":0,"9":0,"10":0},"b":{"1":[0,0]},"f":{"1":0,"2":0,"3":0,"4":0},"fnMap":{"1":{"name":"(anonymous_1)","line":11,"loc":{"start":{"line":11,"column":18},"end":{"line":11,"column":38}}},"2":{"name":"(anonymous_2)","line":16,"loc":{"start":{"line":16,"column":18},"end":{"line":16,"column":38}}},"3":{"name":"(anonymous_3)","line":21,"loc":{"start":{"line":21,"column":13},"end":{"line":21,"column":41}}},"4":{"name":"(anonymous_4)","line":22,"loc":{"start":{"line":22,"column":51},"end":{"line":22,"column":81}}}},"statementMap":{"1":{"start":{"line":7,"column":0},"end":{"line":8,"column":27}},"2":{"start":{"line":10,"column":0},"end":{"line":30,"column":2}},"3":{"start":{"line":12,"column":8},"end":{"line":12,"column":58}},"4":{"start":{"line":13,"column":8},"end":{"line":13,"column":39}},"5":{"start":{"line":17,"column":8},"end":{"line":17,"column":58}},"6":{"start":{"line":18,"column":8},"end":{"line":18,"column":39}},"7":{"start":{"line":22,"column":8},"end":{"line":28,"column":11}},"8":{"start":{"line":23,"column":12},"end":{"line":23,"column":47}},"9":{"start":{"line":23,"column":21},"end":{"line":23,"column":47}},"10":{"start":{"line":24,"column":12},"end":{"line":27,"column":15}}},"branchMap":{"1":{"line":23,"type":"if","locations":[{"start":{"line":23,"column":12},"end":{"line":23,"column":12}},{"start":{"line":23,"column":12},"end":{"line":23,"column":12}}]}}},"/Users/niyaven/Documents/dev/ajast/api/policies/passport.js":{"path":"/Users/niyaven/Documents/dev/ajast/api/policies/passport.js","s":{"1":1,"2":23,"3":23,"4":23,"5":23},"b":{},"f":{"1":23,"2":23,"3":23},"fnMap":{"1":{"name":"(anonymous_1)","line":24,"loc":{"start":{"line":24,"column":17},"end":{"line":24,"column":43}}},"2":{"name":"(anonymous_2)","line":26,"loc":{"start":{"line":26,"column":34},"end":{"line":26,"column":46}}},"3":{"name":"(anonymous_3)","line":28,"loc":{"start":{"line":28,"column":33},"end":{"line":28,"column":45}}}},"statementMap":{"1":{"start":{"line":24,"column":0},"end":{"line":35,"column":2}},"2":{"start":{"line":26,"column":2},"end":{"line":34,"column":5}},"3":{"start":{"line":28,"column":4},"end":{"line":33,"column":7}},"4":{"start":{"line":30,"column":6},"end":{"line":30,"column":33}},"5":{"start":{"line":32,"column":6},"end":{"line":32,"column":13}}},"branchMap":{}},"/Users/niyaven/Documents/dev/ajast/api/policies/sessionAuth.js":{"path":"/Users/niyaven/Documents/dev/ajast/api/policies/sessionAuth.js","s":{"1":1,"2":20,"3":0,"4":20,"5":20,"6":20,"7":20,"8":0},"b":{"1":[0,20],"2":[20,0]},"f":{"1":20},"fnMap":{"1":{"name":"(anonymous_1)","line":10,"loc":{"start":{"line":10,"column":17},"end":{"line":10,"column":42}}}},"statementMap":{"1":{"start":{"line":10,"column":0},"end":{"line":25,"column":2}},"2":{"start":{"line":14,"column":2},"end":{"line":20,"column":3}},"3":{"start":{"line":15,"column":4},"end":{"line":15,"column":18}},"4":{"start":{"line":16,"column":9},"end":{"line":20,"column":3}},"5":{"start":{"line":17,"column":4},"end":{"line":17,"column":45}},"6":{"start":{"line":18,"column":4},"end":{"line":18,"column":28}},"7":{"start":{"line":19,"column":4},"end":{"line":19,"column":18}},"8":{"start":{"line":24,"column":2},"end":{"line":24,"column":31}}},"branchMap":{"1":{"line":14,"type":"if","locations":[{"start":{"line":14,"column":2},"end":{"line":14,"column":2}},{"start":{"line":14,"column":2},"end":{"line":14,"column":2}}]},"2":{"line":16,"type":"if","locations":[{"start":{"line":16,"column":9},"end":{"line":16,"column":9}},{"start":{"line":16,"column":9},"end":{"line":16,"column":9}}]}}}}