TN:
SF:/Users/niyaven/Documents/dev/ajast/config/blueprints.js
FNF:0
FNH:0
DA:26,1
LF:1
LH:1
BRF:0
BRH:0
end_of_record
TN:
SF:/Users/niyaven/Documents/dev/ajast/config/bootstrap.js
FN:12,(anonymous_1)
FNF:1
FNH:1
FNDA:1,(anonymous_1)
DA:12,1
DA:14,1
DA:18,1
LF:3
LH:3
BRF:0
BRH:0
end_of_record
TN:
SF:/Users/niyaven/Documents/dev/ajast/config/connections.js
FNF:0
FNH:0
DA:22,1
LF:1
LH:1
BRF:0
BRH:0
end_of_record
TN:
SF:/Users/niyaven/Documents/dev/ajast/config/cors.js
FNF:0
FNH:0
DA:29,1
LF:1
LH:1
BRF:0
BRH:0
end_of_record
TN:
SF:/Users/niyaven/Documents/dev/ajast/config/csrf.js
FNF:0
FNH:0
LF:0
LH:0
BRF:0
BRH:0
end_of_record
TN:
SF:/Users/niyaven/Documents/dev/ajast/config/globals.js
FNF:0
FNH:0
DA:11,1
LF:1
LH:1
BRF:0
BRH:0
end_of_record
TN:
SF:/Users/niyaven/Documents/dev/ajast/config/http.js
FNF:0
FNH:0
DA:12,1
LF:1
LH:1
BRF:0
BRH:0
end_of_record
TN:
SF:/Users/niyaven/Documents/dev/ajast/config/i18n.js
FNF:0
FNH:0
DA:18,1
LF:1
LH:1
BRF:0
BRH:0
end_of_record
TN:
SF:/Users/niyaven/Documents/dev/ajast/config/local.js
FNF:0
FNH:0
DA:30,2
LF:1
LH:1
BRDA:32,1,0,2
BRDA:32,1,1,0
BRF:2
BRH:1
end_of_record
TN:
SF:/Users/niyaven/Documents/dev/ajast/config/log.js
FNF:0
FNH:0
DA:13,1
LF:1
LH:1
BRF:0
BRH:0
end_of_record
TN:
SF:/Users/niyaven/Documents/dev/ajast/config/models.js
FNF:0
FNH:0
DA:12,1
LF:1
LH:1
BRF:0
BRH:0
end_of_record
TN:
SF:/Users/niyaven/Documents/dev/ajast/config/passport.js
FNF:0
FNH:0
DA:17,1
LF:1
LH:1
BRF:0
BRH:0
end_of_record
TN:
SF:/Users/niyaven/Documents/dev/ajast/config/policies.js
FNF:0
FNH:0
DA:20,1
LF:1
LH:1
BRF:0
BRH:0
end_of_record
TN:
SF:/Users/niyaven/Documents/dev/ajast/config/routes.js
FNF:0
FNH:0
DA:23,1
LF:1
LH:1
BRF:0
BRH:0
end_of_record
TN:
SF:/Users/niyaven/Documents/dev/ajast/config/session.js
FNF:0
FNH:0
DA:15,1
LF:1
LH:1
BRF:0
BRH:0
end_of_record
TN:
SF:/Users/niyaven/Documents/dev/ajast/config/sockets.js
FNF:0
FNH:0
DA:13,1
LF:1
LH:1
BRF:0
BRH:0
end_of_record
TN:
SF:/Users/niyaven/Documents/dev/ajast/config/views.js
FNF:0
FNH:0
DA:14,1
LF:1
LH:1
BRF:0
BRH:0
end_of_record
TN:
SF:/Users/niyaven/Documents/dev/ajast/config/env/test.js
FNF:0
FNH:0
DA:5,1
LF:1
LH:1
BRF:0
BRH:0
end_of_record
TN:
SF:/Users/niyaven/Documents/dev/ajast/api/responses/badRequest.js
FN:18,badRequest
FN:59,couldNotGuessView
FNF:2
FNH:0
FNDA:0,badRequest
FNDA:0,couldNotGuessView
DA:18,1
DA:21,0
DA:22,0
DA:23,0
DA:26,0
DA:29,0
DA:30,0
DA:32,0
DA:37,0
DA:38,0
DA:42,0
DA:43,0
DA:48,0
DA:53,0
DA:54,0
DA:59,0
DA:60,0
LF:17
LH:1
BRDA:29,1,0,0
BRDA:29,1,1,0
BRDA:37,2,0,0
BRDA:37,2,1,0
BRDA:42,3,0,0
BRDA:42,3,1,0
BRDA:48,4,0,0
BRDA:48,4,1,0
BRDA:48,5,0,0
BRDA:48,5,1,0
BRDA:53,6,0,0
BRDA:53,6,1,0
BRF:12
BRH:0
end_of_record
TN:
SF:/Users/niyaven/Documents/dev/ajast/api/responses/forbidden.js
FN:15,forbidden
FN:56,(anonymous_2)
FNF:2
FNH:1
FNDA:1,forbidden
FNDA:0,(anonymous_2)
DA:15,1
DA:18,1
DA:19,1
DA:20,1
DA:23,1
DA:26,1
DA:27,1
DA:29,0
DA:34,1
DA:35,0
DA:39,1
DA:40,1
DA:45,0
DA:50,0
DA:51,0
DA:56,0
DA:59,0
DA:63,0
DA:64,0
DA:68,0
DA:70,0
DA:73,0
LF:22
LH:10
BRDA:26,1,0,1
BRDA:26,1,1,0
BRDA:34,2,0,0
BRDA:34,2,1,1
BRDA:39,3,0,1
BRDA:39,3,1,0
BRDA:45,4,0,0
BRDA:45,4,1,0
BRDA:45,5,0,0
BRDA:45,5,1,0
BRDA:50,6,0,0
BRDA:50,6,1,0
BRDA:59,7,0,0
BRDA:59,7,1,0
BRDA:63,8,0,0
BRDA:63,8,1,0
BRF:16
BRH:3
end_of_record
TN:
SF:/Users/niyaven/Documents/dev/ajast/api/responses/notFound.js
FN:20,notFound
FN:61,(anonymous_2)
FNF:2
FNH:1
FNDA:2,notFound
FNDA:0,(anonymous_2)
DA:20,1
DA:23,2
DA:24,2
DA:25,2
DA:28,2
DA:31,2
DA:32,2
DA:34,0
DA:39,2
DA:40,0
DA:44,2
DA:45,2
DA:50,0
DA:55,0
DA:56,0
DA:61,0
DA:64,0
DA:68,0
DA:69,0
DA:73,0
DA:75,0
DA:78,0
LF:22
LH:10
BRDA:31,1,0,2
BRDA:31,1,1,0
BRDA:39,2,0,0
BRDA:39,2,1,2
BRDA:44,3,0,2
BRDA:44,3,1,0
BRDA:50,4,0,0
BRDA:50,4,1,0
BRDA:50,5,0,0
BRDA:50,5,1,0
BRDA:55,6,0,0
BRDA:55,6,1,0
BRDA:64,7,0,0
BRDA:64,7,1,0
BRDA:68,8,0,0
BRDA:68,8,1,0
BRF:16
BRH:3
end_of_record
TN:
SF:/Users/niyaven/Documents/dev/ajast/api/responses/ok.js
FN:14,sendOK
FN:44,couldNotGuessView
FNF:2
FNH:1
FNDA:2,sendOK
FNDA:0,couldNotGuessView
DA:14,1
DA:17,2
DA:18,2
DA:19,2
DA:21,2
DA:24,2
DA:27,2
DA:28,2
DA:33,0
DA:38,0
DA:39,0
DA:44,0
DA:45,0
LF:13
LH:8
BRDA:27,1,0,2
BRDA:27,1,1,0
BRDA:33,2,0,0
BRDA:33,2,1,0
BRDA:33,3,0,0
BRDA:33,3,1,0
BRDA:38,4,0,0
BRDA:38,4,1,0
BRF:8
BRH:1
end_of_record
TN:
SF:/Users/niyaven/Documents/dev/ajast/api/responses/serverError.js
FN:15,serverError
FN:56,(anonymous_2)
FNF:2
FNH:1
FNDA:1,serverError
FNDA:0,(anonymous_2)
DA:15,1
DA:18,1
DA:19,1
DA:20,1
DA:23,1
DA:26,1
DA:27,1
DA:29,0
DA:34,1
DA:35,0
DA:39,1
DA:40,1
DA:45,0
DA:50,0
DA:51,0
DA:56,0
DA:59,0
DA:63,0
DA:64,0
DA:68,0
DA:70,0
DA:73,0
LF:22
LH:10
BRDA:26,1,0,1
BRDA:26,1,1,0
BRDA:34,2,0,0
BRDA:34,2,1,1
BRDA:39,3,0,1
BRDA:39,3,1,0
BRDA:45,4,0,0
BRDA:45,4,1,0
BRDA:45,5,0,0
BRDA:45,5,1,0
BRDA:50,6,0,0
BRDA:50,6,1,0
BRDA:59,7,0,0
BRDA:59,7,1,0
BRDA:63,8,0,0
BRDA:63,8,1,0
BRF:16
BRH:3
end_of_record
TN:
SF:/Users/niyaven/Documents/dev/ajast/api/responses/userError.js
FN:15,serverError
FN:49,(anonymous_2)
FNF:2
FNH:1
FNDA:6,serverError
FNDA:0,(anonymous_2)
DA:15,1
DA:18,6
DA:19,6
DA:20,6
DA:23,6
DA:26,6
DA:27,6
DA:29,0
DA:32,6
DA:33,6
DA:38,0
DA:43,0
DA:44,0
DA:49,0
DA:52,0
DA:56,0
DA:57,0
DA:61,0
DA:63,0
DA:66,0
LF:20
LH:9
BRDA:26,1,0,6
BRDA:26,1,1,0
BRDA:32,2,0,6
BRDA:32,2,1,0
BRDA:38,3,0,0
BRDA:38,3,1,0
BRDA:38,4,0,0
BRDA:38,4,1,0
BRDA:43,5,0,0
BRDA:43,5,1,0
BRDA:52,6,0,0
BRDA:52,6,1,0
BRDA:56,7,0,0
BRDA:56,7,1,0
BRF:14
BRH:2
end_of_record
TN:
SF:/Users/niyaven/Documents/dev/ajast/api/services/passport.js
FN:65,(anonymous_1)
FN:107,(anonymous_2)
FN:117,(anonymous_3)
FN:133,(anonymous_4)
FN:153,(anonymous_5)
FN:169,(anonymous_6)
FN:196,(anonymous_7)
FN:228,(anonymous_8)
FN:282,(anonymous_9)
FN:286,(anonymous_10)
FN:341,(anonymous_11)
FN:348,(anonymous_12)
FN:353,(anonymous_13)
FN:363,(anonymous_14)
FN:367,(anonymous_15)
FNF:15
FNH:2
FNDA:0,(anonymous_1)
FNDA:0,(anonymous_2)
FNDA:0,(anonymous_3)
FNDA:0,(anonymous_4)
FNDA:0,(anonymous_5)
FNDA:0,(anonymous_6)
FNDA:0,(anonymous_7)
FNDA:0,(anonymous_8)
FNDA:1,(anonymous_9)
FNDA:6,(anonymous_10)
FNDA:0,(anonymous_11)
FNDA:0,(anonymous_12)
FNDA:0,(anonymous_13)
FNDA:0,(anonymous_14)
FNDA:0,(anonymous_15)
DA:1,1
DA:30,1
DA:65,1
DA:66,0
DA:70,0
DA:74,0
DA:78,0
DA:79,0
DA:84,0
DA:85,0
DA:88,0
DA:89,0
DA:93,0
DA:94,0
DA:100,0
DA:101,0
DA:104,0
DA:108,0
DA:109,0
DA:112,0
DA:116,0
DA:117,0
DA:118,0
DA:119,0
DA:120,0
DA:121,0
DA:124,0
DA:128,0
DA:131,0
DA:133,0
DA:135,0
DA:136,0
DA:139,0
DA:148,0
DA:149,0
DA:153,0
DA:154,0
DA:155,0
DA:159,0
DA:166,0
DA:167,0
DA:169,0
DA:171,0
DA:172,0
DA:175,0
DA:181,0
DA:196,1
DA:197,0
DA:203,0
DA:204,0
DA:208,0
DA:209,0
DA:215,0
DA:228,1
DA:229,0
DA:234,0
DA:235,0
DA:236,0
DA:238,0
DA:239,0
DA:241,0
DA:242,0
DA:245,0
DA:248,0
DA:249,0
DA:255,0
DA:282,1
DA:283,1
DA:286,1
DA:287,6
DA:289,6
DA:292,0
DA:295,0
DA:296,0
DA:298,0
DA:301,6
DA:304,6
DA:305,6
DA:308,6
DA:310,6
DA:312,6
DA:315,5
DA:316,5
DA:319,1
DA:320,1
DA:321,1
DA:322,1
DA:328,6
DA:330,6
DA:341,1
DA:342,0
DA:345,0
DA:349,0
DA:350,0
DA:353,0
DA:354,0
DA:355,0
DA:358,0
DA:363,1
DA:364,0
DA:367,1
DA:368,0
DA:371,1
LF:103
LH:28
BRDA:74,1,0,0
BRDA:74,1,1,0
BRDA:78,2,0,0
BRDA:78,2,1,0
BRDA:84,3,0,0
BRDA:84,3,1,0
BRDA:88,4,0,0
BRDA:88,4,1,0
BRDA:93,5,0,0
BRDA:93,5,1,0
BRDA:100,6,0,0
BRDA:100,6,1,0
BRDA:100,7,0,0
BRDA:100,7,1,0
BRDA:108,8,0,0
BRDA:108,8,1,0
BRDA:112,9,0,0
BRDA:112,9,1,0
BRDA:116,10,0,0
BRDA:116,10,1,0
BRDA:118,11,0,0
BRDA:118,11,1,0
BRDA:119,12,0,0
BRDA:119,12,1,0
BRDA:120,13,0,0
BRDA:120,13,1,0
BRDA:135,14,0,0
BRDA:135,14,1,0
BRDA:148,15,0,0
BRDA:148,15,1,0
BRDA:148,16,0,0
BRDA:148,16,1,0
BRDA:154,17,0,0
BRDA:154,17,1,0
BRDA:166,18,0,0
BRDA:166,18,1,0
BRDA:171,19,0,0
BRDA:171,19,1,0
BRDA:203,20,0,0
BRDA:203,20,1,0
BRDA:208,21,0,0
BRDA:208,21,1,0
BRDA:234,22,0,0
BRDA:234,22,1,0
BRDA:234,23,0,0
BRDA:234,23,1,0
BRDA:235,24,0,0
BRDA:235,24,1,0
BRDA:235,25,0,0
BRDA:235,25,1,0
BRDA:238,26,0,0
BRDA:238,26,1,0
BRDA:238,27,0,0
BRDA:238,27,1,0
BRDA:241,28,0,0
BRDA:241,28,1,0
BRDA:241,29,0,0
BRDA:241,29,1,0
BRDA:248,30,0,0
BRDA:248,30,1,0
BRDA:248,31,0,0
BRDA:248,31,1,0
BRDA:289,32,0,0
BRDA:289,32,1,6
BRDA:295,33,0,0
BRDA:295,33,1,0
BRDA:304,34,0,6
BRDA:304,34,1,0
BRDA:312,35,0,1
BRDA:312,35,1,5
BRDA:312,35,2,1
BRDA:349,36,0,0
BRDA:349,36,1,0
BRDA:354,37,0,0
BRDA:354,37,1,0
BRF:75
BRH:5
end_of_record
TN:
SF:/Users/niyaven/Documents/dev/ajast/api/services/protocols/index.js
FNF:0
FNH:0
DA:14,1
LF:1
LH:1
BRF:0
BRH:0
end_of_record
TN:
SF:/Users/niyaven/Documents/dev/ajast/api/services/protocols/local.js
FN:25,(anonymous_1)
FN:48,(anonymous_2)
FN:65,(anonymous_3)
FN:71,(anonymous_4)
FN:92,(anonymous_5)
FN:99,(anonymous_6)
FN:109,(anonymous_7)
FN:131,(anonymous_8)
FN:142,(anonymous_9)
FN:160,(anonymous_10)
FN:162,(anonymous_11)
FNF:11
FNH:0
FNDA:0,(anonymous_1)
FNDA:0,(anonymous_2)
FNDA:0,(anonymous_3)
FNDA:0,(anonymous_4)
FNDA:0,(anonymous_5)
FNDA:0,(anonymous_6)
FNDA:0,(anonymous_7)
FNDA:0,(anonymous_8)
FNDA:0,(anonymous_9)
FNDA:0,(anonymous_10)
FNDA:0,(anonymous_11)
DA:1,1
DA:25,1
DA:26,0
DA:30,0
DA:31,0
DA:32,0
DA:35,0
DA:36,0
DA:37,0
DA:40,0
DA:41,0
DA:42,0
DA:45,0
DA:49,0
DA:50,0
DA:51,0
DA:52,0
DA:54,0
DA:58,0
DA:61,0
DA:66,0
DA:67,0
DA:68,0
DA:71,0
DA:72,0
DA:76,0
DA:92,1
DA:93,0
DA:96,0
DA:100,0
DA:101,0
DA:104,0
DA:105,0
DA:110,0
DA:114,0
DA:131,1
DA:132,0
DA:135,0
DA:136,0
DA:139,0
DA:142,0
DA:143,0
DA:144,0
DA:147,0
DA:148,0
DA:149,0
DA:151,0
DA:154,0
DA:157,0
DA:161,0
DA:162,0
DA:163,0
DA:164,0
DA:167,0
DA:168,0
DA:169,0
DA:171,0
DA:176,0
DA:177,0
LF:59
LH:4
BRDA:30,1,0,0
BRDA:30,1,1,0
BRDA:35,2,0,0
BRDA:35,2,1,0
BRDA:40,3,0,0
BRDA:40,3,1,0
BRDA:49,4,0,0
BRDA:49,4,1,0
BRDA:50,5,0,0
BRDA:50,5,1,0
BRDA:51,6,0,0
BRDA:51,6,1,0
BRDA:66,7,0,0
BRDA:66,7,1,0
BRDA:67,8,0,0
BRDA:67,8,1,0
BRDA:72,9,0,0
BRDA:72,9,1,0
BRDA:100,10,0,0
BRDA:100,10,1,0
BRDA:104,11,0,0
BRDA:104,11,1,0
BRDA:135,12,0,0
BRDA:135,12,1,0
BRDA:143,13,0,0
BRDA:143,13,1,0
BRDA:147,14,0,0
BRDA:147,14,1,0
BRDA:148,15,0,0
BRDA:148,15,1,0
BRDA:161,16,0,0
BRDA:161,16,1,0
BRDA:163,17,0,0
BRDA:163,17,1,0
BRDA:167,18,0,0
BRDA:167,18,1,0
BRF:36
BRH:0
end_of_record
TN:
SF:/Users/niyaven/Documents/dev/ajast/api/services/protocols/oauth.js
FN:20,(anonymous_1)
FNF:1
FNH:0
FNDA:0,(anonymous_1)
DA:20,1
DA:21,0
DA:27,0
DA:28,0
DA:31,0
LF:5
LH:1
BRDA:27,1,0,0
BRDA:27,1,1,0
BRF:2
BRH:0
end_of_record
TN:
SF:/Users/niyaven/Documents/dev/ajast/api/services/protocols/oauth2.js
FN:21,(anonymous_1)
FNF:1
FNH:0
FNDA:0,(anonymous_1)
DA:21,1
DA:22,0
DA:28,0
DA:29,0
DA:32,0
LF:5
LH:1
BRDA:28,1,0,0
BRDA:28,1,1,0
BRF:2
BRH:0
end_of_record
TN:
SF:/Users/niyaven/Documents/dev/ajast/api/services/protocols/openid.js
FN:18,(anonymous_1)
FNF:1
FNH:0
FNDA:0,(anonymous_1)
DA:18,1
DA:19,0
DA:24,0
LF:3
LH:1
BRF:0
BRH:0
end_of_record
TN:
SF:/Users/niyaven/Documents/dev/ajast/api/models/Archetype.js
FNF:0
FNH:0
DA:8,1
LF:1
LH:1
BRF:0
BRH:0
end_of_record
TN:
SF:/Users/niyaven/Documents/dev/ajast/api/models/Character.js
FN:38,(anonymous_1)
FNF:1
FNH:1
FNDA:13,(anonymous_1)
DA:8,1
DA:39,13
DA:42,13
DA:43,3
DA:44,0
DA:47,13
DA:48,13
LF:7
LH:6
BRDA:43,1,0,3
BRDA:43,1,1,0
BRDA:47,2,0,0
BRDA:47,2,1,13
BRF:4
BRH:2
end_of_record
TN:
SF:/Users/niyaven/Documents/dev/ajast/api/models/Fight.js
FN:15,(anonymous_1)
FNF:1
FNH:0
FNDA:0,(anonymous_1)
DA:7,1
DA:9,1
DA:16,0
DA:17,0
LF:4
LH:2
BRF:0
BRH:0
end_of_record
TN:
SF:/Users/niyaven/Documents/dev/ajast/api/models/FreeCompany.js
FN:27,(anonymous_1)
FN:44,(anonymous_2)
FN:55,(anonymous_3)
FN:71,(anonymous_4)
FN:82,(anonymous_5)
FN:83,(anonymous_6)
FN:86,(anonymous_7)
FN:91,(anonymous_8)
FN:94,(anonymous_9)
FN:95,(anonymous_10)
FNF:10
FNH:8
FNDA:1,(anonymous_1)
FNDA:0,(anonymous_2)
FNDA:1,(anonymous_3)
FNDA:0,(anonymous_4)
FNDA:1,(anonymous_5)
FNDA:1,(anonymous_6)
FNDA:1,(anonymous_7)
FNDA:1,(anonymous_8)
FNDA:1,(anonymous_9)
FNDA:1,(anonymous_10)
DA:8,1
DA:28,1
DA:29,1
DA:30,1
DA:32,1
DA:33,0
DA:35,0
DA:36,0
DA:37,0
DA:40,0
DA:44,0
DA:45,0
DA:46,0
DA:47,0
DA:50,0
DA:56,1
DA:57,1
DA:59,1
DA:60,0
DA:62,0
DA:63,0
DA:64,0
DA:67,0
DA:71,0
DA:72,0
DA:73,0
DA:74,0
DA:77,0
DA:83,1
DA:84,1
DA:87,1
DA:92,1
DA:95,1
DA:96,1
DA:97,1
LF:35
LH:15
BRDA:32,1,0,1
BRDA:32,1,1,0
BRDA:33,2,0,0
BRDA:33,2,1,0
BRDA:36,3,0,0
BRDA:36,3,1,0
BRDA:36,4,0,0
BRDA:36,4,1,0
BRDA:46,5,0,0
BRDA:46,5,1,0
BRDA:46,6,0,0
BRDA:46,6,1,0
BRDA:57,7,0,1
BRDA:57,7,1,0
BRDA:60,8,0,0
BRDA:60,8,1,0
BRDA:63,9,0,0
BRDA:63,9,1,0
BRDA:73,10,0,0
BRDA:73,10,1,0
BRDA:96,11,0,0
BRDA:96,11,1,1
BRDA:96,12,0,1
BRDA:96,12,1,0
BRDA:97,13,0,0
BRDA:97,13,1,1
BRF:26
BRH:5
end_of_record
TN:
SF:/Users/niyaven/Documents/dev/ajast/api/models/God.js
FNF:0
FNH:0
DA:8,1
LF:1
LH:1
BRF:0
BRH:0
end_of_record
TN:
SF:/Users/niyaven/Documents/dev/ajast/api/models/Notification.js
FNF:0
FNH:0
DA:8,1
LF:1
LH:1
BRF:0
BRH:0
end_of_record
TN:
SF:/Users/niyaven/Documents/dev/ajast/api/models/Passport.js
FN:9,hashPassword
FN:11,(anonymous_2)
FN:80,(anonymous_3)
FN:92,(anonymous_4)
FN:102,(anonymous_5)
FNF:5
FNH:0
FNDA:0,hashPassword
FNDA:0,(anonymous_2)
FNDA:0,(anonymous_3)
FNDA:0,(anonymous_4)
FNDA:0,(anonymous_5)
DA:1,1
DA:9,1
DA:10,0
DA:11,0
DA:12,0
DA:13,0
DA:16,0
DA:34,1
DA:81,0
DA:93,0
DA:103,0
DA:107,1
LF:12
LH:4
BRDA:10,1,0,0
BRDA:10,1,1,0
BRF:2
BRH:0
end_of_record
TN:
SF:/Users/niyaven/Documents/dev/ajast/api/models/Race.js
FNF:0
FNH:0
DA:8,1
LF:1
LH:1
BRF:0
BRH:0
end_of_record
TN:
SF:/Users/niyaven/Documents/dev/ajast/api/models/Roll.js
FNF:0
FNH:0
DA:8,1
LF:1
LH:1
BRF:0
BRH:0
end_of_record
TN:
SF:/Users/niyaven/Documents/dev/ajast/api/models/Server.js
FNF:0
FNH:0
DA:8,1
LF:1
LH:1
BRF:0
BRH:0
end_of_record
TN:
SF:/Users/niyaven/Documents/dev/ajast/api/models/Town.js
FNF:0
FNH:0
DA:8,1
LF:1
LH:1
BRF:0
BRH:0
end_of_record
TN:
SF:/Users/niyaven/Documents/dev/ajast/api/models/User.js
FNF:0
FNH:0
DA:1,1
DA:12,1
LF:2
LH:2
BRF:0
BRH:0
end_of_record
TN:
SF:/Users/niyaven/Documents/dev/ajast/api/controllers/AuthController.js
FN:33,(anonymous_1)
FN:42,(anonymous_2)
FN:76,(anonymous_3)
FN:96,(anonymous_4)
FN:108,(anonymous_5)
FN:128,(anonymous_6)
FN:129,tryAgain
FN:160,(anonymous_8)
FN:165,(anonymous_9)
FN:183,(anonymous_10)
FNF:10
FNH:0
FNDA:0,(anonymous_1)
FNDA:0,(anonymous_2)
FNDA:0,(anonymous_3)
FNDA:0,(anonymous_4)
FNDA:0,(anonymous_5)
FNDA:0,(anonymous_6)
FNDA:0,tryAgain
FNDA:0,(anonymous_8)
FNDA:0,(anonymous_9)
FNDA:0,(anonymous_10)
DA:8,1
DA:34,0
DA:35,0
DA:36,0
DA:38,0
DA:42,0
DA:43,0
DA:44,0
DA:47,0
DA:54,0
DA:77,0
DA:78,0
DA:97,0
DA:109,0
DA:129,1
DA:134,0
DA:136,0
DA:137,0
DA:138,0
DA:139,0
DA:141,0
DA:146,0
DA:148,0
DA:150,0
DA:151,0
DA:153,0
DA:154,0
DA:156,0
DA:160,0
DA:161,0
DA:162,0
DA:165,0
DA:166,0
DA:167,0
DA:172,0
DA:184,0
DA:188,1
LF:37
LH:3
BRDA:34,1,0,0
BRDA:34,1,1,0
BRDA:43,2,0,0
BRDA:43,2,1,0
BRDA:136,3,0,0
BRDA:136,3,1,0
BRDA:136,4,0,0
BRDA:136,4,1,0
BRDA:138,5,0,0
BRDA:138,5,1,0
BRDA:148,6,0,0
BRDA:148,6,1,0
BRDA:148,6,2,0
BRDA:161,7,0,0
BRDA:161,7,1,0
BRDA:166,8,0,0
BRDA:166,8,1,0
BRF:17
BRH:0
end_of_record
TN:
SF:/Users/niyaven/Documents/dev/ajast/api/controllers/CharacterController.js
FN:9,(anonymous_1)
FN:12,(anonymous_2)
FN:15,(anonymous_3)
FN:21,(anonymous_4)
FN:23,(anonymous_5)
FN:24,(anonymous_6)
FN:28,(anonymous_7)
FN:31,(anonymous_8)
FN:48,(anonymous_9)
FN:52,(anonymous_10)
FN:54,(anonymous_11)
FN:58,(anonymous_12)
FN:62,(anonymous_13)
FN:74,(anonymous_14)
FN:76,(anonymous_15)
FN:78,(anonymous_16)
FN:82,(anonymous_17)
FN:85,(anonymous_18)
FN:88,(anonymous_19)
FN:91,(anonymous_20)
FN:94,(anonymous_21)
FN:125,(anonymous_22)
FN:127,(anonymous_23)
FN:129,(anonymous_24)
FN:133,(anonymous_25)
FN:137,(anonymous_26)
FN:140,(anonymous_27)
FN:143,(anonymous_28)
FN:146,(anonymous_29)
FN:149,(anonymous_30)
FN:182,(anonymous_31)
FN:185,(anonymous_32)
FN:198,(anonymous_33)
FN:202,(anonymous_34)
FN:207,(anonymous_35)
FN:216,(anonymous_36)
FN:217,(anonymous_37)
FN:220,(anonymous_38)
FNF:38
FNH:21
FNDA:0,(anonymous_1)
FNDA:0,(anonymous_2)
FNDA:0,(anonymous_3)
FNDA:1,(anonymous_4)
FNDA:1,(anonymous_5)
FNDA:1,(anonymous_6)
FNDA:1,(anonymous_7)
FNDA:1,(anonymous_8)
FNDA:0,(anonymous_9)
FNDA:0,(anonymous_10)
FNDA:0,(anonymous_11)
FNDA:0,(anonymous_12)
FNDA:0,(anonymous_13)
FNDA:1,(anonymous_14)
FNDA:1,(anonymous_15)
FNDA:1,(anonymous_16)
FNDA:1,(anonymous_17)
FNDA:1,(anonymous_18)
FNDA:1,(anonymous_19)
FNDA:1,(anonymous_20)
FNDA:1,(anonymous_21)
FNDA:0,(anonymous_22)
FNDA:0,(anonymous_23)
FNDA:0,(anonymous_24)
FNDA:0,(anonymous_25)
FNDA:0,(anonymous_26)
FNDA:0,(anonymous_27)
FNDA:0,(anonymous_28)
FNDA:0,(anonymous_29)
FNDA:0,(anonymous_30)
FNDA:4,(anonymous_31)
FNDA:4,(anonymous_32)
FNDA:4,(anonymous_33)
FNDA:1,(anonymous_34)
FNDA:1,(anonymous_35)
FNDA:1,(anonymous_36)
FNDA:1,(anonymous_37)
FNDA:1,(anonymous_38)
DA:8,1
DA:10,0
DA:12,0
DA:13,0
DA:16,0
DA:22,1
DA:24,1
DA:25,1
DA:29,1
DA:32,1
DA:33,1
DA:34,8
DA:35,1
DA:38,1
DA:49,0
DA:51,0
DA:54,0
DA:55,0
DA:59,0
DA:60,0
DA:63,0
DA:64,0
DA:65,0
DA:75,1
DA:78,1
DA:79,1
DA:83,1
DA:86,1
DA:89,1
DA:92,1
DA:95,1
DA:97,1
DA:98,1
DA:99,20
DA:100,3
DA:103,1
DA:104,1
DA:105,8
DA:106,1
DA:110,1
DA:126,0
DA:129,0
DA:130,0
DA:134,0
DA:135,0
DA:138,0
DA:141,0
DA:144,0
DA:147,0
DA:150,0
DA:151,0
DA:152,0
DA:154,0
DA:155,0
DA:156,0
DA:157,0
DA:161,0
DA:162,0
DA:163,0
DA:166,0
DA:183,4
DA:185,4
DA:186,4
DA:187,4
DA:188,1
DA:190,4
DA:192,4
DA:199,4
DA:200,4
DA:201,2
DA:202,1
DA:203,1
DA:204,1
DA:207,1
DA:208,1
DA:209,1
DA:217,1
DA:218,1
DA:220,1
DA:221,1
LF:80
LH:47
BRDA:34,1,0,1
BRDA:34,1,1,7
BRDA:49,2,0,0
BRDA:49,2,1,0
BRDA:63,3,0,0
BRDA:63,3,1,0
BRDA:64,4,0,0
BRDA:64,4,1,0
BRDA:95,5,0,0
BRDA:95,5,1,1
BRDA:99,6,0,3
BRDA:99,6,1,17
BRDA:105,7,0,1
BRDA:105,7,1,7
BRDA:150,8,0,0
BRDA:150,8,1,0
BRDA:151,9,0,0
BRDA:151,9,1,0
BRDA:152,10,0,0
BRDA:152,10,1,0
BRDA:152,11,0,0
BRDA:152,11,1,0
BRDA:156,12,0,0
BRDA:156,12,1,0
BRDA:162,13,0,0
BRDA:162,13,1,0
BRDA:186,14,0,0
BRDA:186,14,1,4
BRDA:187,15,0,3
BRDA:187,15,1,1
BRDA:187,16,0,4
BRDA:187,16,1,1
BRDA:188,17,0,0
BRDA:188,17,1,1
BRDA:199,18,0,0
BRDA:199,18,1,4
BRDA:200,19,0,2
BRDA:200,19,1,2
BRDA:201,20,0,1
BRDA:201,20,1,1
BRDA:203,21,0,0
BRDA:203,21,1,1
BRDA:208,22,0,0
BRDA:208,22,1,1
BRDA:218,23,0,0
BRDA:218,23,1,1
BRF:46
BRH:21
end_of_record
TN:
SF:/Users/niyaven/Documents/dev/ajast/api/controllers/FightController.js
FN:12,(anonymous_1)
FN:15,(anonymous_2)
FN:16,(anonymous_3)
FN:20,(anonymous_4)
FN:22,(anonymous_5)
FN:30,(anonymous_6)
FN:41,(anonymous_7)
FN:65,(anonymous_8)
FN:70,(anonymous_9)
FN:73,(anonymous_10)
FN:75,(anonymous_11)
FN:76,(anonymous_12)
FN:82,(anonymous_13)
FN:84,(anonymous_14)
FN:89,(anonymous_15)
FN:112,(anonymous_16)
FN:116,(anonymous_17)
FN:131,(anonymous_18)
FN:139,(anonymous_19)
FN:144,(anonymous_20)
FN:165,(anonymous_21)
FN:172,(anonymous_22)
FN:177,(anonymous_23)
FN:183,(anonymous_24)
FN:190,(anonymous_25)
FN:194,(anonymous_26)
FN:201,(anonymous_27)
FN:206,(anonymous_28)
FN:213,(anonymous_29)
FN:215,(anonymous_30)
FN:223,(anonymous_31)
FN:260,(anonymous_32)
FN:289,(anonymous_33)
FN:297,(anonymous_34)
FN:308,(anonymous_35)
FN:310,(anonymous_36)
FN:314,(anonymous_37)
FNF:37
FNH:0
FNDA:0,(anonymous_1)
FNDA:0,(anonymous_2)
FNDA:0,(anonymous_3)
FNDA:0,(anonymous_4)
FNDA:0,(anonymous_5)
FNDA:0,(anonymous_6)
FNDA:0,(anonymous_7)
FNDA:0,(anonymous_8)
FNDA:0,(anonymous_9)
FNDA:0,(anonymous_10)
FNDA:0,(anonymous_11)
FNDA:0,(anonymous_12)
FNDA:0,(anonymous_13)
FNDA:0,(anonymous_14)
FNDA:0,(anonymous_15)
FNDA:0,(anonymous_16)
FNDA:0,(anonymous_17)
FNDA:0,(anonymous_18)
FNDA:0,(anonymous_19)
FNDA:0,(anonymous_20)
FNDA:0,(anonymous_21)
FNDA:0,(anonymous_22)
FNDA:0,(anonymous_23)
FNDA:0,(anonymous_24)
FNDA:0,(anonymous_25)
FNDA:0,(anonymous_26)
FNDA:0,(anonymous_27)
FNDA:0,(anonymous_28)
FNDA:0,(anonymous_29)
FNDA:0,(anonymous_30)
FNDA:0,(anonymous_31)
FNDA:0,(anonymous_32)
FNDA:0,(anonymous_33)
FNDA:0,(anonymous_34)
FNDA:0,(anonymous_35)
FNDA:0,(anonymous_36)
FNDA:0,(anonymous_37)
DA:8,1
DA:10,1
DA:13,0
DA:16,0
DA:17,0
DA:21,0
DA:22,0
DA:23,0
DA:26,0
DA:31,0
DA:42,0
DA:65,0
DA:66,0
DA:72,0
DA:75,0
DA:76,0
DA:77,0
DA:78,0
DA:83,0
DA:84,0
DA:85,0
DA:86,0
DA:90,0
DA:91,0
DA:92,0
DA:93,0
DA:101,0
DA:113,0
DA:116,0
DA:117,0
DA:118,0
DA:119,0
DA:122,0
DA:123,0
DA:124,0
DA:128,0
DA:129,0
DA:131,0
DA:132,0
DA:133,0
DA:140,0
DA:144,0
DA:145,0
DA:146,0
DA:147,0
DA:151,0
DA:152,0
DA:153,0
DA:154,0
DA:155,0
DA:156,0
DA:157,0
DA:160,0
DA:161,0
DA:162,0
DA:165,0
DA:166,0
DA:167,0
DA:173,0
DA:177,0
DA:178,0
DA:179,0
DA:180,0
DA:183,0
DA:184,0
DA:185,0
DA:191,0
DA:194,0
DA:195,0
DA:196,0
DA:197,0
DA:200,0
DA:201,0
DA:202,0
DA:203,0
DA:206,0
DA:207,0
DA:214,0
DA:215,0
DA:216,0
DA:217,0
DA:218,0
DA:219,0
DA:224,0
DA:226,0
DA:229,0
DA:230,0
DA:231,0
DA:232,0
DA:233,0
DA:234,0
DA:235,0
DA:236,0
DA:237,0
DA:238,0
DA:239,0
DA:240,0
DA:243,0
DA:244,0
DA:245,0
DA:246,0
DA:247,0
DA:248,0
DA:249,0
DA:250,0
DA:251,0
DA:254,0
DA:255,0
DA:257,0
DA:261,0
DA:264,0
DA:269,0
DA:270,0
DA:271,0
DA:274,0
DA:275,0
DA:276,0
DA:277,0
DA:278,0
DA:279,0
DA:280,0
DA:281,0
DA:282,0
DA:283,0
DA:284,0
DA:285,0
DA:286,0
DA:287,0
DA:289,0
DA:290,0
DA:293,0
DA:294,0
DA:298,0
DA:300,0
DA:301,0
DA:302,0
DA:305,0
DA:309,0
DA:311,0
DA:312,0
DA:314,0
DA:317,0
DA:318,0
DA:319,0
DA:320,0
DA:321,0
DA:327,0
DA:329,0
DA:330,0
DA:331,0
DA:332,0
DA:334,0
DA:335,0
DA:336,0
DA:337,0
DA:340,0
DA:342,0
LF:157
LH:2
BRDA:21,1,0,0
BRDA:21,1,1,0
BRDA:77,2,0,0
BRDA:77,2,1,0
BRDA:85,3,0,0
BRDA:85,3,1,0
BRDA:90,4,0,0
BRDA:90,4,1,0
BRDA:91,5,0,0
BRDA:91,5,1,0
BRDA:91,6,0,0
BRDA:91,6,1,0
BRDA:92,7,0,0
BRDA:92,7,1,0
BRDA:92,8,0,0
BRDA:92,8,1,0
BRDA:117,9,0,0
BRDA:117,9,1,0
BRDA:122,10,0,0
BRDA:122,10,1,0
BRDA:145,11,0,0
BRDA:145,11,1,0
BRDA:161,12,0,0
BRDA:161,12,1,0
BRDA:178,13,0,0
BRDA:178,13,1,0
BRDA:195,14,0,0
BRDA:195,14,1,0
BRDA:200,15,0,0
BRDA:200,15,1,0
BRDA:216,16,0,0
BRDA:216,16,1,0
BRDA:217,17,0,0
BRDA:217,17,1,0
BRDA:218,18,0,0
BRDA:218,18,1,0
BRDA:224,19,0,0
BRDA:224,19,1,0
BRDA:224,20,0,0
BRDA:224,20,1,0
BRDA:224,20,2,0
BRDA:229,21,0,0
BRDA:229,21,1,0
BRDA:231,22,0,0
BRDA:231,22,1,0
BRDA:233,23,0,0
BRDA:233,23,1,0
BRDA:235,24,0,0
BRDA:235,24,1,0
BRDA:238,25,0,0
BRDA:238,25,1,0
BRDA:243,26,0,0
BRDA:243,26,1,0
BRDA:246,27,0,0
BRDA:246,27,1,0
BRDA:249,28,0,0
BRDA:249,28,1,0
BRDA:254,29,0,0
BRDA:254,29,1,0
BRDA:255,30,0,0
BRDA:255,30,1,0
BRDA:261,31,0,0
BRDA:261,31,1,0
BRDA:275,32,0,0
BRDA:275,32,1,0
BRDA:276,33,0,0
BRDA:276,33,1,0
BRDA:277,34,0,0
BRDA:277,34,1,0
BRDA:278,35,0,0
BRDA:278,35,1,0
BRDA:279,36,0,0
BRDA:279,36,1,0
BRDA:280,37,0,0
BRDA:280,37,1,0
BRDA:281,38,0,0
BRDA:281,38,1,0
BRDA:282,39,0,0
BRDA:282,39,1,0
BRDA:283,40,0,0
BRDA:283,40,1,0
BRDA:284,41,0,0
BRDA:284,41,1,0
BRDA:285,42,0,0
BRDA:285,42,1,0
BRDA:286,43,0,0
BRDA:286,43,1,0
BRDA:287,44,0,0
BRDA:287,44,1,0
BRDA:289,45,0,0
BRDA:289,45,1,0
BRDA:293,46,0,0
BRDA:293,46,1,0
BRDA:301,47,0,0
BRDA:301,47,1,0
BRDA:320,48,0,0
BRDA:320,48,1,0
BRDA:327,49,0,0
BRDA:327,49,1,0
BRDA:329,50,0,0
BRDA:329,50,1,0
BRDA:336,51,0,0
BRDA:336,51,1,0
BRDA:336,52,0,0
BRDA:336,52,1,0
BRF:105
BRH:0
end_of_record
TN:
SF:/Users/niyaven/Documents/dev/ajast/api/controllers/FreeCompanyController.js
FN:10,(anonymous_1)
FN:15,(anonymous_2)
FN:17,(anonymous_3)
FN:26,(anonymous_4)
FN:29,(anonymous_5)
FN:50,(anonymous_6)
FN:53,(anonymous_7)
FN:64,(anonymous_8)
FN:66,(anonymous_9)
FN:67,(anonymous_10)
FN:72,(anonymous_11)
FN:92,(anonymous_12)
FN:94,(anonymous_13)
FN:96,(anonymous_14)
FN:101,(anonymous_15)
FN:102,(anonymous_16)
FN:107,(anonymous_17)
FN:130,(anonymous_18)
FN:134,(anonymous_19)
FN:142,(anonymous_20)
FN:146,(anonymous_21)
FN:151,(anonymous_22)
FN:162,(anonymous_23)
FN:170,(anonymous_24)
FN:175,(anonymous_25)
FN:185,(anonymous_26)
FN:186,(anonymous_27)
FN:191,(anonymous_28)
FN:192,(anonymous_29)
FN:197,(anonymous_30)
FN:206,(anonymous_31)
FN:211,(anonymous_32)
FN:222,(anonymous_33)
FN:223,(anonymous_34)
FN:235,(anonymous_35)
FN:239,(anonymous_36)
FN:242,(anonymous_37)
FN:245,(anonymous_38)
FNF:38
FNH:37
FNDA:0,(anonymous_1)
FNDA:1,(anonymous_2)
FNDA:1,(anonymous_3)
FNDA:1,(anonymous_4)
FNDA:1,(anonymous_5)
FNDA:1,(anonymous_6)
FNDA:1,(anonymous_7)
FNDA:1,(anonymous_8)
FNDA:1,(anonymous_9)
FNDA:1,(anonymous_10)
FNDA:1,(anonymous_11)
FNDA:1,(anonymous_12)
FNDA:1,(anonymous_13)
FNDA:1,(anonymous_14)
FNDA:1,(anonymous_15)
FNDA:1,(anonymous_16)
FNDA:1,(anonymous_17)
FNDA:4,(anonymous_18)
FNDA:4,(anonymous_19)
FNDA:4,(anonymous_20)
FNDA:2,(anonymous_21)
FNDA:1,(anonymous_22)
FNDA:7,(anonymous_23)
FNDA:6,(anonymous_24)
FNDA:4,(anonymous_25)
FNDA:1,(anonymous_26)
FNDA:1,(anonymous_27)
FNDA:1,(anonymous_28)
FNDA:1,(anonymous_29)
FNDA:1,(anonymous_30)
FNDA:1,(anonymous_31)
FNDA:1,(anonymous_32)
FNDA:1,(anonymous_33)
FNDA:1,(anonymous_34)
FNDA:1,(anonymous_35)
FNDA:1,(anonymous_36)
FNDA:1,(anonymous_37)
FNDA:1,(anonymous_38)
DA:8,1
DA:12,0
DA:16,1
DA:18,1
DA:27,1
DA:30,1
DA:32,1
DA:33,1
DA:34,8
DA:35,1
DA:39,1
DA:51,1
DA:53,1
DA:54,1
DA:55,1
DA:56,1
DA:65,1
DA:67,1
DA:68,1
DA:69,1
DA:73,1
DA:75,1
DA:76,1
DA:77,8
DA:78,1
DA:82,1
DA:93,1
DA:95,1
DA:96,1
DA:97,1
DA:98,1
DA:102,1
DA:103,1
DA:104,1
DA:108,1
DA:109,1
DA:110,1
DA:112,1
DA:113,1
DA:114,8
DA:115,1
DA:119,1
DA:131,4
DA:132,4
DA:134,4
DA:135,4
DA:136,4
DA:138,4
DA:143,4
DA:144,4
DA:145,3
DA:146,2
DA:147,2
DA:148,1
DA:151,1
DA:152,1
DA:153,1
DA:154,1
DA:163,7
DA:167,7
DA:168,6
DA:170,6
DA:171,6
DA:172,6
DA:173,5
DA:175,4
DA:176,4
DA:177,4
DA:178,3
DA:179,2
DA:181,1
DA:182,1
DA:184,1
DA:186,1
DA:187,1
DA:188,1
DA:192,1
DA:193,1
DA:194,1
DA:198,1
DA:206,1
DA:207,1
DA:208,1
DA:212,1
DA:213,0
DA:214,0
DA:216,1
DA:223,1
DA:224,1
DA:225,1
DA:226,0
DA:227,0
DA:229,1
DA:230,0
DA:231,0
DA:234,1
DA:236,1
DA:237,1
DA:240,1
DA:243,1
DA:246,1
DA:247,1
LF:102
LH:95
BRDA:30,1,0,0
BRDA:30,1,1,1
BRDA:34,2,0,1
BRDA:34,2,1,7
BRDA:51,3,0,0
BRDA:51,3,1,1
BRDA:54,4,0,0
BRDA:54,4,1,1
BRDA:55,5,0,0
BRDA:55,5,1,1
BRDA:68,6,0,0
BRDA:68,6,1,1
BRDA:73,7,0,0
BRDA:73,7,1,1
BRDA:77,8,0,1
BRDA:77,8,1,7
BRDA:97,9,0,0
BRDA:97,9,1,1
BRDA:103,10,0,0
BRDA:103,10,1,1
BRDA:108,11,0,0
BRDA:108,11,1,1
BRDA:109,12,0,0
BRDA:109,12,1,1
BRDA:110,13,0,0
BRDA:110,13,1,1
BRDA:110,14,0,1
BRDA:110,14,1,1
BRDA:114,15,0,1
BRDA:114,15,1,7
BRDA:132,16,0,0
BRDA:132,16,1,4
BRDA:135,17,0,0
BRDA:135,17,1,4
BRDA:136,18,0,0
BRDA:136,18,1,4
BRDA:136,19,0,4
BRDA:136,19,1,1
BRDA:136,19,2,1
BRDA:143,20,0,0
BRDA:143,20,1,4
BRDA:144,21,0,1
BRDA:144,21,1,3
BRDA:145,22,0,2
BRDA:145,22,1,1
BRDA:147,23,0,1
BRDA:147,23,1,1
BRDA:152,24,0,0
BRDA:152,24,1,1
BRDA:167,25,0,1
BRDA:167,25,1,6
BRDA:168,26,0,0
BRDA:168,26,1,6
BRDA:168,27,0,6
BRDA:168,27,1,6
BRDA:171,28,0,0
BRDA:171,28,1,6
BRDA:172,29,0,1
BRDA:172,29,1,5
BRDA:173,30,0,1
BRDA:173,30,1,4
BRDA:173,31,0,5
BRDA:173,31,1,1
BRDA:176,32,0,0
BRDA:176,32,1,4
BRDA:177,33,0,1
BRDA:177,33,1,3
BRDA:178,34,0,1
BRDA:178,34,1,2
BRDA:179,35,0,1
BRDA:179,35,1,1
BRDA:179,36,0,2
BRDA:179,36,1,2
BRDA:181,37,0,0
BRDA:181,37,1,1
BRDA:187,38,0,0
BRDA:187,38,1,1
BRDA:193,39,0,0
BRDA:193,39,1,1
BRDA:207,40,0,0
BRDA:207,40,1,1
BRDA:212,41,0,0
BRDA:212,41,1,1
BRDA:224,42,0,0
BRDA:224,42,1,1
BRDA:225,43,0,0
BRDA:225,43,1,1
BRDA:229,44,0,0
BRDA:229,44,1,1
BRDA:229,45,0,1
BRDA:229,45,1,1
BRDA:246,46,0,0
BRDA:246,46,1,1
BRF:93
BRH:65
end_of_record
TN:
SF:/Users/niyaven/Documents/dev/ajast/api/controllers/NotificationController.js
FN:10,(anonymous_1)
FN:13,(anonymous_2)
FN:19,(anonymous_3)
FN:23,(anonymous_4)
FN:33,(anonymous_5)
FN:37,(anonymous_6)
FN:47,(anonymous_7)
FN:52,(anonymous_8)
FN:53,(anonymous_9)
FN:58,(anonymous_10)
FN:59,(anonymous_11)
FN:64,(anonymous_12)
FN:65,(anonymous_13)
FN:70,(anonymous_14)
FN:76,(anonymous_15)
FN:80,(anonymous_16)
FN:90,(anonymous_17)
FN:91,(anonymous_18)
FN:96,(anonymous_19)
FN:97,(anonymous_20)
FN:102,(anonymous_21)
FN:103,(anonymous_22)
FN:108,(anonymous_23)
FNF:23
FNH:0
FNDA:0,(anonymous_1)
FNDA:0,(anonymous_2)
FNDA:0,(anonymous_3)
FNDA:0,(anonymous_4)
FNDA:0,(anonymous_5)
FNDA:0,(anonymous_6)
FNDA:0,(anonymous_7)
FNDA:0,(anonymous_8)
FNDA:0,(anonymous_9)
FNDA:0,(anonymous_10)
FNDA:0,(anonymous_11)
FNDA:0,(anonymous_12)
FNDA:0,(anonymous_13)
FNDA:0,(anonymous_14)
FNDA:0,(anonymous_15)
FNDA:0,(anonymous_16)
FNDA:0,(anonymous_17)
FNDA:0,(anonymous_18)
FNDA:0,(anonymous_19)
FNDA:0,(anonymous_20)
FNDA:0,(anonymous_21)
FNDA:0,(anonymous_22)
FNDA:0,(anonymous_23)
DA:8,1
DA:11,0
DA:13,0
DA:14,0
DA:15,0
DA:20,0
DA:21,0
DA:23,0
DA:24,0
DA:25,0
DA:26,0
DA:28,0
DA:29,0
DA:34,0
DA:35,0
DA:37,0
DA:38,0
DA:39,0
DA:40,0
DA:42,0
DA:43,0
DA:48,0
DA:51,0
DA:53,0
DA:54,0
DA:55,0
DA:59,0
DA:60,0
DA:61,0
DA:65,0
DA:66,0
DA:67,0
DA:71,0
DA:72,0
DA:77,0
DA:80,0
DA:81,0
DA:83,0
DA:86,0
DA:87,0
DA:89,0
DA:91,0
DA:92,0
DA:93,0
DA:97,0
DA:98,0
DA:99,0
DA:103,0
DA:104,0
DA:105,0
DA:109,0
DA:110,0
LF:52
LH:1
BRDA:11,1,0,0
BRDA:11,1,1,0
BRDA:14,2,0,0
BRDA:14,2,1,0
BRDA:20,3,0,0
BRDA:20,3,1,0
BRDA:24,4,0,0
BRDA:24,4,1,0
BRDA:25,5,0,0
BRDA:25,5,1,0
BRDA:26,6,0,0
BRDA:26,6,1,0
BRDA:28,7,0,0
BRDA:28,7,1,0
BRDA:34,8,0,0
BRDA:34,8,1,0
BRDA:38,9,0,0
BRDA:38,9,1,0
BRDA:39,10,0,0
BRDA:39,10,1,0
BRDA:40,11,0,0
BRDA:40,11,1,0
BRDA:42,12,0,0
BRDA:42,12,1,0
BRDA:54,13,0,0
BRDA:54,13,1,0
BRDA:60,14,0,0
BRDA:60,14,1,0
BRDA:66,15,0,0
BRDA:66,15,1,0
BRDA:71,16,0,0
BRDA:71,16,1,0
BRDA:81,17,0,0
BRDA:81,17,1,0
BRDA:86,18,0,0
BRDA:86,18,1,0
BRDA:87,19,0,0
BRDA:87,19,1,0
BRDA:92,20,0,0
BRDA:92,20,1,0
BRDA:98,21,0,0
BRDA:98,21,1,0
BRDA:104,22,0,0
BRDA:104,22,1,0
BRDA:109,23,0,0
BRDA:109,23,1,0
BRF:46
BRH:0
end_of_record
TN:
SF:/Users/niyaven/Documents/dev/ajast/api/controllers/PageController.js
FN:12,(anonymous_1)
FN:19,(anonymous_2)
FN:30,(anonymous_3)
FN:33,(anonymous_4)
FN:36,(anonymous_5)
FN:53,(anonymous_6)
FNF:6
FNH:0
FNDA:0,(anonymous_1)
FNDA:0,(anonymous_2)
FNDA:0,(anonymous_3)
FNDA:0,(anonymous_4)
FNDA:0,(anonymous_5)
FNDA:0,(anonymous_6)
DA:8,1
DA:10,1
DA:13,0
DA:20,0
DA:21,0
DA:22,0
DA:23,0
DA:24,0
DA:25,0
DA:26,0
DA:27,0
DA:29,0
DA:31,0
DA:34,0
DA:37,0
DA:39,0
DA:40,0
DA:43,0
DA:44,0
DA:47,0
DA:48,0
DA:49,0
DA:54,0
DA:55,0
DA:56,0
LF:25
LH:2
BRDA:37,1,0,0
BRDA:37,1,1,0
BRF:2
BRH:0
end_of_record
TN:
SF:/Users/niyaven/Documents/dev/ajast/api/controllers/RollController.js
FN:10,(anonymous_1)
FN:17,(anonymous_2)
FN:18,(anonymous_3)
FN:25,(anonymous_4)
FN:30,(anonymous_5)
FNF:5
FNH:0
FNDA:0,(anonymous_1)
FNDA:0,(anonymous_2)
FNDA:0,(anonymous_3)
FNDA:0,(anonymous_4)
FNDA:0,(anonymous_5)
DA:8,1
DA:11,0
DA:18,0
DA:19,0
DA:20,0
DA:21,0
DA:26,0
DA:30,0
DA:31,0
DA:32,0
DA:33,0
LF:11
LH:1
BRDA:19,1,0,0
BRDA:19,1,1,0
BRDA:20,2,0,0
BRDA:20,2,1,0
BRDA:31,3,0,0
BRDA:31,3,1,0
BRF:6
BRH:0
end_of_record
TN:
SF:/Users/niyaven/Documents/dev/ajast/api/controllers/UploadController.js
FN:11,(anonymous_1)
FN:16,(anonymous_2)
FN:21,(anonymous_3)
FN:22,(anonymous_4)
FNF:4
FNH:0
FNDA:0,(anonymous_1)
FNDA:0,(anonymous_2)
FNDA:0,(anonymous_3)
FNDA:0,(anonymous_4)
DA:7,1
DA:10,1
DA:12,0
DA:13,0
DA:17,0
DA:18,0
DA:22,0
DA:23,0
DA:24,0
LF:9
LH:2
BRDA:23,1,0,0
BRDA:23,1,1,0
BRF:2
BRH:0
end_of_record
TN:
SF:/Users/niyaven/Documents/dev/ajast/api/policies/passport.js
FN:24,(anonymous_1)
FN:26,(anonymous_2)
FN:28,(anonymous_3)
FNF:3
FNH:3
FNDA:23,(anonymous_1)
FNDA:23,(anonymous_2)
FNDA:23,(anonymous_3)
DA:24,1
DA:26,23
DA:28,23
DA:30,23
DA:32,23
LF:5
LH:5
BRF:0
BRH:0
end_of_record
TN:
SF:/Users/niyaven/Documents/dev/ajast/api/policies/sessionAuth.js
FN:10,(anonymous_1)
FNF:1
FNH:1
FNDA:20,(anonymous_1)
DA:10,1
DA:14,20
DA:15,0
DA:16,20
DA:17,20
DA:18,20
DA:19,20
DA:24,0
LF:8
LH:6
BRDA:14,1,0,0
BRDA:14,1,1,20
BRDA:16,2,0,20
BRDA:16,2,1,0
BRF:4
BRH:2
end_of_record
