TN:
SF:/Users/niyaven/Documents/dev/ajast/config/blueprints.js
FNF:0
FNH:0
DA:26,1
LF:1
LH:1
BRF:0
BRH:0
end_of_record
TN:
SF:/Users/niyaven/Documents/dev/ajast/config/bootstrap.js
FN:12,(anonymous_1)
FNF:1
FNH:1
FNDA:1,(anonymous_1)
DA:12,1
DA:14,1
DA:18,1
LF:3
LH:3
BRF:0
BRH:0
end_of_record
TN:
SF:/Users/niyaven/Documents/dev/ajast/config/connections.js
FNF:0
FNH:0
DA:22,1
LF:1
LH:1
BRF:0
BRH:0
end_of_record
TN:
SF:/Users/niyaven/Documents/dev/ajast/config/cors.js
FNF:0
FNH:0
DA:29,1
LF:1
LH:1
BRF:0
BRH:0
end_of_record
TN:
SF:/Users/niyaven/Documents/dev/ajast/config/csrf.js
FNF:0
FNH:0
LF:0
LH:0
BRF:0
BRH:0
end_of_record
TN:
SF:/Users/niyaven/Documents/dev/ajast/config/globals.js
FNF:0
FNH:0
DA:11,1
LF:1
LH:1
BRF:0
BRH:0
end_of_record
TN:
SF:/Users/niyaven/Documents/dev/ajast/config/http.js
FNF:0
FNH:0
DA:12,1
LF:1
LH:1
BRF:0
BRH:0
end_of_record
TN:
SF:/Users/niyaven/Documents/dev/ajast/config/i18n.js
FNF:0
FNH:0
DA:18,1
LF:1
LH:1
BRF:0
BRH:0
end_of_record
TN:
SF:/Users/niyaven/Documents/dev/ajast/config/local.js
FNF:0
FNH:0
DA:30,2
LF:1
LH:1
BRDA:32,1,0,2
BRDA:32,1,1,0
BRF:2
BRH:1
end_of_record
TN:
SF:/Users/niyaven/Documents/dev/ajast/config/log.js
FNF:0
FNH:0
DA:13,1
LF:1
LH:1
BRF:0
BRH:0
end_of_record
TN:
SF:/Users/niyaven/Documents/dev/ajast/config/models.js
FNF:0
FNH:0
DA:12,1
LF:1
LH:1
BRF:0
BRH:0
end_of_record
TN:
SF:/Users/niyaven/Documents/dev/ajast/config/passport.js
FNF:0
FNH:0
DA:17,1
LF:1
LH:1
BRF:0
BRH:0
end_of_record
TN:
SF:/Users/niyaven/Documents/dev/ajast/config/policies.js
FNF:0
FNH:0
DA:20,1
LF:1
LH:1
BRF:0
BRH:0
end_of_record
TN:
SF:/Users/niyaven/Documents/dev/ajast/config/routes.js
FNF:0
FNH:0
DA:23,1
LF:1
LH:1
BRF:0
BRH:0
end_of_record
TN:
SF:/Users/niyaven/Documents/dev/ajast/config/session.js
FNF:0
FNH:0
DA:15,1
LF:1
LH:1
BRF:0
BRH:0
end_of_record
TN:
SF:/Users/niyaven/Documents/dev/ajast/config/sockets.js
FNF:0
FNH:0
DA:13,1
LF:1
LH:1
BRF:0
BRH:0
end_of_record
TN:
SF:/Users/niyaven/Documents/dev/ajast/config/views.js
FNF:0
FNH:0
DA:14,1
LF:1
LH:1
BRF:0
BRH:0
end_of_record
TN:
SF:/Users/niyaven/Documents/dev/ajast/config/env/test.js
FNF:0
FNH:0
DA:5,1
LF:1
LH:1
BRF:0
BRH:0
end_of_record
TN:
SF:/Users/niyaven/Documents/dev/ajast/api/responses/badRequest.js
FN:18,badRequest
FN:59,couldNotGuessView
FNF:2
FNH:0
FNDA:0,badRequest
FNDA:0,couldNotGuessView
DA:18,1
DA:21,0
DA:22,0
DA:23,0
DA:26,0
DA:29,0
DA:30,0
DA:32,0
DA:37,0
DA:38,0
DA:42,0
DA:43,0
DA:48,0
DA:53,0
DA:54,0
DA:59,0
DA:60,0
LF:17
LH:1
BRDA:29,1,0,0
BRDA:29,1,1,0
BRDA:37,2,0,0
BRDA:37,2,1,0
BRDA:42,3,0,0
BRDA:42,3,1,0
BRDA:48,4,0,0
BRDA:48,4,1,0
BRDA:48,5,0,0
BRDA:48,5,1,0
BRDA:53,6,0,0
BRDA:53,6,1,0
BRF:12
BRH:0
end_of_record
TN:
SF:/Users/niyaven/Documents/dev/ajast/api/responses/forbidden.js
FN:15,forbidden
FN:56,(anonymous_2)
FNF:2
FNH:1
FNDA:12,forbidden
FNDA:0,(anonymous_2)
DA:15,1
DA:18,12
DA:19,12
DA:20,12
DA:23,12
DA:26,12
DA:27,12
DA:29,0
DA:34,12
DA:35,0
DA:39,12
DA:40,12
DA:45,0
DA:50,0
DA:51,0
DA:56,0
DA:59,0
DA:63,0
DA:64,0
DA:68,0
DA:70,0
DA:73,0
LF:22
LH:10
BRDA:26,1,0,12
BRDA:26,1,1,0
BRDA:34,2,0,0
BRDA:34,2,1,12
BRDA:39,3,0,12
BRDA:39,3,1,0
BRDA:45,4,0,0
BRDA:45,4,1,0
BRDA:45,5,0,0
BRDA:45,5,1,0
BRDA:50,6,0,0
BRDA:50,6,1,0
BRDA:59,7,0,0
BRDA:59,7,1,0
BRDA:63,8,0,0
BRDA:63,8,1,0
BRF:16
BRH:3
end_of_record
TN:
SF:/Users/niyaven/Documents/dev/ajast/api/responses/notFound.js
FN:20,notFound
FN:61,(anonymous_2)
FNF:2
FNH:1
FNDA:13,notFound
FNDA:0,(anonymous_2)
DA:20,1
DA:23,13
DA:24,13
DA:25,13
DA:28,13
DA:31,13
DA:32,11
DA:34,2
DA:39,13
DA:40,0
DA:44,13
DA:45,13
DA:50,0
DA:55,0
DA:56,0
DA:61,0
DA:64,0
DA:68,0
DA:69,0
DA:73,0
DA:75,0
DA:78,0
LF:22
LH:11
BRDA:31,1,0,11
BRDA:31,1,1,2
BRDA:39,2,0,0
BRDA:39,2,1,13
BRDA:44,3,0,13
BRDA:44,3,1,0
BRDA:50,4,0,0
BRDA:50,4,1,0
BRDA:50,5,0,0
BRDA:50,5,1,0
BRDA:55,6,0,0
BRDA:55,6,1,0
BRDA:64,7,0,0
BRDA:64,7,1,0
BRDA:68,8,0,0
BRDA:68,8,1,0
BRF:16
BRH:4
end_of_record
TN:
SF:/Users/niyaven/Documents/dev/ajast/api/responses/ok.js
FN:14,sendOK
FN:44,couldNotGuessView
FNF:2
FNH:1
FNDA:7,sendOK
FNDA:0,couldNotGuessView
DA:14,1
DA:17,7
DA:18,7
DA:19,7
DA:21,7
DA:24,7
DA:27,7
DA:28,7
DA:33,0
DA:38,0
DA:39,0
DA:44,0
DA:45,0
LF:13
LH:8
BRDA:27,1,0,7
BRDA:27,1,1,0
BRDA:33,2,0,0
BRDA:33,2,1,0
BRDA:33,3,0,0
BRDA:33,3,1,0
BRDA:38,4,0,0
BRDA:38,4,1,0
BRF:8
BRH:1
end_of_record
TN:
SF:/Users/niyaven/Documents/dev/ajast/api/responses/serverError.js
FN:15,serverError
FN:56,(anonymous_2)
FNF:2
FNH:1
FNDA:6,serverError
FNDA:0,(anonymous_2)
DA:15,1
DA:18,6
DA:19,6
DA:20,6
DA:23,6
DA:26,6
DA:27,5
DA:29,1
DA:34,6
DA:35,0
DA:39,6
DA:40,6
DA:45,0
DA:50,0
DA:51,0
DA:56,0
DA:59,0
DA:63,0
DA:64,0
DA:68,0
DA:70,0
DA:73,0
LF:22
LH:11
BRDA:26,1,0,5
BRDA:26,1,1,1
BRDA:34,2,0,0
BRDA:34,2,1,6
BRDA:39,3,0,6
BRDA:39,3,1,0
BRDA:45,4,0,0
BRDA:45,4,1,0
BRDA:45,5,0,0
BRDA:45,5,1,0
BRDA:50,6,0,0
BRDA:50,6,1,0
BRDA:59,7,0,0
BRDA:59,7,1,0
BRDA:63,8,0,0
BRDA:63,8,1,0
BRF:16
BRH:4
end_of_record
TN:
SF:/Users/niyaven/Documents/dev/ajast/api/responses/userError.js
FN:15,serverError
FNF:1
FNH:1
FNDA:5,serverError
DA:15,1
DA:18,5
DA:19,5
DA:20,5
DA:23,5
DA:26,5
DA:27,5
DA:29,0
DA:31,5
LF:9
LH:8
BRDA:26,1,0,5
BRDA:26,1,1,0
BRF:2
BRH:1
end_of_record
TN:
SF:/Users/niyaven/Documents/dev/ajast/api/services/passport.js
FN:65,(anonymous_1)
FN:107,(anonymous_2)
FN:117,(anonymous_3)
FN:133,(anonymous_4)
FN:153,(anonymous_5)
FN:169,(anonymous_6)
FN:196,(anonymous_7)
FN:228,(anonymous_8)
FN:282,(anonymous_9)
FN:286,(anonymous_10)
FN:341,(anonymous_11)
FN:348,(anonymous_12)
FN:353,(anonymous_13)
FN:363,(anonymous_14)
FN:367,(anonymous_15)
FNF:15
FNH:2
FNDA:0,(anonymous_1)
FNDA:0,(anonymous_2)
FNDA:0,(anonymous_3)
FNDA:0,(anonymous_4)
FNDA:0,(anonymous_5)
FNDA:0,(anonymous_6)
FNDA:0,(anonymous_7)
FNDA:0,(anonymous_8)
FNDA:1,(anonymous_9)
FNDA:6,(anonymous_10)
FNDA:0,(anonymous_11)
FNDA:0,(anonymous_12)
FNDA:0,(anonymous_13)
FNDA:0,(anonymous_14)
FNDA:0,(anonymous_15)
DA:1,1
DA:30,1
DA:65,1
DA:66,0
DA:70,0
DA:74,0
DA:78,0
DA:79,0
DA:84,0
DA:85,0
DA:88,0
DA:89,0
DA:93,0
DA:94,0
DA:100,0
DA:101,0
DA:104,0
DA:108,0
DA:109,0
DA:112,0
DA:116,0
DA:117,0
DA:118,0
DA:119,0
DA:120,0
DA:121,0
DA:124,0
DA:128,0
DA:131,0
DA:133,0
DA:135,0
DA:136,0
DA:139,0
DA:148,0
DA:149,0
DA:153,0
DA:154,0
DA:155,0
DA:159,0
DA:166,0
DA:167,0
DA:169,0
DA:171,0
DA:172,0
DA:175,0
DA:181,0
DA:196,1
DA:197,0
DA:203,0
DA:204,0
DA:208,0
DA:209,0
DA:215,0
DA:228,1
DA:229,0
DA:234,0
DA:235,0
DA:236,0
DA:238,0
DA:239,0
DA:241,0
DA:242,0
DA:245,0
DA:248,0
DA:249,0
DA:255,0
DA:282,1
DA:283,1
DA:286,1
DA:287,6
DA:289,6
DA:292,0
DA:295,0
DA:296,0
DA:298,0
DA:301,6
DA:304,6
DA:305,6
DA:308,6
DA:310,6
DA:312,6
DA:315,5
DA:316,5
DA:319,1
DA:320,1
DA:321,1
DA:322,1
DA:328,6
DA:330,6
DA:341,1
DA:342,0
DA:345,0
DA:349,0
DA:350,0
DA:353,0
DA:354,0
DA:355,0
DA:358,0
DA:363,1
DA:364,0
DA:367,1
DA:368,0
DA:371,1
LF:103
LH:28
BRDA:74,1,0,0
BRDA:74,1,1,0
BRDA:78,2,0,0
BRDA:78,2,1,0
BRDA:84,3,0,0
BRDA:84,3,1,0
BRDA:88,4,0,0
BRDA:88,4,1,0
BRDA:93,5,0,0
BRDA:93,5,1,0
BRDA:100,6,0,0
BRDA:100,6,1,0
BRDA:100,7,0,0
BRDA:100,7,1,0
BRDA:108,8,0,0
BRDA:108,8,1,0
BRDA:112,9,0,0
BRDA:112,9,1,0
BRDA:116,10,0,0
BRDA:116,10,1,0
BRDA:118,11,0,0
BRDA:118,11,1,0
BRDA:119,12,0,0
BRDA:119,12,1,0
BRDA:120,13,0,0
BRDA:120,13,1,0
BRDA:135,14,0,0
BRDA:135,14,1,0
BRDA:148,15,0,0
BRDA:148,15,1,0
BRDA:148,16,0,0
BRDA:148,16,1,0
BRDA:154,17,0,0
BRDA:154,17,1,0
BRDA:166,18,0,0
BRDA:166,18,1,0
BRDA:171,19,0,0
BRDA:171,19,1,0
BRDA:203,20,0,0
BRDA:203,20,1,0
BRDA:208,21,0,0
BRDA:208,21,1,0
BRDA:234,22,0,0
BRDA:234,22,1,0
BRDA:234,23,0,0
BRDA:234,23,1,0
BRDA:235,24,0,0
BRDA:235,24,1,0
BRDA:235,25,0,0
BRDA:235,25,1,0
BRDA:238,26,0,0
BRDA:238,26,1,0
BRDA:238,27,0,0
BRDA:238,27,1,0
BRDA:241,28,0,0
BRDA:241,28,1,0
BRDA:241,29,0,0
BRDA:241,29,1,0
BRDA:248,30,0,0
BRDA:248,30,1,0
BRDA:248,31,0,0
BRDA:248,31,1,0
BRDA:289,32,0,0
BRDA:289,32,1,6
BRDA:295,33,0,0
BRDA:295,33,1,0
BRDA:304,34,0,6
BRDA:304,34,1,0
BRDA:312,35,0,1
BRDA:312,35,1,5
BRDA:312,35,2,1
BRDA:349,36,0,0
BRDA:349,36,1,0
BRDA:354,37,0,0
BRDA:354,37,1,0
BRF:75
BRH:5
end_of_record
TN:
SF:/Users/niyaven/Documents/dev/ajast/api/services/protocols/index.js
FNF:0
FNH:0
DA:14,1
LF:1
LH:1
BRF:0
BRH:0
end_of_record
TN:
SF:/Users/niyaven/Documents/dev/ajast/api/services/protocols/local.js
FN:25,(anonymous_1)
FN:48,(anonymous_2)
FN:65,(anonymous_3)
FN:71,(anonymous_4)
FN:92,(anonymous_5)
FN:99,(anonymous_6)
FN:109,(anonymous_7)
FN:131,(anonymous_8)
FN:142,(anonymous_9)
FN:160,(anonymous_10)
FN:162,(anonymous_11)
FNF:11
FNH:0
FNDA:0,(anonymous_1)
FNDA:0,(anonymous_2)
FNDA:0,(anonymous_3)
FNDA:0,(anonymous_4)
FNDA:0,(anonymous_5)
FNDA:0,(anonymous_6)
FNDA:0,(anonymous_7)
FNDA:0,(anonymous_8)
FNDA:0,(anonymous_9)
FNDA:0,(anonymous_10)
FNDA:0,(anonymous_11)
DA:1,1
DA:25,1
DA:26,0
DA:30,0
DA:31,0
DA:32,0
DA:35,0
DA:36,0
DA:37,0
DA:40,0
DA:41,0
DA:42,0
DA:45,0
DA:49,0
DA:50,0
DA:51,0
DA:52,0
DA:54,0
DA:58,0
DA:61,0
DA:66,0
DA:67,0
DA:68,0
DA:71,0
DA:72,0
DA:76,0
DA:92,1
DA:93,0
DA:96,0
DA:100,0
DA:101,0
DA:104,0
DA:105,0
DA:110,0
DA:114,0
DA:131,1
DA:132,0
DA:135,0
DA:136,0
DA:139,0
DA:142,0
DA:143,0
DA:144,0
DA:147,0
DA:148,0
DA:149,0
DA:151,0
DA:154,0
DA:157,0
DA:161,0
DA:162,0
DA:163,0
DA:164,0
DA:167,0
DA:168,0
DA:169,0
DA:171,0
DA:176,0
DA:177,0
LF:59
LH:4
BRDA:30,1,0,0
BRDA:30,1,1,0
BRDA:35,2,0,0
BRDA:35,2,1,0
BRDA:40,3,0,0
BRDA:40,3,1,0
BRDA:49,4,0,0
BRDA:49,4,1,0
BRDA:50,5,0,0
BRDA:50,5,1,0
BRDA:51,6,0,0
BRDA:51,6,1,0
BRDA:66,7,0,0
BRDA:66,7,1,0
BRDA:67,8,0,0
BRDA:67,8,1,0
BRDA:72,9,0,0
BRDA:72,9,1,0
BRDA:100,10,0,0
BRDA:100,10,1,0
BRDA:104,11,0,0
BRDA:104,11,1,0
BRDA:135,12,0,0
BRDA:135,12,1,0
BRDA:143,13,0,0
BRDA:143,13,1,0
BRDA:147,14,0,0
BRDA:147,14,1,0
BRDA:148,15,0,0
BRDA:148,15,1,0
BRDA:161,16,0,0
BRDA:161,16,1,0
BRDA:163,17,0,0
BRDA:163,17,1,0
BRDA:167,18,0,0
BRDA:167,18,1,0
BRF:36
BRH:0
end_of_record
TN:
SF:/Users/niyaven/Documents/dev/ajast/api/services/protocols/oauth.js
FN:20,(anonymous_1)
FNF:1
FNH:0
FNDA:0,(anonymous_1)
DA:20,1
DA:21,0
DA:27,0
DA:28,0
DA:31,0
LF:5
LH:1
BRDA:27,1,0,0
BRDA:27,1,1,0
BRF:2
BRH:0
end_of_record
TN:
SF:/Users/niyaven/Documents/dev/ajast/api/services/protocols/oauth2.js
FN:21,(anonymous_1)
FNF:1
FNH:0
FNDA:0,(anonymous_1)
DA:21,1
DA:22,0
DA:28,0
DA:29,0
DA:32,0
LF:5
LH:1
BRDA:28,1,0,0
BRDA:28,1,1,0
BRF:2
BRH:0
end_of_record
TN:
SF:/Users/niyaven/Documents/dev/ajast/api/services/protocols/openid.js
FN:18,(anonymous_1)
FNF:1
FNH:0
FNDA:0,(anonymous_1)
DA:18,1
DA:19,0
DA:24,0
LF:3
LH:1
BRF:0
BRH:0
end_of_record
TN:
SF:/Users/niyaven/Documents/dev/ajast/api/models/Archetype.js
FNF:0
FNH:0
DA:8,1
LF:1
LH:1
BRF:0
BRH:0
end_of_record
TN:
SF:/Users/niyaven/Documents/dev/ajast/api/models/Character.js
FN:38,(anonymous_1)
FNF:1
FNH:1
FNDA:76,(anonymous_1)
DA:8,1
DA:39,76
DA:42,76
DA:43,19
DA:44,4
DA:47,76
DA:48,74
LF:7
LH:7
BRDA:43,1,0,15
BRDA:43,1,1,4
BRDA:47,2,0,2
BRDA:47,2,1,74
BRF:4
BRH:4
end_of_record
TN:
SF:/Users/niyaven/Documents/dev/ajast/api/models/Fight.js
FN:15,(anonymous_1)
FNF:1
FNH:1
FNDA:1,(anonymous_1)
DA:7,1
DA:9,1
DA:16,1
DA:17,1
LF:4
LH:4
BRF:0
BRH:0
end_of_record
TN:
SF:/Users/niyaven/Documents/dev/ajast/api/models/FreeCompany.js
FN:27,(anonymous_1)
FN:44,(anonymous_2)
FN:55,(anonymous_3)
FN:71,(anonymous_4)
FN:82,(anonymous_5)
FN:83,(anonymous_6)
FN:86,(anonymous_7)
FN:91,(anonymous_8)
FN:94,(anonymous_9)
FN:95,(anonymous_10)
FNF:10
FNH:8
FNDA:3,(anonymous_1)
FNDA:0,(anonymous_2)
FNDA:3,(anonymous_3)
FNDA:0,(anonymous_4)
FNDA:3,(anonymous_5)
FNDA:3,(anonymous_6)
FNDA:3,(anonymous_7)
FNDA:3,(anonymous_8)
FNDA:3,(anonymous_9)
FNDA:3,(anonymous_10)
DA:8,1
DA:28,3
DA:29,3
DA:30,3
DA:32,3
DA:33,2
DA:35,2
DA:36,2
DA:37,2
DA:40,2
DA:44,0
DA:45,0
DA:46,0
DA:47,0
DA:50,0
DA:56,3
DA:57,3
DA:59,2
DA:60,1
DA:62,1
DA:63,1
DA:64,1
DA:67,1
DA:71,0
DA:72,0
DA:73,0
DA:74,0
DA:77,0
DA:83,3
DA:84,3
DA:87,3
DA:92,3
DA:95,3
DA:96,3
DA:97,3
LF:35
LH:25
BRDA:32,1,0,1
BRDA:32,1,1,2
BRDA:33,2,0,2
BRDA:33,2,1,0
BRDA:36,3,0,2
BRDA:36,3,1,0
BRDA:36,4,0,2
BRDA:36,4,1,2
BRDA:46,5,0,0
BRDA:46,5,1,0
BRDA:46,6,0,0
BRDA:46,6,1,0
BRDA:57,7,0,2
BRDA:57,7,1,1
BRDA:60,8,0,1
BRDA:60,8,1,0
BRDA:63,9,0,1
BRDA:63,9,1,0
BRDA:73,10,0,0
BRDA:73,10,1,0
BRDA:96,11,0,0
BRDA:96,11,1,3
BRDA:96,12,0,3
BRDA:96,12,1,0
BRDA:97,13,0,2
BRDA:97,13,1,1
BRF:26
BRH:14
end_of_record
TN:
SF:/Users/niyaven/Documents/dev/ajast/api/models/God.js
FNF:0
FNH:0
DA:8,1
LF:1
LH:1
BRF:0
BRH:0
end_of_record
TN:
SF:/Users/niyaven/Documents/dev/ajast/api/models/Notification.js
FNF:0
FNH:0
DA:8,1
LF:1
LH:1
BRF:0
BRH:0
end_of_record
TN:
SF:/Users/niyaven/Documents/dev/ajast/api/models/Passport.js
FN:9,hashPassword
FN:11,(anonymous_2)
FN:80,(anonymous_3)
FN:92,(anonymous_4)
FN:102,(anonymous_5)
FNF:5
FNH:0
FNDA:0,hashPassword
FNDA:0,(anonymous_2)
FNDA:0,(anonymous_3)
FNDA:0,(anonymous_4)
FNDA:0,(anonymous_5)
DA:1,1
DA:9,1
DA:10,0
DA:11,0
DA:12,0
DA:13,0
DA:16,0
DA:34,1
DA:81,0
DA:93,0
DA:103,0
DA:107,1
LF:12
LH:4
BRDA:10,1,0,0
BRDA:10,1,1,0
BRF:2
BRH:0
end_of_record
TN:
SF:/Users/niyaven/Documents/dev/ajast/api/models/Race.js
FNF:0
FNH:0
DA:8,1
LF:1
LH:1
BRF:0
BRH:0
end_of_record
TN:
SF:/Users/niyaven/Documents/dev/ajast/api/models/Roll.js
FNF:0
FNH:0
DA:8,1
LF:1
LH:1
BRF:0
BRH:0
end_of_record
TN:
SF:/Users/niyaven/Documents/dev/ajast/api/models/Server.js
FNF:0
FNH:0
DA:8,1
LF:1
LH:1
BRF:0
BRH:0
end_of_record
TN:
SF:/Users/niyaven/Documents/dev/ajast/api/models/Town.js
FNF:0
FNH:0
DA:8,1
LF:1
LH:1
BRF:0
BRH:0
end_of_record
TN:
SF:/Users/niyaven/Documents/dev/ajast/api/models/User.js
FNF:0
FNH:0
DA:1,1
DA:12,1
LF:2
LH:2
BRF:0
BRH:0
end_of_record
TN:
SF:/Users/niyaven/Documents/dev/ajast/api/controllers/AuthController.js
FN:33,(anonymous_1)
FN:42,(anonymous_2)
FN:76,(anonymous_3)
FN:96,(anonymous_4)
FN:108,(anonymous_5)
FN:128,(anonymous_6)
FN:129,tryAgain
FN:160,(anonymous_8)
FN:165,(anonymous_9)
FN:183,(anonymous_10)
FNF:10
FNH:0
FNDA:0,(anonymous_1)
FNDA:0,(anonymous_2)
FNDA:0,(anonymous_3)
FNDA:0,(anonymous_4)
FNDA:0,(anonymous_5)
FNDA:0,(anonymous_6)
FNDA:0,tryAgain
FNDA:0,(anonymous_8)
FNDA:0,(anonymous_9)
FNDA:0,(anonymous_10)
DA:8,1
DA:34,0
DA:35,0
DA:36,0
DA:38,0
DA:42,0
DA:43,0
DA:44,0
DA:47,0
DA:54,0
DA:77,0
DA:78,0
DA:97,0
DA:109,0
DA:129,1
DA:134,0
DA:136,0
DA:137,0
DA:138,0
DA:139,0
DA:141,0
DA:146,0
DA:148,0
DA:150,0
DA:151,0
DA:153,0
DA:154,0
DA:156,0
DA:160,0
DA:161,0
DA:162,0
DA:165,0
DA:166,0
DA:167,0
DA:172,0
DA:184,0
DA:188,1
LF:37
LH:3
BRDA:34,1,0,0
BRDA:34,1,1,0
BRDA:43,2,0,0
BRDA:43,2,1,0
BRDA:136,3,0,0
BRDA:136,3,1,0
BRDA:136,4,0,0
BRDA:136,4,1,0
BRDA:138,5,0,0
BRDA:138,5,1,0
BRDA:148,6,0,0
BRDA:148,6,1,0
BRDA:148,6,2,0
BRDA:161,7,0,0
BRDA:161,7,1,0
BRDA:166,8,0,0
BRDA:166,8,1,0
BRF:17
BRH:0
end_of_record
TN:
SF:/Users/niyaven/Documents/dev/ajast/api/controllers/CharacterController.js
FN:9,(anonymous_1)
FN:12,(anonymous_2)
FN:15,(anonymous_3)
FN:21,(anonymous_4)
FN:23,(anonymous_5)
FN:24,(anonymous_6)
FN:28,(anonymous_7)
FN:31,(anonymous_8)
FN:48,(anonymous_9)
FN:52,(anonymous_10)
FN:54,(anonymous_11)
FN:58,(anonymous_12)
FN:62,(anonymous_13)
FN:74,(anonymous_14)
FN:76,(anonymous_15)
FN:78,(anonymous_16)
FN:82,(anonymous_17)
FN:85,(anonymous_18)
FN:88,(anonymous_19)
FN:91,(anonymous_20)
FN:94,(anonymous_21)
FN:125,(anonymous_22)
FN:127,(anonymous_23)
FN:129,(anonymous_24)
FN:133,(anonymous_25)
FN:137,(anonymous_26)
FN:140,(anonymous_27)
FN:143,(anonymous_28)
FN:146,(anonymous_29)
FN:149,(anonymous_30)
FN:182,(anonymous_31)
FN:185,(anonymous_32)
FN:198,(anonymous_33)
FN:202,(anonymous_34)
FN:207,(anonymous_35)
FN:216,(anonymous_36)
FN:217,(anonymous_37)
FN:220,(anonymous_38)
FNF:38
FNH:38
FNDA:2,(anonymous_1)
FNDA:2,(anonymous_2)
FNDA:2,(anonymous_3)
FNDA:1,(anonymous_4)
FNDA:1,(anonymous_5)
FNDA:1,(anonymous_6)
FNDA:1,(anonymous_7)
FNDA:1,(anonymous_8)
FNDA:2,(anonymous_9)
FNDA:2,(anonymous_10)
FNDA:2,(anonymous_11)
FNDA:2,(anonymous_12)
FNDA:2,(anonymous_13)
FNDA:1,(anonymous_14)
FNDA:1,(anonymous_15)
FNDA:1,(anonymous_16)
FNDA:1,(anonymous_17)
FNDA:1,(anonymous_18)
FNDA:1,(anonymous_19)
FNDA:1,(anonymous_20)
FNDA:1,(anonymous_21)
FNDA:3,(anonymous_22)
FNDA:3,(anonymous_23)
FNDA:3,(anonymous_24)
FNDA:3,(anonymous_25)
FNDA:3,(anonymous_26)
FNDA:3,(anonymous_27)
FNDA:3,(anonymous_28)
FNDA:3,(anonymous_29)
FNDA:3,(anonymous_30)
FNDA:5,(anonymous_31)
FNDA:5,(anonymous_32)
FNDA:5,(anonymous_33)
FNDA:3,(anonymous_34)
FNDA:1,(anonymous_35)
FNDA:1,(anonymous_36)
FNDA:1,(anonymous_37)
FNDA:1,(anonymous_38)
DA:8,1
DA:10,2
DA:12,2
DA:13,2
DA:16,2
DA:22,1
DA:24,1
DA:25,1
DA:29,1
DA:32,1
DA:33,1
DA:34,8
DA:35,1
DA:38,1
DA:49,2
DA:51,2
DA:54,2
DA:55,2
DA:59,2
DA:60,2
DA:63,2
DA:64,2
DA:65,1
DA:75,1
DA:78,1
DA:79,1
DA:83,1
DA:86,1
DA:89,1
DA:92,1
DA:95,1
DA:97,1
DA:98,1
DA:99,20
DA:100,3
DA:103,1
DA:104,1
DA:105,8
DA:106,1
DA:110,1
DA:126,3
DA:129,3
DA:130,3
DA:134,3
DA:135,3
DA:138,3
DA:141,3
DA:144,3
DA:147,3
DA:150,3
DA:151,3
DA:152,2
DA:154,1
DA:155,1
DA:156,23
DA:157,4
DA:161,1
DA:162,8
DA:163,1
DA:166,1
DA:183,5
DA:185,5
DA:186,5
DA:187,5
DA:188,1
DA:190,5
DA:192,5
DA:199,5
DA:200,5
DA:201,4
DA:202,3
DA:203,3
DA:204,1
DA:207,1
DA:208,1
DA:209,1
DA:217,1
DA:218,1
DA:220,1
DA:221,1
LF:80
LH:80
BRDA:34,1,0,1
BRDA:34,1,1,7
BRDA:49,2,0,0
BRDA:49,2,1,2
BRDA:63,3,0,0
BRDA:63,3,1,2
BRDA:64,4,0,1
BRDA:64,4,1,1
BRDA:95,5,0,0
BRDA:95,5,1,1
BRDA:99,6,0,3
BRDA:99,6,1,17
BRDA:105,7,0,1
BRDA:105,7,1,7
BRDA:150,8,0,0
BRDA:150,8,1,3
BRDA:151,9,0,1
BRDA:151,9,1,2
BRDA:152,10,0,1
BRDA:152,10,1,1
BRDA:152,11,0,2
BRDA:152,11,1,1
BRDA:156,12,0,4
BRDA:156,12,1,19
BRDA:162,13,0,1
BRDA:162,13,1,7
BRDA:186,14,0,0
BRDA:186,14,1,5
BRDA:187,15,0,4
BRDA:187,15,1,1
BRDA:187,16,0,5
BRDA:187,16,1,1
BRDA:188,17,0,0
BRDA:188,17,1,1
BRDA:199,18,0,0
BRDA:199,18,1,5
BRDA:200,19,0,1
BRDA:200,19,1,4
BRDA:201,20,0,3
BRDA:201,20,1,1
BRDA:203,21,0,2
BRDA:203,21,1,1
BRDA:208,22,0,0
BRDA:208,22,1,1
BRDA:218,23,0,0
BRDA:218,23,1,1
BRF:46
BRH:37
end_of_record
TN:
SF:/Users/niyaven/Documents/dev/ajast/api/controllers/FightController.js
FN:12,(anonymous_1)
FN:15,(anonymous_2)
FN:16,(anonymous_3)
FN:20,(anonymous_4)
FN:22,(anonymous_5)
FN:30,(anonymous_6)
FN:41,(anonymous_7)
FN:65,(anonymous_8)
FN:70,(anonymous_9)
FN:73,(anonymous_10)
FN:75,(anonymous_11)
FN:76,(anonymous_12)
FN:82,(anonymous_13)
FN:84,(anonymous_14)
FN:89,(anonymous_15)
FN:112,(anonymous_16)
FN:120,(anonymous_17)
FN:138,(anonymous_18)
FN:146,(anonymous_19)
FN:155,(anonymous_20)
FN:179,(anonymous_21)
FN:186,(anonymous_22)
FN:193,(anonymous_23)
FN:198,(anonymous_24)
FN:205,(anonymous_25)
FN:209,(anonymous_26)
FN:216,(anonymous_27)
FN:221,(anonymous_28)
FN:228,(anonymous_29)
FN:230,(anonymous_30)
FN:238,(anonymous_31)
FN:275,(anonymous_32)
FN:304,(anonymous_33)
FN:312,(anonymous_34)
FN:323,(anonymous_35)
FN:325,(anonymous_36)
FN:329,(anonymous_37)
FNF:37
FNH:37
FNDA:1,(anonymous_1)
FNDA:1,(anonymous_2)
FNDA:1,(anonymous_3)
FNDA:1,(anonymous_4)
FNDA:1,(anonymous_5)
FNDA:1,(anonymous_6)
FNDA:1,(anonymous_7)
FNDA:1,(anonymous_8)
FNDA:3,(anonymous_9)
FNDA:3,(anonymous_10)
FNDA:3,(anonymous_11)
FNDA:3,(anonymous_12)
FNDA:3,(anonymous_13)
FNDA:3,(anonymous_14)
FNDA:3,(anonymous_15)
FNDA:6,(anonymous_16)
FNDA:5,(anonymous_17)
FNDA:2,(anonymous_18)
FNDA:6,(anonymous_19)
FNDA:5,(anonymous_20)
FNDA:2,(anonymous_21)
FNDA:3,(anonymous_22)
FNDA:2,(anonymous_23)
FNDA:1,(anonymous_24)
FNDA:3,(anonymous_25)
FNDA:3,(anonymous_26)
FNDA:1,(anonymous_27)
FNDA:1,(anonymous_28)
FNDA:2,(anonymous_29)
FNDA:2,(anonymous_30)
FNDA:2,(anonymous_31)
FNDA:6,(anonymous_32)
FNDA:6,(anonymous_33)
FNDA:2,(anonymous_34)
FNDA:3,(anonymous_35)
FNDA:6,(anonymous_36)
FNDA:3,(anonymous_37)
DA:8,1
DA:10,1
DA:13,1
DA:16,1
DA:17,1
DA:21,1
DA:22,1
DA:23,1
DA:26,0
DA:31,1
DA:42,1
DA:65,1
DA:66,1
DA:72,3
DA:75,3
DA:76,3
DA:77,3
DA:78,3
DA:83,3
DA:84,3
DA:85,3
DA:86,3
DA:90,3
DA:91,3
DA:92,2
DA:93,1
DA:101,1
DA:113,6
DA:116,6
DA:117,1
DA:120,5
DA:121,5
DA:122,1
DA:123,4
DA:124,1
DA:125,3
DA:126,1
DA:129,2
DA:130,1
DA:131,1
DA:135,2
DA:136,2
DA:138,2
DA:139,2
DA:140,2
DA:147,6
DA:151,6
DA:152,1
DA:155,5
DA:156,5
DA:157,1
DA:158,4
DA:159,1
DA:160,3
DA:161,1
DA:165,2
DA:166,2
DA:167,2
DA:168,2
DA:169,2
DA:170,2
DA:171,2
DA:174,2
DA:175,2
DA:176,1
DA:179,2
DA:180,2
DA:181,2
DA:187,3
DA:191,3
DA:193,2
DA:194,2
DA:195,1
DA:198,1
DA:199,1
DA:200,1
DA:206,3
DA:209,3
DA:210,3
DA:211,1
DA:212,1
DA:215,2
DA:216,1
DA:217,1
DA:218,1
DA:221,1
DA:222,1
DA:229,2
DA:230,2
DA:231,2
DA:232,2
DA:233,1
DA:234,1
DA:239,2
DA:241,2
DA:244,2
DA:245,0
DA:246,2
DA:247,0
DA:248,2
DA:249,0
DA:250,2
DA:251,0
DA:252,0
DA:253,2
DA:254,2
DA:255,2
DA:258,2
DA:259,0
DA:260,0
DA:261,2
DA:262,2
DA:263,2
DA:264,0
DA:265,0
DA:266,0
DA:269,2
DA:270,2
DA:272,2
DA:276,6
DA:279,6
DA:284,6
DA:285,6
DA:286,6
DA:289,6
DA:290,6
DA:291,6
DA:292,6
DA:293,6
DA:294,6
DA:295,6
DA:296,6
DA:297,6
DA:298,6
DA:299,6
DA:300,6
DA:301,6
DA:302,6
DA:304,6
DA:305,6
DA:308,6
DA:309,6
DA:313,2
DA:315,2
DA:316,14
DA:317,12
DA:320,2
DA:324,3
DA:326,6
DA:327,6
DA:329,3
DA:332,3
DA:333,3
DA:334,15
DA:335,30
DA:336,30
DA:342,3
DA:344,2
DA:345,1
DA:346,1
DA:347,2
DA:349,1
DA:350,1
DA:351,3
DA:352,3
DA:355,1
DA:357,2
LF:167
LH:156
BRDA:21,1,0,1
BRDA:21,1,1,0
BRDA:77,2,0,0
BRDA:77,2,1,3
BRDA:85,3,0,0
BRDA:85,3,1,3
BRDA:90,4,0,0
BRDA:90,4,1,3
BRDA:91,5,0,1
BRDA:91,5,1,2
BRDA:91,6,0,3
BRDA:91,6,1,2
BRDA:92,7,0,1
BRDA:92,7,1,1
BRDA:92,8,0,2
BRDA:92,8,1,2
BRDA:116,9,0,1
BRDA:116,9,1,5
BRDA:121,10,0,1
BRDA:121,10,1,4
BRDA:123,11,0,1
BRDA:123,11,1,3
BRDA:125,12,0,1
BRDA:125,12,1,2
BRDA:129,13,0,1
BRDA:129,13,1,1
BRDA:151,14,0,1
BRDA:151,14,1,5
BRDA:151,15,0,6
BRDA:151,15,1,5
BRDA:156,16,0,1
BRDA:156,16,1,4
BRDA:158,17,0,1
BRDA:158,17,1,3
BRDA:160,18,0,1
BRDA:160,18,1,2
BRDA:175,19,0,1
BRDA:175,19,1,1
BRDA:191,20,0,1
BRDA:191,20,1,2
BRDA:191,21,0,3
BRDA:191,21,1,2
BRDA:194,22,0,1
BRDA:194,22,1,1
BRDA:210,23,0,1
BRDA:210,23,1,2
BRDA:215,24,0,1
BRDA:215,24,1,1
BRDA:231,25,0,0
BRDA:231,25,1,2
BRDA:232,26,0,1
BRDA:232,26,1,1
BRDA:233,27,0,1
BRDA:233,27,1,0
BRDA:239,28,0,0
BRDA:239,28,1,2
BRDA:239,29,0,2
BRDA:239,29,1,2
BRDA:239,29,2,2
BRDA:244,30,0,0
BRDA:244,30,1,2
BRDA:246,31,0,0
BRDA:246,31,1,2
BRDA:248,32,0,0
BRDA:248,32,1,2
BRDA:250,33,0,0
BRDA:250,33,1,2
BRDA:253,34,0,2
BRDA:253,34,1,0
BRDA:258,35,0,0
BRDA:258,35,1,2
BRDA:261,36,0,2
BRDA:261,36,1,0
BRDA:264,37,0,0
BRDA:264,37,1,0
BRDA:269,38,0,0
BRDA:269,38,1,2
BRDA:270,39,0,2
BRDA:270,39,1,0
BRDA:276,40,0,0
BRDA:276,40,1,6
BRDA:290,41,0,0
BRDA:290,41,1,6
BRDA:291,42,0,0
BRDA:291,42,1,6
BRDA:292,43,0,0
BRDA:292,43,1,6
BRDA:293,44,0,0
BRDA:293,44,1,6
BRDA:294,45,0,0
BRDA:294,45,1,6
BRDA:295,46,0,0
BRDA:295,46,1,6
BRDA:296,47,0,0
BRDA:296,47,1,6
BRDA:297,48,0,0
BRDA:297,48,1,6
BRDA:298,49,0,0
BRDA:298,49,1,6
BRDA:299,50,0,0
BRDA:299,50,1,6
BRDA:300,51,0,0
BRDA:300,51,1,6
BRDA:301,52,0,0
BRDA:301,52,1,6
BRDA:302,53,0,0
BRDA:302,53,1,6
BRDA:304,54,0,6
BRDA:304,54,1,1
BRDA:308,55,0,0
BRDA:308,55,1,6
BRDA:316,56,0,2
BRDA:316,56,1,12
BRDA:335,57,0,30
BRDA:335,57,1,0
BRDA:342,58,0,1
BRDA:342,58,1,2
BRDA:344,59,0,1
BRDA:344,59,1,1
BRDA:351,60,0,3
BRDA:351,60,1,0
BRDA:351,61,0,3
BRDA:351,61,1,3
BRF:123
BRH:88
end_of_record
TN:
SF:/Users/niyaven/Documents/dev/ajast/api/controllers/FreeCompanyController.js
FN:10,(anonymous_1)
FN:15,(anonymous_2)
FN:17,(anonymous_3)
FN:26,(anonymous_4)
FN:29,(anonymous_5)
FN:50,(anonymous_6)
FN:53,(anonymous_7)
FN:64,(anonymous_8)
FN:66,(anonymous_9)
FN:67,(anonymous_10)
FN:72,(anonymous_11)
FN:92,(anonymous_12)
FN:94,(anonymous_13)
FN:96,(anonymous_14)
FN:101,(anonymous_15)
FN:102,(anonymous_16)
FN:107,(anonymous_17)
FN:130,(anonymous_18)
FN:134,(anonymous_19)
FN:142,(anonymous_20)
FN:146,(anonymous_21)
FN:151,(anonymous_22)
FN:162,(anonymous_23)
FN:170,(anonymous_24)
FN:175,(anonymous_25)
FN:185,(anonymous_26)
FN:186,(anonymous_27)
FN:191,(anonymous_28)
FN:192,(anonymous_29)
FN:197,(anonymous_30)
FN:206,(anonymous_31)
FN:211,(anonymous_32)
FN:222,(anonymous_33)
FN:223,(anonymous_34)
FN:235,(anonymous_35)
FN:239,(anonymous_36)
FN:242,(anonymous_37)
FN:245,(anonymous_38)
FNF:38
FNH:37
FNDA:0,(anonymous_1)
FNDA:1,(anonymous_2)
FNDA:1,(anonymous_3)
FNDA:1,(anonymous_4)
FNDA:1,(anonymous_5)
FNDA:2,(anonymous_6)
FNDA:2,(anonymous_7)
FNDA:1,(anonymous_8)
FNDA:1,(anonymous_9)
FNDA:1,(anonymous_10)
FNDA:1,(anonymous_11)
FNDA:3,(anonymous_12)
FNDA:3,(anonymous_13)
FNDA:3,(anonymous_14)
FNDA:3,(anonymous_15)
FNDA:3,(anonymous_16)
FNDA:3,(anonymous_17)
FNDA:4,(anonymous_18)
FNDA:4,(anonymous_19)
FNDA:4,(anonymous_20)
FNDA:2,(anonymous_21)
FNDA:1,(anonymous_22)
FNDA:17,(anonymous_23)
FNDA:16,(anonymous_24)
FNDA:14,(anonymous_25)
FNDA:11,(anonymous_26)
FNDA:11,(anonymous_27)
FNDA:11,(anonymous_28)
FNDA:11,(anonymous_29)
FNDA:11,(anonymous_30)
FNDA:11,(anonymous_31)
FNDA:11,(anonymous_32)
FNDA:3,(anonymous_33)
FNDA:3,(anonymous_34)
FNDA:1,(anonymous_35)
FNDA:1,(anonymous_36)
FNDA:1,(anonymous_37)
FNDA:1,(anonymous_38)
DA:8,1
DA:12,0
DA:16,1
DA:18,1
DA:27,1
DA:30,1
DA:32,1
DA:33,1
DA:34,8
DA:35,1
DA:39,1
DA:51,2
DA:53,2
DA:54,2
DA:55,2
DA:56,1
DA:65,1
DA:67,1
DA:68,1
DA:69,1
DA:73,1
DA:75,1
DA:76,1
DA:77,8
DA:78,1
DA:82,1
DA:93,3
DA:95,3
DA:96,3
DA:97,3
DA:98,3
DA:102,3
DA:103,3
DA:104,3
DA:108,3
DA:109,3
DA:110,2
DA:112,1
DA:113,1
DA:114,8
DA:115,1
DA:119,1
DA:131,4
DA:132,4
DA:134,4
DA:135,4
DA:136,4
DA:138,4
DA:143,4
DA:144,4
DA:145,3
DA:146,2
DA:147,2
DA:148,1
DA:151,1
DA:152,1
DA:153,1
DA:154,1
DA:163,17
DA:167,17
DA:168,16
DA:170,16
DA:171,16
DA:172,16
DA:173,15
DA:175,14
DA:176,14
DA:177,14
DA:178,13
DA:179,12
DA:181,11
DA:182,9
DA:184,11
DA:186,11
DA:187,11
DA:188,11
DA:192,11
DA:193,11
DA:194,11
DA:198,11
DA:206,11
DA:207,11
DA:208,11
DA:212,11
DA:213,0
DA:214,0
DA:216,11
DA:223,3
DA:224,3
DA:225,3
DA:226,1
DA:227,1
DA:229,2
DA:230,1
DA:231,1
DA:234,1
DA:236,1
DA:237,1
DA:240,1
DA:243,1
DA:246,1
DA:247,1
LF:102
LH:99
BRDA:30,1,0,0
BRDA:30,1,1,1
BRDA:34,2,0,1
BRDA:34,2,1,7
BRDA:51,3,0,0
BRDA:51,3,1,2
BRDA:54,4,0,0
BRDA:54,4,1,2
BRDA:55,5,0,1
BRDA:55,5,1,1
BRDA:68,6,0,0
BRDA:68,6,1,1
BRDA:73,7,0,0
BRDA:73,7,1,1
BRDA:77,8,0,1
BRDA:77,8,1,7
BRDA:97,9,0,0
BRDA:97,9,1,3
BRDA:103,10,0,0
BRDA:103,10,1,3
BRDA:108,11,0,0
BRDA:108,11,1,3
BRDA:109,12,0,1
BRDA:109,12,1,2
BRDA:110,13,0,1
BRDA:110,13,1,1
BRDA:110,14,0,2
BRDA:110,14,1,2
BRDA:114,15,0,1
BRDA:114,15,1,7
BRDA:132,16,0,0
BRDA:132,16,1,4
BRDA:135,17,0,0
BRDA:135,17,1,4
BRDA:136,18,0,0
BRDA:136,18,1,4
BRDA:136,19,0,4
BRDA:136,19,1,1
BRDA:136,19,2,1
BRDA:143,20,0,0
BRDA:143,20,1,4
BRDA:144,21,0,1
BRDA:144,21,1,3
BRDA:145,22,0,2
BRDA:145,22,1,1
BRDA:147,23,0,1
BRDA:147,23,1,1
BRDA:152,24,0,0
BRDA:152,24,1,1
BRDA:167,25,0,1
BRDA:167,25,1,16
BRDA:168,26,0,0
BRDA:168,26,1,16
BRDA:168,27,0,16
BRDA:168,27,1,16
BRDA:171,28,0,0
BRDA:171,28,1,16
BRDA:172,29,0,1
BRDA:172,29,1,15
BRDA:173,30,0,1
BRDA:173,30,1,14
BRDA:173,31,0,15
BRDA:173,31,1,15
BRDA:176,32,0,0
BRDA:176,32,1,14
BRDA:177,33,0,1
BRDA:177,33,1,13
BRDA:178,34,0,1
BRDA:178,34,1,12
BRDA:179,35,0,1
BRDA:179,35,1,11
BRDA:179,36,0,12
BRDA:179,36,1,12
BRDA:181,37,0,2
BRDA:181,37,1,9
BRDA:187,38,0,0
BRDA:187,38,1,11
BRDA:193,39,0,0
BRDA:193,39,1,11
BRDA:207,40,0,0
BRDA:207,40,1,11
BRDA:212,41,0,0
BRDA:212,41,1,11
BRDA:224,42,0,0
BRDA:224,42,1,3
BRDA:225,43,0,1
BRDA:225,43,1,2
BRDA:229,44,0,1
BRDA:229,44,1,1
BRDA:229,45,0,2
BRDA:229,45,1,2
BRDA:246,46,0,0
BRDA:246,46,1,1
BRF:93
BRH:71
end_of_record
TN:
SF:/Users/niyaven/Documents/dev/ajast/api/controllers/NotificationController.js
FN:10,(anonymous_1)
FN:13,(anonymous_2)
FN:19,(anonymous_3)
FN:23,(anonymous_4)
FN:32,(anonymous_5)
FN:36,(anonymous_6)
FN:45,(anonymous_7)
FN:50,(anonymous_8)
FN:53,(anonymous_9)
FN:56,(anonymous_10)
FN:59,(anonymous_11)
FN:65,(anonymous_12)
FN:69,(anonymous_13)
FN:79,(anonymous_14)
FN:82,(anonymous_15)
FN:85,(anonymous_16)
FN:88,(anonymous_17)
FNF:17
FNH:17
FNDA:11,(anonymous_1)
FNDA:11,(anonymous_2)
FNDA:4,(anonymous_3)
FNDA:4,(anonymous_4)
FNDA:4,(anonymous_5)
FNDA:4,(anonymous_6)
FNDA:2,(anonymous_7)
FNDA:2,(anonymous_8)
FNDA:2,(anonymous_9)
FNDA:2,(anonymous_10)
FNDA:2,(anonymous_11)
FNDA:2,(anonymous_12)
FNDA:2,(anonymous_13)
FNDA:2,(anonymous_14)
FNDA:2,(anonymous_15)
FNDA:2,(anonymous_16)
FNDA:2,(anonymous_17)
DA:8,1
DA:11,11
DA:13,11
DA:14,11
DA:15,11
DA:20,4
DA:21,4
DA:23,4
DA:24,4
DA:25,4
DA:26,3
DA:28,2
DA:33,4
DA:34,4
DA:36,4
DA:37,4
DA:38,4
DA:39,3
DA:41,2
DA:46,2
DA:49,2
DA:51,2
DA:54,2
DA:57,2
DA:60,2
DA:61,2
DA:66,2
DA:69,2
DA:70,2
DA:72,2
DA:75,2
DA:76,2
DA:78,2
DA:80,2
DA:83,2
DA:86,2
DA:89,2
DA:90,2
LF:38
LH:38
BRDA:11,1,0,0
BRDA:11,1,1,11
BRDA:14,2,0,0
BRDA:14,2,1,11
BRDA:20,3,0,0
BRDA:20,3,1,4
BRDA:24,4,0,0
BRDA:24,4,1,4
BRDA:25,5,0,1
BRDA:25,5,1,3
BRDA:26,6,0,1
BRDA:26,6,1,2
BRDA:28,7,0,2
BRDA:28,7,1,0
BRDA:33,8,0,0
BRDA:33,8,1,4
BRDA:37,9,0,0
BRDA:37,9,1,4
BRDA:38,10,0,1
BRDA:38,10,1,3
BRDA:39,11,0,1
BRDA:39,11,1,2
BRDA:41,12,0,2
BRDA:41,12,1,0
BRDA:60,13,0,0
BRDA:60,13,1,2
BRDA:70,14,0,0
BRDA:70,14,1,2
BRDA:75,15,0,1
BRDA:75,15,1,1
BRDA:76,16,0,1
BRDA:76,16,1,1
BRDA:89,17,0,0
BRDA:89,17,1,2
BRF:34
BRH:23
end_of_record
TN:
SF:/Users/niyaven/Documents/dev/ajast/api/controllers/PageController.js
FN:12,(anonymous_1)
FN:19,(anonymous_2)
FN:30,(anonymous_3)
FN:33,(anonymous_4)
FN:36,(anonymous_5)
FN:53,(anonymous_6)
FNF:6
FNH:6
FNDA:1,(anonymous_1)
FNDA:1,(anonymous_2)
FNDA:1,(anonymous_3)
FNDA:1,(anonymous_4)
FNDA:1,(anonymous_5)
FNDA:1,(anonymous_6)
DA:8,1
DA:10,1
DA:13,1
DA:20,1
DA:21,1
DA:22,1
DA:23,1
DA:24,1
DA:25,1
DA:26,1
DA:27,1
DA:29,1
DA:31,1
DA:34,1
DA:37,1
DA:39,1
DA:40,1
DA:43,1
DA:44,1
DA:47,1
DA:48,1
DA:49,1
DA:54,1
DA:55,1
DA:56,1
LF:25
LH:25
BRDA:37,1,0,0
BRDA:37,1,1,1
BRF:2
BRH:1
end_of_record
TN:
SF:/Users/niyaven/Documents/dev/ajast/api/controllers/RollController.js
FN:10,(anonymous_1)
FN:17,(anonymous_2)
FN:18,(anonymous_3)
FN:25,(anonymous_4)
FN:30,(anonymous_5)
FNF:5
FNH:5
FNDA:1,(anonymous_1)
FNDA:2,(anonymous_2)
FNDA:2,(anonymous_3)
FNDA:1,(anonymous_4)
FNDA:1,(anonymous_5)
DA:8,1
DA:11,1
DA:18,2
DA:19,2
DA:20,2
DA:21,2
DA:26,1
DA:30,1
DA:31,1
DA:32,1
DA:33,1
LF:11
LH:11
BRDA:19,1,0,0
BRDA:19,1,1,2
BRDA:20,2,0,2
BRDA:20,2,1,0
BRDA:31,3,0,0
BRDA:31,3,1,1
BRF:6
BRH:3
end_of_record
TN:
SF:/Users/niyaven/Documents/dev/ajast/api/controllers/UploadController.js
FN:11,(anonymous_1)
FN:16,(anonymous_2)
FN:21,(anonymous_3)
FN:22,(anonymous_4)
FNF:4
FNH:0
FNDA:0,(anonymous_1)
FNDA:0,(anonymous_2)
FNDA:0,(anonymous_3)
FNDA:0,(anonymous_4)
DA:7,1
DA:10,1
DA:12,0
DA:13,0
DA:17,0
DA:18,0
DA:22,0
DA:23,0
DA:24,0
LF:9
LH:2
BRDA:23,1,0,0
BRDA:23,1,1,0
BRF:2
BRH:0
end_of_record
TN:
SF:/Users/niyaven/Documents/dev/ajast/api/policies/passport.js
FN:24,(anonymous_1)
FN:26,(anonymous_2)
FN:28,(anonymous_3)
FNF:3
FNH:3
FNDA:97,(anonymous_1)
FNDA:97,(anonymous_2)
FNDA:97,(anonymous_3)
DA:24,1
DA:26,97
DA:28,97
DA:29,97
DA:30,97
DA:31,97
DA:32,97
DA:35,0
DA:37,0
LF:9
LH:7
BRDA:29,1,0,97
BRDA:29,1,1,0
BRF:2
BRH:1
end_of_record
TN:
SF:/Users/niyaven/Documents/dev/ajast/api/policies/sessionAuth.js
FN:10,(anonymous_1)
FNF:1
FNH:1
FNDA:59,(anonymous_1)
DA:10,1
DA:14,59
DA:15,59
DA:20,0
LF:4
LH:3
BRDA:14,1,0,59
BRDA:14,1,1,0
BRF:2
BRH:1
end_of_record
